{"/app/src/components/AnalyticsDashboard.tsx": {"path":"/app/src/components/AnalyticsDashboard.tsx","statementMap":{"0":{"start":{"line":31,"column":46},"end":{"line":50,"column":1}},"1":{"start":{"line":32,"column":2},"end":{"line":49,"column":9}},"2":{"start":{"line":57,"column":50},"end":{"line":73,"column":1}},"3":{"start":{"line":58,"column":2},"end":{"line":72,"column":9}},"4":{"start":{"line":75,"column":44},"end":{"line":441,"column":1}},"5":{"start":{"line":76,"column":36},"end":{"line":76,"column":64}},"6":{"start":{"line":77,"column":42},"end":{"line":77,"column":77}},"7":{"start":{"line":78,"column":36},"end":{"line":78,"column":77}},"8":{"start":{"line":79,"column":46},"end":{"line":79,"column":65}},"9":{"start":{"line":80,"column":48},"end":{"line":80,"column":67}},"10":{"start":{"line":81,"column":32},"end":{"line":81,"column":46}},"11":{"start":{"line":82,"column":38},"end":{"line":82,"column":53}},"12":{"start":{"line":84,"column":2},"end":{"line":86,"column":18}},"13":{"start":{"line":85,"column":4},"end":{"line":85,"column":20}},"14":{"start":{"line":88,"column":24},"end":{"line":135,"column":3}},"15":{"start":{"line":89,"column":4},"end":{"line":134,"column":5}},"16":{"start":{"line":90,"column":6},"end":{"line":90,"column":23}},"17":{"start":{"line":93,"column":20},"end":{"line":93,"column":61}},"18":{"start":{"line":94,"column":6},"end":{"line":94,"column":29}},"19":{"start":{"line":98,"column":18},"end":{"line":98,"column":28}},"20":{"start":{"line":100,"column":6},"end":{"line":116,"column":7}},"21":{"start":{"line":102,"column":10},"end":{"line":102,"column":81}},"22":{"start":{"line":103,"column":10},"end":{"line":103,"column":91}},"23":{"start":{"line":104,"column":10},"end":{"line":104,"column":16}},"24":{"start":{"line":106,"column":10},"end":{"line":106,"column":72}},"25":{"start":{"line":107,"column":10},"end":{"line":107,"column":24}},"26":{"start":{"line":108,"column":10},"end":{"line":108,"column":16}},"27":{"start":{"line":110,"column":10},"end":{"line":110,"column":69}},"28":{"start":{"line":111,"column":10},"end":{"line":111,"column":24}},"29":{"start":{"line":112,"column":10},"end":{"line":112,"column":16}},"30":{"start":{"line":114,"column":10},"end":{"line":114,"column":73}},"31":{"start":{"line":115,"column":10},"end":{"line":115,"column":24}},"32":{"start":{"line":118,"column":28},"end":{"line":118,"column":92}},"33":{"start":{"line":119,"column":6},"end":{"line":119,"column":34}},"34":{"start":{"line":122,"column":23},"end":{"line":122,"column":73}},"35":{"start":{"line":123,"column":6},"end":{"line":123,"column":34}},"36":{"start":{"line":125,"column":24},"end":{"line":125,"column":76}},"37":{"start":{"line":126,"column":6},"end":{"line":126,"column":36}},"38":{"start":{"line":129,"column":6},"end":{"line":129,"column":56}},"39":{"start":{"line":130,"column":6},"end":{"line":130,"column":60}},"40":{"start":{"line":132,"column":6},"end":{"line":132,"column":24}},"41":{"start":{"line":133,"column":6},"end":{"line":133,"column":27}},"42":{"start":{"line":137,"column":24},"end":{"line":140,"column":3}},"43":{"start":{"line":138,"column":4},"end":{"line":138,"column":24}},"44":{"start":{"line":139,"column":4},"end":{"line":139,"column":20}},"45":{"start":{"line":142,"column":26},"end":{"line":158,"column":3}},"46":{"start":{"line":143,"column":4},"end":{"line":143,"column":27}},"47":{"start":{"line":143,"column":20},"end":{"line":143,"column":27}},"48":{"start":{"line":145,"column":4},"end":{"line":157,"column":5}},"49":{"start":{"line":146,"column":22},"end":{"line":149,"column":7}},"50":{"start":{"line":151,"column":6},"end":{"line":154,"column":9}},"51":{"start":{"line":156,"column":6},"end":{"line":156,"column":69}},"52":{"start":{"line":160,"column":25},"end":{"line":162,"column":3}},"53":{"start":{"line":161,"column":4},"end":{"line":161,"column":35}},"54":{"start":{"line":164,"column":28},"end":{"line":171,"column":3}},"55":{"start":{"line":165,"column":4},"end":{"line":170,"column":5}},"56":{"start":{"line":166,"column":20},"end":{"line":166,"column":49}},"57":{"start":{"line":167,"column":19},"end":{"line":167,"column":40}},"58":{"start":{"line":168,"column":20},"end":{"line":168,"column":40}},"59":{"start":{"line":169,"column":15},"end":{"line":169,"column":34}},"60":{"start":{"line":173,"column":2},"end":{"line":179,"column":3}},"61":{"start":{"line":174,"column":4},"end":{"line":178,"column":6}},"62":{"start":{"line":181,"column":2},"end":{"line":440,"column":4}},"63":{"start":{"line":199,"column":10},"end":{"line":213,"column":29}},"64":{"start":{"line":205,"column":27},"end":{"line":205,"column":46}},"65":{"start":{"line":292,"column":16},"end":{"line":314,"column":23}},"66":{"start":{"line":325,"column":18},"end":{"line":329,"column":20}},"67":{"start":{"line":344,"column":59},"end":{"line":348,"column":17}},"68":{"start":{"line":424,"column":18},"end":{"line":432,"column":20}},"69":{"start":{"line":443,"column":15},"end":{"line":710,"column":2}}},"fnMap":{"0":{"name":"(anonymous_0)","decl":{"start":{"line":31,"column":46},"end":{"line":31,"column":47}},"loc":{"start":{"line":32,"column":2},"end":{"line":49,"column":9}},"line":32},"1":{"name":"(anonymous_1)","decl":{"start":{"line":57,"column":50},"end":{"line":57,"column":51}},"loc":{"start":{"line":58,"column":2},"end":{"line":72,"column":9}},"line":58},"2":{"name":"(anonymous_2)","decl":{"start":{"line":75,"column":44},"end":{"line":75,"column":45}},"loc":{"start":{"line":75,"column":50},"end":{"line":441,"column":1}},"line":75},"3":{"name":"(anonymous_3)","decl":{"start":{"line":84,"column":12},"end":{"line":84,"column":13}},"loc":{"start":{"line":84,"column":18},"end":{"line":86,"column":3}},"line":84},"4":{"name":"(anonymous_4)","decl":{"start":{"line":88,"column":24},"end":{"line":88,"column":25}},"loc":{"start":{"line":88,"column":36},"end":{"line":135,"column":3}},"line":88},"5":{"name":"(anonymous_5)","decl":{"start":{"line":137,"column":24},"end":{"line":137,"column":25}},"loc":{"start":{"line":137,"column":30},"end":{"line":140,"column":3}},"line":137},"6":{"name":"(anonymous_6)","decl":{"start":{"line":142,"column":26},"end":{"line":142,"column":27}},"loc":{"start":{"line":142,"column":38},"end":{"line":158,"column":3}},"line":142},"7":{"name":"(anonymous_7)","decl":{"start":{"line":160,"column":25},"end":{"line":160,"column":26}},"loc":{"start":{"line":160,"column":53},"end":{"line":162,"column":3}},"line":160},"8":{"name":"(anonymous_8)","decl":{"start":{"line":164,"column":28},"end":{"line":164,"column":29}},"loc":{"start":{"line":164,"column":42},"end":{"line":171,"column":3}},"line":164},"9":{"name":"(anonymous_9)","decl":{"start":{"line":198,"column":57},"end":{"line":198,"column":58}},"loc":{"start":{"line":199,"column":10},"end":{"line":213,"column":29}},"line":199},"10":{"name":"(anonymous_10)","decl":{"start":{"line":205,"column":21},"end":{"line":205,"column":22}},"loc":{"start":{"line":205,"column":27},"end":{"line":205,"column":46}},"line":205},"11":{"name":"(anonymous_11)","decl":{"start":{"line":291,"column":68},"end":{"line":291,"column":69}},"loc":{"start":{"line":292,"column":16},"end":{"line":314,"column":23}},"line":292},"12":{"name":"(anonymous_12)","decl":{"start":{"line":324,"column":55},"end":{"line":324,"column":56}},"loc":{"start":{"line":325,"column":18},"end":{"line":329,"column":20}},"line":325},"13":{"name":"(anonymous_13)","decl":{"start":{"line":344,"column":51},"end":{"line":344,"column":52}},"loc":{"start":{"line":344,"column":59},"end":{"line":348,"column":17}},"line":344},"14":{"name":"(anonymous_14)","decl":{"start":{"line":423,"column":36},"end":{"line":423,"column":37}},"loc":{"start":{"line":423,"column":46},"end":{"line":433,"column":17}},"line":423}},"branchMap":{"0":{"loc":{"start":{"line":38,"column":5},"end":{"line":38,"column":70}},"type":"binary-expr","locations":[{"start":{"line":38,"column":5},"end":{"line":38,"column":13}},{"start":{"line":38,"column":17},"end":{"line":38,"column":70}}],"line":38},"1":{"loc":{"start":{"line":39,"column":5},"end":{"line":48,"column":5}},"type":"binary-expr","locations":[{"start":{"line":39,"column":5},"end":{"line":39,"column":25}},{"start":{"line":40,"column":6},"end":{"line":47,"column":13}}],"line":39},"2":{"loc":{"start":{"line":43,"column":10},"end":{"line":43,"column":69}},"type":"cond-expr","locations":[{"start":{"line":43,"column":24},"end":{"line":43,"column":45}},{"start":{"line":43,"column":48},"end":{"line":43,"column":69}}],"line":43},"3":{"loc":{"start":{"line":45,"column":11},"end":{"line":45,"column":36}},"type":"cond-expr","locations":[{"start":{"line":45,"column":25},"end":{"line":45,"column":29}},{"start":{"line":45,"column":32},"end":{"line":45,"column":36}}],"line":45},"4":{"loc":{"start":{"line":100,"column":6},"end":{"line":116,"column":7}},"type":"switch","locations":[{"start":{"line":101,"column":8},"end":{"line":104,"column":16}},{"start":{"line":105,"column":8},"end":{"line":108,"column":16}},{"start":{"line":109,"column":8},"end":{"line":112,"column":16}},{"start":{"line":113,"column":8},"end":{"line":115,"column":24}}],"line":100},"5":{"loc":{"start":{"line":143,"column":4},"end":{"line":143,"column":27}},"type":"if","locations":[{"start":{"line":143,"column":4},"end":{"line":143,"column":27}},{"start":{},"end":{}}],"line":143},"6":{"loc":{"start":{"line":165,"column":4},"end":{"line":170,"column":5}},"type":"switch","locations":[{"start":{"line":166,"column":6},"end":{"line":166,"column":49}},{"start":{"line":167,"column":6},"end":{"line":167,"column":40}},{"start":{"line":168,"column":6},"end":{"line":168,"column":40}},{"start":{"line":169,"column":6},"end":{"line":169,"column":34}}],"line":165},"7":{"loc":{"start":{"line":173,"column":2},"end":{"line":179,"column":3}},"type":"if","locations":[{"start":{"line":173,"column":2},"end":{"line":179,"column":3}},{"start":{},"end":{}}],"line":173},"8":{"loc":{"start":{"line":173,"column":6},"end":{"line":173,"column":27}},"type":"binary-expr","locations":[{"start":{"line":173,"column":6},"end":{"line":173,"column":13}},{"start":{"line":173,"column":17},"end":{"line":173,"column":27}}],"line":173},"9":{"loc":{"start":{"line":203,"column":14},"end":{"line":203,"column":65}},"type":"binary-expr","locations":[{"start":{"line":203,"column":14},"end":{"line":203,"column":33}},{"start":{"line":203,"column":37},"end":{"line":203,"column":65}}],"line":203},"10":{"loc":{"start":{"line":209,"column":14},"end":{"line":209,"column":63}},"type":"binary-expr","locations":[{"start":{"line":209,"column":14},"end":{"line":209,"column":33}},{"start":{"line":209,"column":37},"end":{"line":209,"column":63}}],"line":209},"11":{"loc":{"start":{"line":218,"column":7},"end":{"line":248,"column":7}},"type":"binary-expr","locations":[{"start":{"line":218,"column":7},"end":{"line":218,"column":19}},{"start":{"line":219,"column":8},"end":{"line":247,"column":15}}],"line":218},"12":{"loc":{"start":{"line":251,"column":7},"end":{"line":438,"column":7}},"type":"binary-expr","locations":[{"start":{"line":251,"column":7},"end":{"line":251,"column":16}},{"start":{"line":252,"column":8},"end":{"line":437,"column":11}}],"line":251},"13":{"loc":{"start":{"line":295,"column":23},"end":{"line":296,"column":67}},"type":"cond-expr","locations":[{"start":{"line":295,"column":43},"end":{"line":295,"column":52}},{"start":{"line":296,"column":23},"end":{"line":296,"column":67}}],"line":295},"14":{"loc":{"start":{"line":296,"column":23},"end":{"line":296,"column":67}},"type":"cond-expr","locations":[{"start":{"line":296,"column":43},"end":{"line":296,"column":52}},{"start":{"line":296,"column":55},"end":{"line":296,"column":67}}],"line":296},"15":{"loc":{"start":{"line":322,"column":13},"end":{"line":336,"column":13}},"type":"cond-expr","locations":[{"start":{"line":323,"column":14},"end":{"line":331,"column":21}},{"start":{"line":333,"column":14},"end":{"line":335,"column":21}}],"line":322},"16":{"loc":{"start":{"line":340,"column":11},"end":{"line":355,"column":11}},"type":"binary-expr","locations":[{"start":{"line":340,"column":11},"end":{"line":340,"column":35}},{"start":{"line":340,"column":39},"end":{"line":340,"column":74}},{"start":{"line":341,"column":12},"end":{"line":354,"column":19}}],"line":340},"17":{"loc":{"start":{"line":358,"column":11},"end":{"line":414,"column":11}},"type":"binary-expr","locations":[{"start":{"line":358,"column":12},"end":{"line":358,"column":26}},{"start":{"line":358,"column":30},"end":{"line":358,"column":45}},{"start":{"line":359,"column":12},"end":{"line":413,"column":19}}],"line":358},"18":{"loc":{"start":{"line":362,"column":15},"end":{"line":386,"column":15}},"type":"binary-expr","locations":[{"start":{"line":362,"column":15},"end":{"line":362,"column":29}},{"start":{"line":363,"column":16},"end":{"line":385,"column":23}}],"line":362},"19":{"loc":{"start":{"line":370,"column":24},"end":{"line":370,"column":104}},"type":"cond-expr","locations":[{"start":{"line":370,"column":59},"end":{"line":370,"column":80}},{"start":{"line":370,"column":83},"end":{"line":370,"column":104}}],"line":370},"20":{"loc":{"start":{"line":372,"column":25},"end":{"line":372,"column":68}},"type":"cond-expr","locations":[{"start":{"line":372,"column":60},"end":{"line":372,"column":63}},{"start":{"line":372,"column":66},"end":{"line":372,"column":68}}],"line":372},"21":{"loc":{"start":{"line":379,"column":24},"end":{"line":379,"column":106}},"type":"cond-expr","locations":[{"start":{"line":379,"column":61},"end":{"line":379,"column":82}},{"start":{"line":379,"column":85},"end":{"line":379,"column":106}}],"line":379},"22":{"loc":{"start":{"line":381,"column":25},"end":{"line":381,"column":70}},"type":"cond-expr","locations":[{"start":{"line":381,"column":62},"end":{"line":381,"column":65}},{"start":{"line":381,"column":68},"end":{"line":381,"column":70}}],"line":381},"23":{"loc":{"start":{"line":388,"column":15},"end":{"line":412,"column":15}},"type":"binary-expr","locations":[{"start":{"line":388,"column":15},"end":{"line":388,"column":30}},{"start":{"line":389,"column":16},"end":{"line":411,"column":23}}],"line":388},"24":{"loc":{"start":{"line":396,"column":24},"end":{"line":396,"column":105}},"type":"cond-expr","locations":[{"start":{"line":396,"column":60},"end":{"line":396,"column":81}},{"start":{"line":396,"column":84},"end":{"line":396,"column":105}}],"line":396},"25":{"loc":{"start":{"line":398,"column":25},"end":{"line":398,"column":69}},"type":"cond-expr","locations":[{"start":{"line":398,"column":61},"end":{"line":398,"column":64}},{"start":{"line":398,"column":67},"end":{"line":398,"column":69}}],"line":398},"26":{"loc":{"start":{"line":405,"column":24},"end":{"line":405,"column":107}},"type":"cond-expr","locations":[{"start":{"line":405,"column":62},"end":{"line":405,"column":83}},{"start":{"line":405,"column":86},"end":{"line":405,"column":107}}],"line":405},"27":{"loc":{"start":{"line":407,"column":25},"end":{"line":407,"column":71}},"type":"cond-expr","locations":[{"start":{"line":407,"column":63},"end":{"line":407,"column":66}},{"start":{"line":407,"column":69},"end":{"line":407,"column":71}}],"line":407}},"s":{"0":0,"1":0,"2":0,"3":0,"4":0,"5":0,"6":0,"7":0,"8":0,"9":0,"10":0,"11":0,"12":0,"13":0,"14":0,"15":0,"16":0,"17":0,"18":0,"19":0,"20":0,"21":0,"22":0,"23":0,"24":0,"25":0,"26":0,"27":0,"28":0,"29":0,"30":0,"31":0,"32":0,"33":0,"34":0,"35":0,"36":0,"37":0,"38":0,"39":0,"40":0,"41":0,"42":0,"43":0,"44":0,"45":0,"46":0,"47":0,"48":0,"49":0,"50":0,"51":0,"52":0,"53":0,"54":0,"55":0,"56":0,"57":0,"58":0,"59":0,"60":0,"61":0,"62":0,"63":0,"64":0,"65":0,"66":0,"67":0,"68":0,"69":0},"f":{"0":0,"1":0,"2":0,"3":0,"4":0,"5":0,"6":0,"7":0,"8":0,"9":0,"10":0,"11":0,"12":0,"13":0,"14":0},"b":{"0":[0,0],"1":[0,0],"2":[0,0],"3":[0,0],"4":[0,0,0,0],"5":[0,0],"6":[0,0,0,0],"7":[0,0],"8":[0,0],"9":[0,0],"10":[0,0],"11":[0,0],"12":[0,0],"13":[0,0],"14":[0,0],"15":[0,0],"16":[0,0,0],"17":[0,0,0],"18":[0,0],"19":[0,0],"20":[0,0],"21":[0,0],"22":[0,0],"23":[0,0],"24":[0,0],"25":[0,0],"26":[0,0],"27":[0,0]}}
,"/app/src/components/BarcodeScanner.tsx": {"path":"/app/src/components/BarcodeScanner.tsx","statementMap":{"0":{"start":{"line":25,"column":61},"end":{"line":281,"column":1}},"1":{"start":{"line":32,"column":44},"end":{"line":32,"column":74}},"2":{"start":{"line":33,"column":38},"end":{"line":33,"column":52}},"3":{"start":{"line":34,"column":32},"end":{"line":34,"column":47}},"4":{"start":{"line":35,"column":28},"end":{"line":35,"column":57}},"5":{"start":{"line":38,"column":22},"end":{"line":38,"column":39}},"6":{"start":{"line":39,"column":24},"end":{"line":39,"column":28}},"7":{"start":{"line":41,"column":2},"end":{"line":43,"column":9}},"8":{"start":{"line":42,"column":4},"end":{"line":42,"column":30}},"9":{"start":{"line":45,"column":34},"end":{"line":71,"column":3}},"10":{"start":{"line":46,"column":4},"end":{"line":70,"column":5}},"11":{"start":{"line":47,"column":25},"end":{"line":47,"column":69}},"12":{"start":{"line":48,"column":6},"end":{"line":48,"column":45}},"13":{"start":{"line":50,"column":6},"end":{"line":65,"column":7}},"14":{"start":{"line":51,"column":8},"end":{"line":64,"column":10}},"15":{"start":{"line":58,"column":14},"end":{"line":61,"column":16}},"16":{"start":{"line":67,"column":6},"end":{"line":67,"column":55}},"17":{"start":{"line":68,"column":6},"end":{"line":68,"column":30}},"18":{"start":{"line":69,"column":6},"end":{"line":69,"column":54}},"19":{"start":{"line":73,"column":31},"end":{"line":142,"column":3}},"20":{"start":{"line":74,"column":16},"end":{"line":74,"column":26}},"21":{"start":{"line":77,"column":4},"end":{"line":79,"column":5}},"22":{"start":{"line":78,"column":6},"end":{"line":78,"column":13}},"23":{"start":{"line":81,"column":4},"end":{"line":81,"column":30}},"24":{"start":{"line":82,"column":4},"end":{"line":82,"column":25}},"25":{"start":{"line":83,"column":4},"end":{"line":83,"column":21}},"26":{"start":{"line":84,"column":4},"end":{"line":84,"column":19}},"27":{"start":{"line":86,"column":20},"end":{"line":86,"column":31}},"28":{"start":{"line":87,"column":4},"end":{"line":87,"column":45}},"29":{"start":{"line":89,"column":4},"end":{"line":141,"column":5}},"30":{"start":{"line":91,"column":6},"end":{"line":91,"column":34}},"31":{"start":{"line":94,"column":22},"end":{"line":94,"column":67}},"32":{"start":{"line":96,"column":6},"end":{"line":122,"column":7}},"33":{"start":{"line":97,"column":8},"end":{"line":97,"column":32}},"34":{"start":{"line":98,"column":8},"end":{"line":98,"column":18}},"35":{"start":{"line":101,"column":8},"end":{"line":121,"column":10}},"36":{"start":{"line":108,"column":16},"end":{"line":108,"column":36}},"37":{"start":{"line":109,"column":16},"end":{"line":109,"column":34}},"38":{"start":{"line":115,"column":16},"end":{"line":115,"column":26}},"39":{"start":{"line":116,"column":16},"end":{"line":116,"column":35}},"40":{"start":{"line":124,"column":6},"end":{"line":124,"column":52}},"41":{"start":{"line":125,"column":6},"end":{"line":125,"column":43}},"42":{"start":{"line":126,"column":6},"end":{"line":140,"column":8}},"43":{"start":{"line":133,"column":14},"end":{"line":133,"column":34}},"44":{"start":{"line":134,"column":14},"end":{"line":134,"column":32}},"45":{"start":{"line":135,"column":14},"end":{"line":135,"column":29}},"46":{"start":{"line":144,"column":34},"end":{"line":162,"column":3}},"47":{"start":{"line":145,"column":4},"end":{"line":161,"column":11}},"48":{"start":{"line":164,"column":22},"end":{"line":184,"column":3}},"49":{"start":{"line":165,"column":4},"end":{"line":183,"column":11}},"50":{"start":{"line":171,"column":10},"end":{"line":171,"column":25}},"51":{"start":{"line":172,"column":10},"end":{"line":172,"column":36}},"52":{"start":{"line":186,"column":24},"end":{"line":246,"column":3}},"53":{"start":{"line":187,"column":4},"end":{"line":245,"column":11}},"54":{"start":{"line":231,"column":12},"end":{"line":231,"column":22}},"55":{"start":{"line":232,"column":12},"end":{"line":232,"column":31}},"56":{"start":{"line":248,"column":24},"end":{"line":267,"column":3}},"57":{"start":{"line":249,"column":4},"end":{"line":256,"column":5}},"58":{"start":{"line":250,"column":6},"end":{"line":255,"column":8}},"59":{"start":{"line":258,"column":4},"end":{"line":260,"column":5}},"60":{"start":{"line":259,"column":6},"end":{"line":259,"column":39}},"61":{"start":{"line":262,"column":4},"end":{"line":264,"column":5}},"62":{"start":{"line":263,"column":6},"end":{"line":263,"column":27}},"63":{"start":{"line":266,"column":4},"end":{"line":266,"column":27}},"64":{"start":{"line":269,"column":2},"end":{"line":280,"column":4}},"65":{"start":{"line":283,"column":26},"end":{"line":283,"column":50}},"66":{"start":{"line":285,"column":15},"end":{"line":472,"column":2}}},"fnMap":{"0":{"name":"(anonymous_0)","decl":{"start":{"line":25,"column":61},"end":{"line":25,"column":62}},"loc":{"start":{"line":31,"column":6},"end":{"line":281,"column":1}},"line":31},"1":{"name":"(anonymous_1)","decl":{"start":{"line":41,"column":12},"end":{"line":41,"column":13}},"loc":{"start":{"line":41,"column":18},"end":{"line":43,"column":3}},"line":41},"2":{"name":"(anonymous_2)","decl":{"start":{"line":45,"column":34},"end":{"line":45,"column":35}},"loc":{"start":{"line":45,"column":46},"end":{"line":71,"column":3}},"line":45},"3":{"name":"(anonymous_3)","decl":{"start":{"line":56,"column":41},"end":{"line":56,"column":42}},"loc":{"start":{"line":56,"column":47},"end":{"line":62,"column":13}},"line":56},"4":{"name":"(anonymous_4)","decl":{"start":{"line":73,"column":31},"end":{"line":73,"column":32}},"loc":{"start":{"line":73,"column":71},"end":{"line":142,"column":3}},"line":73},"5":{"name":"(anonymous_5)","decl":{"start":{"line":107,"column":23},"end":{"line":107,"column":24}},"loc":{"start":{"line":107,"column":29},"end":{"line":110,"column":15}},"line":107},"6":{"name":"(anonymous_6)","decl":{"start":{"line":114,"column":23},"end":{"line":114,"column":24}},"loc":{"start":{"line":114,"column":29},"end":{"line":117,"column":15}},"line":114},"7":{"name":"(anonymous_7)","decl":{"start":{"line":132,"column":21},"end":{"line":132,"column":22}},"loc":{"start":{"line":132,"column":27},"end":{"line":136,"column":13}},"line":132},"8":{"name":"(anonymous_8)","decl":{"start":{"line":144,"column":34},"end":{"line":144,"column":35}},"loc":{"start":{"line":145,"column":4},"end":{"line":161,"column":11}},"line":145},"9":{"name":"(anonymous_9)","decl":{"start":{"line":164,"column":22},"end":{"line":164,"column":23}},"loc":{"start":{"line":165,"column":4},"end":{"line":183,"column":11}},"line":165},"10":{"name":"(anonymous_10)","decl":{"start":{"line":170,"column":17},"end":{"line":170,"column":18}},"loc":{"start":{"line":170,"column":23},"end":{"line":173,"column":9}},"line":170},"11":{"name":"(anonymous_11)","decl":{"start":{"line":186,"column":24},"end":{"line":186,"column":25}},"loc":{"start":{"line":187,"column":4},"end":{"line":245,"column":11}},"line":187},"12":{"name":"(anonymous_12)","decl":{"start":{"line":230,"column":19},"end":{"line":230,"column":20}},"loc":{"start":{"line":230,"column":25},"end":{"line":233,"column":11}},"line":230},"13":{"name":"(anonymous_13)","decl":{"start":{"line":248,"column":24},"end":{"line":248,"column":25}},"loc":{"start":{"line":248,"column":30},"end":{"line":267,"column":3}},"line":248}},"branchMap":{"0":{"loc":{"start":{"line":50,"column":6},"end":{"line":65,"column":7}},"type":"if","locations":[{"start":{"line":50,"column":6},"end":{"line":65,"column":7}},{"start":{},"end":{}}],"line":50},"1":{"loc":{"start":{"line":77,"column":4},"end":{"line":79,"column":5}},"type":"if","locations":[{"start":{"line":77,"column":4},"end":{"line":79,"column":5}},{"start":{},"end":{}}],"line":77},"2":{"loc":{"start":{"line":96,"column":6},"end":{"line":122,"column":7}},"type":"if","locations":[{"start":{"line":96,"column":6},"end":{"line":122,"column":7}},{"start":{"line":99,"column":13},"end":{"line":122,"column":7}}],"line":96},"3":{"loc":{"start":{"line":189,"column":26},"end":{"line":189,"column":71}},"type":"cond-expr","locations":[{"start":{"line":189,"column":39},"end":{"line":189,"column":59}},{"start":{"line":189,"column":62},"end":{"line":189,"column":71}}],"line":189},"4":{"loc":{"start":{"line":219,"column":7},"end":{"line":224,"column":7}},"type":"binary-expr","locations":[{"start":{"line":219,"column":7},"end":{"line":219,"column":14}},{"start":{"line":220,"column":8},"end":{"line":223,"column":15}}],"line":219},"5":{"loc":{"start":{"line":249,"column":4},"end":{"line":256,"column":5}},"type":"if","locations":[{"start":{"line":249,"column":4},"end":{"line":256,"column":5}},{"start":{},"end":{}}],"line":249},"6":{"loc":{"start":{"line":258,"column":4},"end":{"line":260,"column":5}},"type":"if","locations":[{"start":{"line":258,"column":4},"end":{"line":260,"column":5}},{"start":{},"end":{}}],"line":258},"7":{"loc":{"start":{"line":262,"column":4},"end":{"line":264,"column":5}},"type":"if","locations":[{"start":{"line":262,"column":4},"end":{"line":264,"column":5}},{"start":{},"end":{}}],"line":262}},"s":{"0":1,"1":25,"2":25,"3":25,"4":25,"5":25,"6":25,"7":25,"8":10,"9":25,"10":10,"11":10,"12":9,"13":9,"14":3,"15":0,"16":1,"17":1,"18":1,"19":25,"20":0,"21":0,"22":0,"23":0,"24":0,"25":0,"26":0,"27":0,"28":0,"29":0,"30":0,"31":0,"32":0,"33":0,"34":0,"35":0,"36":0,"37":0,"38":0,"39":0,"40":0,"41":0,"42":0,"43":0,"44":0,"45":0,"46":25,"47":4,"48":25,"49":0,"50":0,"51":0,"52":25,"53":11,"54":0,"55":0,"56":25,"57":25,"58":10,"59":15,"60":4,"61":11,"62":0,"63":11,"64":25,"65":1,"66":1},"f":{"0":25,"1":10,"2":10,"3":0,"4":0,"5":0,"6":0,"7":0,"8":4,"9":0,"10":0,"11":11,"12":0,"13":25},"b":{"0":[3,6],"1":[0,0],"2":[0,0],"3":[11,0],"4":[11,0],"5":[10,15],"6":[4,11],"7":[0,11]},"_coverageSchema":"1a1c01bbd47fc00a2c39e90264f33305004495a9","hash":"bf01e3b29fa6c9e50b28409a440af8c8be6f1ffb"}
,"/app/src/components/DemoDashboard.tsx": {"path":"/app/src/components/DemoDashboard.tsx","statementMap":{"0":{"start":{"line":50,"column":46},"end":{"line":84,"column":1}},"1":{"start":{"line":58,"column":2},"end":{"line":83,"column":9}},"2":{"start":{"line":86,"column":39},"end":{"line":233,"column":1}},"3":{"start":{"line":87,"column":38},"end":{"line":87,"column":53}},"4":{"start":{"line":88,"column":46},"end":{"line":88,"column":91}},"5":{"start":{"line":90,"column":24},"end":{"line":94,"column":3}},"6":{"start":{"line":91,"column":4},"end":{"line":91,"column":24}},"7":{"start":{"line":92,"column":4},"end":{"line":92,"column":60}},"8":{"start":{"line":92,"column":33},"end":{"line":92,"column":58}},"9":{"start":{"line":93,"column":4},"end":{"line":93,"column":25}},"10":{"start":{"line":96,"column":18},"end":{"line":129,"column":3}},"11":{"start":{"line":131,"column":22},"end":{"line":137,"column":3}},"12":{"start":{"line":139,"column":2},"end":{"line":232,"column":4}},"13":{"start":{"line":162,"column":14},"end":{"line":162,"column":37}},"14":{"start":{"line":163,"column":14},"end":{"line":163,"column":63}},"15":{"start":{"line":172,"column":10},"end":{"line":179,"column":12}},"16":{"start":{"line":177,"column":27},"end":{"line":177,"column":52}},"17":{"start":{"line":186,"column":10},"end":{"line":186,"column":48}},"18":{"start":{"line":200,"column":14},"end":{"line":200,"column":37}},"19":{"start":{"line":201,"column":14},"end":{"line":201,"column":69}},"20":{"start":{"line":208,"column":12},"end":{"line":216,"column":19}},"21":{"start":{"line":235,"column":15},"end":{"line":393,"column":2}}},"fnMap":{"0":{"name":"(anonymous_0)","decl":{"start":{"line":50,"column":46},"end":{"line":50,"column":47}},"loc":{"start":{"line":58,"column":2},"end":{"line":83,"column":9}},"line":58},"1":{"name":"(anonymous_1)","decl":{"start":{"line":86,"column":39},"end":{"line":86,"column":40}},"loc":{"start":{"line":86,"column":45},"end":{"line":233,"column":1}},"line":86},"2":{"name":"(anonymous_2)","decl":{"start":{"line":90,"column":24},"end":{"line":90,"column":25}},"loc":{"start":{"line":90,"column":36},"end":{"line":94,"column":3}},"line":90},"3":{"name":"(anonymous_3)","decl":{"start":{"line":92,"column":22},"end":{"line":92,"column":23}},"loc":{"start":{"line":92,"column":33},"end":{"line":92,"column":58}},"line":92},"4":{"name":"(anonymous_4)","decl":{"start":{"line":161,"column":21},"end":{"line":161,"column":22}},"loc":{"start":{"line":161,"column":27},"end":{"line":164,"column":13}},"line":161},"5":{"name":"(anonymous_5)","decl":{"start":{"line":171,"column":51},"end":{"line":171,"column":52}},"loc":{"start":{"line":172,"column":10},"end":{"line":179,"column":12}},"line":172},"6":{"name":"(anonymous_6)","decl":{"start":{"line":177,"column":21},"end":{"line":177,"column":22}},"loc":{"start":{"line":177,"column":27},"end":{"line":177,"column":52}},"line":177},"7":{"name":"(anonymous_7)","decl":{"start":{"line":185,"column":21},"end":{"line":185,"column":22}},"loc":{"start":{"line":186,"column":10},"end":{"line":186,"column":48}},"line":186},"8":{"name":"(anonymous_8)","decl":{"start":{"line":199,"column":21},"end":{"line":199,"column":22}},"loc":{"start":{"line":199,"column":27},"end":{"line":202,"column":13}},"line":199},"9":{"name":"(anonymous_9)","decl":{"start":{"line":207,"column":27},"end":{"line":207,"column":28}},"loc":{"start":{"line":208,"column":12},"end":{"line":216,"column":19}},"line":208}},"branchMap":{"0":{"loc":{"start":{"line":63,"column":7},"end":{"line":77,"column":7}},"type":"binary-expr","locations":[{"start":{"line":63,"column":7},"end":{"line":63,"column":13}},{"start":{"line":64,"column":8},"end":{"line":76,"column":15}}],"line":63},"1":{"loc":{"start":{"line":66,"column":18},"end":{"line":66,"column":69}},"type":"cond-expr","locations":[{"start":{"line":66,"column":38},"end":{"line":66,"column":51}},{"start":{"line":66,"column":54},"end":{"line":66,"column":69}}],"line":66},"2":{"loc":{"start":{"line":68,"column":19},"end":{"line":68,"column":80}},"type":"cond-expr","locations":[{"start":{"line":68,"column":39},"end":{"line":68,"column":59}},{"start":{"line":68,"column":62},"end":{"line":68,"column":80}}],"line":68},"3":{"loc":{"start":{"line":72,"column":21},"end":{"line":72,"column":82}},"type":"cond-expr","locations":[{"start":{"line":72,"column":41},"end":{"line":72,"column":61}},{"start":{"line":72,"column":64},"end":{"line":72,"column":82}}],"line":72},"4":{"loc":{"start":{"line":82,"column":5},"end":{"line":82,"column":70}},"type":"binary-expr","locations":[{"start":{"line":82,"column":5},"end":{"line":82,"column":13}},{"start":{"line":82,"column":17},"end":{"line":82,"column":70}}],"line":82},"5":{"loc":{"start":{"line":176,"column":21},"end":{"line":176,"column":68}},"type":"cond-expr","locations":[{"start":{"line":176,"column":49},"end":{"line":176,"column":58}},{"start":{"line":176,"column":61},"end":{"line":176,"column":68}}],"line":176},"6":{"loc":{"start":{"line":241,"column":19},"end":{"line":241,"column":50}},"type":"cond-expr","locations":[{"start":{"line":241,"column":34},"end":{"line":241,"column":42}},{"start":{"line":241,"column":45},"end":{"line":241,"column":50}}],"line":241},"7":{"loc":{"start":{"line":243,"column":16},"end":{"line":243,"column":54}},"type":"cond-expr","locations":[{"start":{"line":243,"column":31},"end":{"line":243,"column":43}},{"start":{"line":243,"column":46},"end":{"line":243,"column":54}}],"line":243},"8":{"loc":{"start":{"line":247,"column":9},"end":{"line":247,"column":38}},"type":"cond-expr","locations":[{"start":{"line":247,"column":24},"end":{"line":247,"column":34}},{"start":{"line":247,"column":37},"end":{"line":247,"column":38}}],"line":247},"9":{"loc":{"start":{"line":265,"column":19},"end":{"line":265,"column":50}},"type":"cond-expr","locations":[{"start":{"line":265,"column":34},"end":{"line":265,"column":42}},{"start":{"line":265,"column":45},"end":{"line":265,"column":50}}],"line":265},"10":{"loc":{"start":{"line":271,"column":10},"end":{"line":271,"column":30}},"type":"cond-expr","locations":[{"start":{"line":271,"column":25},"end":{"line":271,"column":26}},{"start":{"line":271,"column":29},"end":{"line":271,"column":30}}],"line":271},"11":{"loc":{"start":{"line":282,"column":10},"end":{"line":282,"column":45}},"type":"cond-expr","locations":[{"start":{"line":282,"column":25},"end":{"line":282,"column":26}},{"start":{"line":282,"column":29},"end":{"line":282,"column":45}}],"line":282},"12":{"loc":{"start":{"line":282,"column":29},"end":{"line":282,"column":45}},"type":"cond-expr","locations":[{"start":{"line":282,"column":40},"end":{"line":282,"column":41}},{"start":{"line":282,"column":44},"end":{"line":282,"column":45}}],"line":282},"13":{"loc":{"start":{"line":283,"column":14},"end":{"line":283,"column":79}},"type":"cond-expr","locations":[{"start":{"line":283,"column":29},"end":{"line":283,"column":35}},{"start":{"line":283,"column":38},"end":{"line":283,"column":79}}],"line":283},"14":{"loc":{"start":{"line":283,"column":38},"end":{"line":283,"column":79}},"type":"cond-expr","locations":[{"start":{"line":283,"column":49},"end":{"line":283,"column":54}},{"start":{"line":283,"column":57},"end":{"line":283,"column":79}}],"line":283},"15":{"loc":{"start":{"line":283,"column":57},"end":{"line":283,"column":79}},"type":"cond-expr","locations":[{"start":{"line":283,"column":68},"end":{"line":283,"column":71}},{"start":{"line":283,"column":74},"end":{"line":283,"column":79}}],"line":283},"16":{"loc":{"start":{"line":284,"column":14},"end":{"line":284,"column":79}},"type":"cond-expr","locations":[{"start":{"line":284,"column":29},"end":{"line":284,"column":35}},{"start":{"line":284,"column":38},"end":{"line":284,"column":79}}],"line":284},"17":{"loc":{"start":{"line":284,"column":38},"end":{"line":284,"column":79}},"type":"cond-expr","locations":[{"start":{"line":284,"column":49},"end":{"line":284,"column":54}},{"start":{"line":284,"column":57},"end":{"line":284,"column":79}}],"line":284},"18":{"loc":{"start":{"line":284,"column":57},"end":{"line":284,"column":79}},"type":"cond-expr","locations":[{"start":{"line":284,"column":68},"end":{"line":284,"column":71}},{"start":{"line":284,"column":74},"end":{"line":284,"column":79}}],"line":284}},"s":{"0":0,"1":0,"2":0,"3":0,"4":0,"5":0,"6":0,"7":0,"8":0,"9":0,"10":0,"11":0,"12":0,"13":0,"14":0,"15":0,"16":0,"17":0,"18":0,"19":0,"20":0,"21":0},"f":{"0":0,"1":0,"2":0,"3":0,"4":0,"5":0,"6":0,"7":0,"8":0,"9":0},"b":{"0":[0,0],"1":[0,0],"2":[0,0],"3":[0,0],"4":[0,0],"5":[0,0],"6":[0,0],"7":[0,0],"8":[0,0],"9":[0,0],"10":[0,0],"11":[0,0],"12":[0,0],"13":[0,0],"14":[0,0],"15":[0,0],"16":[0,0],"17":[0,0],"18":[0,0]}}
,"/app/src/components/DemoPOSInterface.tsx": {"path":"/app/src/components/DemoPOSInterface.tsx","statementMap":{"0":{"start":{"line":48,"column":21},"end":{"line":55,"column":1}},"1":{"start":{"line":65,"column":42},"end":{"line":378,"column":1}},"2":{"start":{"line":66,"column":26},"end":{"line":66,"column":50}},"3":{"start":{"line":67,"column":40},"end":{"line":67,"column":52}},"4":{"start":{"line":68,"column":34},"end":{"line":68,"column":49}},"5":{"start":{"line":69,"column":18},"end":{"line":69,"column":22}},"6":{"start":{"line":72,"column":27},"end":{"line":75,"column":3}},"7":{"start":{"line":73,"column":4},"end":{"line":74,"column":65}},"8":{"start":{"line":78,"column":19},"end":{"line":78,"column":84}},"9":{"start":{"line":78,"column":46},"end":{"line":78,"column":80}},"10":{"start":{"line":79,"column":14},"end":{"line":79,"column":32}},"11":{"start":{"line":80,"column":16},"end":{"line":80,"column":30}},"12":{"start":{"line":83,"column":20},"end":{"line":105,"column":12}},"13":{"start":{"line":84,"column":4},"end":{"line":84,"column":28}},"14":{"start":{"line":85,"column":25},"end":{"line":85,"column":66}},"15":{"start":{"line":85,"column":43},"end":{"line":85,"column":65}},"16":{"start":{"line":87,"column":4},"end":{"line":104,"column":5}},"17":{"start":{"line":88,"column":6},"end":{"line":92,"column":9}},"18":{"start":{"line":89,"column":8},"end":{"line":91,"column":16}},"19":{"start":{"line":93,"column":6},"end":{"line":93,"column":68}},"20":{"start":{"line":95,"column":33},"end":{"line":101,"column":7}},"21":{"start":{"line":102,"column":6},"end":{"line":102,"column":35}},"22":{"start":{"line":103,"column":6},"end":{"line":103,"column":60}},"23":{"start":{"line":108,"column":29},"end":{"line":118,"column":3}},"24":{"start":{"line":109,"column":4},"end":{"line":117,"column":5}},"25":{"start":{"line":110,"column":6},"end":{"line":110,"column":55}},"26":{"start":{"line":110,"column":34},"end":{"line":110,"column":52}},"27":{"start":{"line":112,"column":6},"end":{"line":116,"column":9}},"28":{"start":{"line":113,"column":8},"end":{"line":115,"column":16}},"29":{"start":{"line":121,"column":20},"end":{"line":123,"column":3}},"30":{"start":{"line":122,"column":4},"end":{"line":122,"column":16}},"31":{"start":{"line":126,"column":25},"end":{"line":137,"column":3}},"32":{"start":{"line":127,"column":4},"end":{"line":136,"column":6}},"33":{"start":{"line":132,"column":10},"end":{"line":132,"column":22}},"34":{"start":{"line":133,"column":10},"end":{"line":133,"column":29}},"35":{"start":{"line":140,"column":24},"end":{"line":168,"column":3}},"36":{"start":{"line":141,"column":4},"end":{"line":167,"column":23}},"37":{"start":{"line":143,"column":21},"end":{"line":143,"column":36}},"38":{"start":{"line":161,"column":27},"end":{"line":161,"column":42}},"39":{"start":{"line":171,"column":25},"end":{"line":202,"column":3}},"40":{"start":{"line":172,"column":4},"end":{"line":201,"column":11}},"41":{"start":{"line":182,"column":27},"end":{"line":182,"column":73}},"42":{"start":{"line":191,"column":27},"end":{"line":191,"column":73}},"43":{"start":{"line":204,"column":2},"end":{"line":377,"column":4}},"44":{"start":{"line":220,"column":29},"end":{"line":220,"column":46}},"45":{"start":{"line":250,"column":34},"end":{"line":250,"column":52}},"46":{"start":{"line":281,"column":40},"end":{"line":281,"column":58}},"47":{"start":{"line":318,"column":32},"end":{"line":318,"column":50}},"48":{"start":{"line":322,"column":47},"end":{"line":322,"column":65}},"49":{"start":{"line":344,"column":42},"end":{"line":344,"column":60}},"50":{"start":{"line":380,"column":15},"end":{"line":663,"column":2}}},"fnMap":{"0":{"name":"(anonymous_0)","decl":{"start":{"line":65,"column":42},"end":{"line":65,"column":43}},"loc":{"start":{"line":65,"column":48},"end":{"line":378,"column":1}},"line":65},"1":{"name":"(anonymous_1)","decl":{"start":{"line":72,"column":47},"end":{"line":72,"column":48}},"loc":{"start":{"line":73,"column":4},"end":{"line":74,"column":65}},"line":73},"2":{"name":"(anonymous_2)","decl":{"start":{"line":78,"column":31},"end":{"line":78,"column":32}},"loc":{"start":{"line":78,"column":46},"end":{"line":78,"column":80}},"line":78},"3":{"name":"(anonymous_3)","decl":{"start":{"line":83,"column":32},"end":{"line":83,"column":33}},"loc":{"start":{"line":83,"column":69},"end":{"line":105,"column":3}},"line":83},"4":{"name":"(anonymous_4)","decl":{"start":{"line":85,"column":35},"end":{"line":85,"column":36}},"loc":{"start":{"line":85,"column":43},"end":{"line":85,"column":65}},"line":85},"5":{"name":"(anonymous_5)","decl":{"start":{"line":88,"column":23},"end":{"line":88,"column":24}},"loc":{"start":{"line":89,"column":8},"end":{"line":91,"column":16}},"line":89},"6":{"name":"(anonymous_6)","decl":{"start":{"line":108,"column":29},"end":{"line":108,"column":30}},"loc":{"start":{"line":108,"column":70},"end":{"line":118,"column":3}},"line":108},"7":{"name":"(anonymous_7)","decl":{"start":{"line":110,"column":26},"end":{"line":110,"column":27}},"loc":{"start":{"line":110,"column":34},"end":{"line":110,"column":52}},"line":110},"8":{"name":"(anonymous_8)","decl":{"start":{"line":112,"column":23},"end":{"line":112,"column":24}},"loc":{"start":{"line":113,"column":8},"end":{"line":115,"column":16}},"line":113},"9":{"name":"(anonymous_9)","decl":{"start":{"line":121,"column":20},"end":{"line":121,"column":21}},"loc":{"start":{"line":121,"column":26},"end":{"line":123,"column":3}},"line":121},"10":{"name":"(anonymous_10)","decl":{"start":{"line":126,"column":25},"end":{"line":126,"column":26}},"loc":{"start":{"line":126,"column":31},"end":{"line":137,"column":3}},"line":126},"11":{"name":"(anonymous_11)","decl":{"start":{"line":131,"column":31},"end":{"line":131,"column":32}},"loc":{"start":{"line":131,"column":37},"end":{"line":134,"column":9}},"line":131},"12":{"name":"(anonymous_12)","decl":{"start":{"line":140,"column":24},"end":{"line":140,"column":25}},"loc":{"start":{"line":141,"column":4},"end":{"line":167,"column":23}},"line":141},"13":{"name":"(anonymous_13)","decl":{"start":{"line":143,"column":15},"end":{"line":143,"column":16}},"loc":{"start":{"line":143,"column":21},"end":{"line":143,"column":36}},"line":143},"14":{"name":"(anonymous_14)","decl":{"start":{"line":161,"column":21},"end":{"line":161,"column":22}},"loc":{"start":{"line":161,"column":27},"end":{"line":161,"column":42}},"line":161},"15":{"name":"(anonymous_15)","decl":{"start":{"line":171,"column":25},"end":{"line":171,"column":26}},"loc":{"start":{"line":172,"column":4},"end":{"line":201,"column":11}},"line":172},"16":{"name":"(anonymous_16)","decl":{"start":{"line":182,"column":21},"end":{"line":182,"column":22}},"loc":{"start":{"line":182,"column":27},"end":{"line":182,"column":73}},"line":182},"17":{"name":"(anonymous_17)","decl":{"start":{"line":191,"column":21},"end":{"line":191,"column":22}},"loc":{"start":{"line":191,"column":27},"end":{"line":191,"column":73}},"line":191},"18":{"name":"(anonymous_18)","decl":{"start":{"line":220,"column":23},"end":{"line":220,"column":24}},"loc":{"start":{"line":220,"column":29},"end":{"line":220,"column":46}},"line":220},"19":{"name":"(anonymous_19)","decl":{"start":{"line":250,"column":24},"end":{"line":250,"column":25}},"loc":{"start":{"line":250,"column":34},"end":{"line":250,"column":52}},"line":250},"20":{"name":"(anonymous_20)","decl":{"start":{"line":281,"column":30},"end":{"line":281,"column":31}},"loc":{"start":{"line":281,"column":40},"end":{"line":281,"column":58}},"line":281},"21":{"name":"(anonymous_21)","decl":{"start":{"line":318,"column":26},"end":{"line":318,"column":27}},"loc":{"start":{"line":318,"column":32},"end":{"line":318,"column":50}},"line":318},"22":{"name":"(anonymous_22)","decl":{"start":{"line":322,"column":41},"end":{"line":322,"column":42}},"loc":{"start":{"line":322,"column":47},"end":{"line":322,"column":65}},"line":322},"23":{"name":"(anonymous_23)","decl":{"start":{"line":344,"column":32},"end":{"line":344,"column":33}},"loc":{"start":{"line":344,"column":42},"end":{"line":344,"column":60}},"line":344}},"branchMap":{"0":{"loc":{"start":{"line":73,"column":4},"end":{"line":74,"column":65}},"type":"binary-expr","locations":[{"start":{"line":73,"column":4},"end":{"line":73,"column":66}},{"start":{"line":74,"column":4},"end":{"line":74,"column":65}}],"line":73},"1":{"loc":{"start":{"line":87,"column":4},"end":{"line":104,"column":5}},"type":"if","locations":[{"start":{"line":87,"column":4},"end":{"line":104,"column":5}},{"start":{"line":94,"column":11},"end":{"line":104,"column":5}}],"line":87},"2":{"loc":{"start":{"line":89,"column":8},"end":{"line":91,"column":16}},"type":"cond-expr","locations":[{"start":{"line":90,"column":12},"end":{"line":90,"column":52}},{"start":{"line":91,"column":12},"end":{"line":91,"column":16}}],"line":89},"3":{"loc":{"start":{"line":109,"column":4},"end":{"line":117,"column":5}},"type":"if","locations":[{"start":{"line":109,"column":4},"end":{"line":117,"column":5}},{"start":{"line":111,"column":11},"end":{"line":117,"column":5}}],"line":109},"4":{"loc":{"start":{"line":113,"column":8},"end":{"line":115,"column":16}},"type":"cond-expr","locations":[{"start":{"line":114,"column":12},"end":{"line":114,"column":46}},{"start":{"line":115,"column":12},"end":{"line":115,"column":16}}],"line":113},"5":{"loc":{"start":{"line":217,"column":11},"end":{"line":229,"column":11}},"type":"binary-expr","locations":[{"start":{"line":217,"column":11},"end":{"line":217,"column":19}},{"start":{"line":218,"column":12},"end":{"line":228,"column":31}}],"line":217},"6":{"loc":{"start":{"line":223,"column":15},"end":{"line":227,"column":15}},"type":"binary-expr","locations":[{"start":{"line":223,"column":15},"end":{"line":223,"column":30}},{"start":{"line":224,"column":16},"end":{"line":226,"column":23}}],"line":223},"7":{"loc":{"start":{"line":260,"column":7},"end":{"line":310,"column":7}},"type":"binary-expr","locations":[{"start":{"line":260,"column":7},"end":{"line":260,"column":15}},{"start":{"line":261,"column":8},"end":{"line":309,"column":15}}],"line":260},"8":{"loc":{"start":{"line":264,"column":13},"end":{"line":268,"column":13}},"type":"binary-expr","locations":[{"start":{"line":264,"column":13},"end":{"line":264,"column":28}},{"start":{"line":265,"column":14},"end":{"line":267,"column":33}}],"line":264},"9":{"loc":{"start":{"line":271,"column":11},"end":{"line":308,"column":11}},"type":"cond-expr","locations":[{"start":{"line":272,"column":12},"end":{"line":275,"column":19}},{"start":{"line":277,"column":12},"end":{"line":307,"column":15}}],"line":271},"10":{"loc":{"start":{"line":313,"column":7},"end":{"line":375,"column":7}},"type":"binary-expr","locations":[{"start":{"line":313,"column":7},"end":{"line":313,"column":15}},{"start":{"line":314,"column":8},"end":{"line":374,"column":16}}],"line":313},"11":{"loc":{"start":{"line":326,"column":15},"end":{"line":330,"column":15}},"type":"binary-expr","locations":[{"start":{"line":326,"column":15},"end":{"line":326,"column":30}},{"start":{"line":327,"column":16},"end":{"line":329,"column":35}}],"line":326},"12":{"loc":{"start":{"line":333,"column":13},"end":{"line":372,"column":13}},"type":"cond-expr","locations":[{"start":{"line":334,"column":14},"end":{"line":338,"column":21}},{"start":{"line":340,"column":14},"end":{"line":371,"column":17}}],"line":333}},"s":{"0":0,"1":0,"2":0,"3":0,"4":0,"5":0,"6":0,"7":0,"8":0,"9":0,"10":0,"11":0,"12":0,"13":0,"14":0,"15":0,"16":0,"17":0,"18":0,"19":0,"20":0,"21":0,"22":0,"23":0,"24":0,"25":0,"26":0,"27":0,"28":0,"29":0,"30":0,"31":0,"32":0,"33":0,"34":0,"35":0,"36":0,"37":0,"38":0,"39":0,"40":0,"41":0,"42":0,"43":0,"44":0,"45":0,"46":0,"47":0,"48":0,"49":0,"50":0},"f":{"0":0,"1":0,"2":0,"3":0,"4":0,"5":0,"6":0,"7":0,"8":0,"9":0,"10":0,"11":0,"12":0,"13":0,"14":0,"15":0,"16":0,"17":0,"18":0,"19":0,"20":0,"21":0,"22":0,"23":0},"b":{"0":[0,0],"1":[0,0],"2":[0,0],"3":[0,0],"4":[0,0],"5":[0,0],"6":[0,0],"7":[0,0],"8":[0,0],"9":[0,0],"10":[0,0],"11":[0,0],"12":[0,0]}}
,"/app/src/components/EnhancedProductSearch.tsx": {"path":"/app/src/components/EnhancedProductSearch.tsx","statementMap":{"0":{"start":{"line":27,"column":75},"end":{"line":284,"column":1}},"1":{"start":{"line":35,"column":40},"end":{"line":35,"column":52}},"2":{"start":{"line":36,"column":34},"end":{"line":36,"column":57}},"3":{"start":{"line":37,"column":50},"end":{"line":37,"column":73}},"4":{"start":{"line":38,"column":32},"end":{"line":38,"column":47}},"5":{"start":{"line":39,"column":40},"end":{"line":39,"column":55}},"6":{"start":{"line":40,"column":38},"end":{"line":40,"column":71}},"7":{"start":{"line":43,"column":27},"end":{"line":43,"column":51}},"8":{"start":{"line":45,"column":2},"end":{"line":51,"column":16}},"9":{"start":{"line":46,"column":4},"end":{"line":50,"column":5}},"10":{"start":{"line":47,"column":6},"end":{"line":47,"column":21}},"11":{"start":{"line":48,"column":6},"end":{"line":48,"column":25}},"12":{"start":{"line":49,"column":6},"end":{"line":49,"column":27}},"13":{"start":{"line":53,"column":2},"end":{"line":68,"column":30}},"14":{"start":{"line":55,"column":4},"end":{"line":57,"column":5}},"15":{"start":{"line":56,"column":6},"end":{"line":56,"column":45}},"16":{"start":{"line":59,"column":4},"end":{"line":61,"column":12}},"17":{"start":{"line":60,"column":6},"end":{"line":60,"column":22}},"18":{"start":{"line":63,"column":4},"end":{"line":67,"column":6}},"19":{"start":{"line":64,"column":6},"end":{"line":66,"column":7}},"20":{"start":{"line":65,"column":8},"end":{"line":65,"column":47}},"21":{"start":{"line":70,"column":23},"end":{"line":82,"column":3}},"22":{"start":{"line":71,"column":4},"end":{"line":81,"column":5}},"23":{"start":{"line":72,"column":6},"end":{"line":72,"column":23}},"24":{"start":{"line":73,"column":26},"end":{"line":73,"column":63}},"25":{"start":{"line":74,"column":6},"end":{"line":74,"column":31}},"26":{"start":{"line":75,"column":6},"end":{"line":75,"column":39}},"27":{"start":{"line":77,"column":6},"end":{"line":77,"column":54}},"28":{"start":{"line":78,"column":6},"end":{"line":78,"column":54}},"29":{"start":{"line":80,"column":6},"end":{"line":80,"column":24}},"30":{"start":{"line":84,"column":24},"end":{"line":100,"column":3}},"31":{"start":{"line":85,"column":4},"end":{"line":89,"column":5}},"32":{"start":{"line":86,"column":6},"end":{"line":86,"column":36}},"33":{"start":{"line":87,"column":6},"end":{"line":87,"column":27}},"34":{"start":{"line":88,"column":6},"end":{"line":88,"column":13}},"35":{"start":{"line":91,"column":18},"end":{"line":91,"column":50}},"36":{"start":{"line":92,"column":21},"end":{"line":96,"column":5}},"37":{"start":{"line":93,"column":6},"end":{"line":95,"column":41}},"38":{"start":{"line":98,"column":4},"end":{"line":98,"column":34}},"39":{"start":{"line":99,"column":4},"end":{"line":99,"column":28}},"40":{"start":{"line":102,"column":30},"end":{"line":105,"column":3}},"41":{"start":{"line":103,"column":4},"end":{"line":103,"column":29}},"42":{"start":{"line":104,"column":4},"end":{"line":104,"column":14}},"43":{"start":{"line":107,"column":31},"end":{"line":110,"column":3}},"44":{"start":{"line":109,"column":4},"end":{"line":109,"column":28}},"45":{"start":{"line":112,"column":38},"end":{"line":114,"column":3}},"46":{"start":{"line":113,"column":4},"end":{"line":113,"column":33}},"47":{"start":{"line":116,"column":40},"end":{"line":119,"column":3}},"48":{"start":{"line":117,"column":4},"end":{"line":117,"column":26}},"49":{"start":{"line":121,"column":28},"end":{"line":138,"column":3}},"50":{"start":{"line":122,"column":4},"end":{"line":137,"column":23}},"51":{"start":{"line":124,"column":21},"end":{"line":124,"column":46}},"52":{"start":{"line":140,"column":27},"end":{"line":184,"column":3}},"53":{"start":{"line":141,"column":4},"end":{"line":148,"column":5}},"54":{"start":{"line":142,"column":6},"end":{"line":147,"column":8}},"55":{"start":{"line":150,"column":4},"end":{"line":170,"column":5}},"56":{"start":{"line":151,"column":6},"end":{"line":169,"column":8}},"57":{"start":{"line":161,"column":16},"end":{"line":161,"column":26}},"58":{"start":{"line":162,"column":16},"end":{"line":162,"column":37}},"59":{"start":{"line":172,"column":4},"end":{"line":181,"column":5}},"60":{"start":{"line":173,"column":6},"end":{"line":180,"column":8}},"61":{"start":{"line":183,"column":4},"end":{"line":183,"column":16}},"62":{"start":{"line":186,"column":2},"end":{"line":283,"column":4}},"63":{"start":{"line":220,"column":29},"end":{"line":220,"column":49}},"64":{"start":{"line":235,"column":33},"end":{"line":235,"column":51}},"65":{"start":{"line":247,"column":36},"end":{"line":247,"column":54}},"66":{"start":{"line":261,"column":18},"end":{"line":261,"column":28}},"67":{"start":{"line":262,"column":18},"end":{"line":262,"column":39}},"68":{"start":{"line":277,"column":23},"end":{"line":277,"column":44}},"69":{"start":{"line":286,"column":15},"end":{"line":478,"column":2}}},"fnMap":{"0":{"name":"(anonymous_0)","decl":{"start":{"line":27,"column":75},"end":{"line":27,"column":76}},"loc":{"start":{"line":34,"column":6},"end":{"line":284,"column":1}},"line":34},"1":{"name":"(anonymous_1)","decl":{"start":{"line":45,"column":12},"end":{"line":45,"column":13}},"loc":{"start":{"line":45,"column":18},"end":{"line":51,"column":3}},"line":45},"2":{"name":"(anonymous_2)","decl":{"start":{"line":53,"column":12},"end":{"line":53,"column":13}},"loc":{"start":{"line":53,"column":18},"end":{"line":68,"column":3}},"line":53},"3":{"name":"(anonymous_3)","decl":{"start":{"line":59,"column":42},"end":{"line":59,"column":43}},"loc":{"start":{"line":59,"column":48},"end":{"line":61,"column":5}},"line":59},"4":{"name":"(anonymous_4)","decl":{"start":{"line":63,"column":11},"end":{"line":63,"column":12}},"loc":{"start":{"line":63,"column":17},"end":{"line":67,"column":5}},"line":63},"5":{"name":"(anonymous_5)","decl":{"start":{"line":70,"column":23},"end":{"line":70,"column":24}},"loc":{"start":{"line":70,"column":35},"end":{"line":82,"column":3}},"line":70},"6":{"name":"(anonymous_6)","decl":{"start":{"line":84,"column":24},"end":{"line":84,"column":25}},"loc":{"start":{"line":84,"column":30},"end":{"line":100,"column":3}},"line":84},"7":{"name":"(anonymous_7)","decl":{"start":{"line":92,"column":37},"end":{"line":92,"column":38}},"loc":{"start":{"line":93,"column":6},"end":{"line":95,"column":41}},"line":93},"8":{"name":"(anonymous_8)","decl":{"start":{"line":102,"column":30},"end":{"line":102,"column":31}},"loc":{"start":{"line":102,"column":52},"end":{"line":105,"column":3}},"line":102},"9":{"name":"(anonymous_9)","decl":{"start":{"line":107,"column":31},"end":{"line":107,"column":32}},"loc":{"start":{"line":107,"column":52},"end":{"line":110,"column":3}},"line":107},"10":{"name":"(anonymous_10)","decl":{"start":{"line":112,"column":38},"end":{"line":112,"column":39}},"loc":{"start":{"line":112,"column":60},"end":{"line":114,"column":3}},"line":112},"11":{"name":"(anonymous_11)","decl":{"start":{"line":116,"column":40},"end":{"line":116,"column":41}},"loc":{"start":{"line":116,"column":46},"end":{"line":119,"column":3}},"line":116},"12":{"name":"(anonymous_12)","decl":{"start":{"line":121,"column":28},"end":{"line":121,"column":29}},"loc":{"start":{"line":122,"column":4},"end":{"line":137,"column":23}},"line":122},"13":{"name":"(anonymous_13)","decl":{"start":{"line":124,"column":15},"end":{"line":124,"column":16}},"loc":{"start":{"line":124,"column":21},"end":{"line":124,"column":46}},"line":124},"14":{"name":"(anonymous_14)","decl":{"start":{"line":140,"column":27},"end":{"line":140,"column":28}},"loc":{"start":{"line":140,"column":33},"end":{"line":184,"column":3}},"line":140},"15":{"name":"(anonymous_15)","decl":{"start":{"line":160,"column":23},"end":{"line":160,"column":24}},"loc":{"start":{"line":160,"column":29},"end":{"line":163,"column":15}},"line":160},"16":{"name":"(anonymous_16)","decl":{"start":{"line":220,"column":23},"end":{"line":220,"column":24}},"loc":{"start":{"line":220,"column":29},"end":{"line":220,"column":49}},"line":220},"17":{"name":"(anonymous_17)","decl":{"start":{"line":235,"column":27},"end":{"line":235,"column":28}},"loc":{"start":{"line":235,"column":33},"end":{"line":235,"column":51}},"line":235},"18":{"name":"(anonymous_18)","decl":{"start":{"line":247,"column":26},"end":{"line":247,"column":27}},"loc":{"start":{"line":247,"column":36},"end":{"line":247,"column":54}},"line":247},"19":{"name":"(anonymous_19)","decl":{"start":{"line":260,"column":25},"end":{"line":260,"column":26}},"loc":{"start":{"line":260,"column":31},"end":{"line":263,"column":17}},"line":260},"20":{"name":"(anonymous_20)","decl":{"start":{"line":277,"column":17},"end":{"line":277,"column":18}},"loc":{"start":{"line":277,"column":23},"end":{"line":277,"column":44}},"line":277}},"branchMap":{"0":{"loc":{"start":{"line":32,"column":2},"end":{"line":32,"column":51}},"type":"default-arg","locations":[{"start":{"line":32,"column":16},"end":{"line":32,"column":51}}],"line":32},"1":{"loc":{"start":{"line":33,"column":2},"end":{"line":33,"column":27}},"type":"default-arg","locations":[{"start":{"line":33,"column":10},"end":{"line":33,"column":27}}],"line":33},"2":{"loc":{"start":{"line":46,"column":4},"end":{"line":50,"column":5}},"type":"if","locations":[{"start":{"line":46,"column":4},"end":{"line":50,"column":5}},{"start":{},"end":{}}],"line":46},"3":{"loc":{"start":{"line":55,"column":4},"end":{"line":57,"column":5}},"type":"if","locations":[{"start":{"line":55,"column":4},"end":{"line":57,"column":5}},{"start":{},"end":{}}],"line":55},"4":{"loc":{"start":{"line":64,"column":6},"end":{"line":66,"column":7}},"type":"if","locations":[{"start":{"line":64,"column":6},"end":{"line":66,"column":7}},{"start":{},"end":{}}],"line":64},"5":{"loc":{"start":{"line":85,"column":4},"end":{"line":89,"column":5}},"type":"if","locations":[{"start":{"line":85,"column":4},"end":{"line":89,"column":5}},{"start":{},"end":{}}],"line":85},"6":{"loc":{"start":{"line":93,"column":6},"end":{"line":95,"column":41}},"type":"binary-expr","locations":[{"start":{"line":93,"column":6},"end":{"line":93,"column":48}},{"start":{"line":94,"column":6},"end":{"line":94,"column":47}},{"start":{"line":95,"column":6},"end":{"line":95,"column":41}}],"line":93},"7":{"loc":{"start":{"line":141,"column":4},"end":{"line":148,"column":5}},"type":"if","locations":[{"start":{"line":141,"column":4},"end":{"line":148,"column":5}},{"start":{},"end":{}}],"line":141},"8":{"loc":{"start":{"line":150,"column":4},"end":{"line":170,"column":5}},"type":"if","locations":[{"start":{"line":150,"column":4},"end":{"line":170,"column":5}},{"start":{},"end":{}}],"line":150},"9":{"loc":{"start":{"line":150,"column":8},"end":{"line":150,"column":64}},"type":"binary-expr","locations":[{"start":{"line":150,"column":8},"end":{"line":150,"column":31}},{"start":{"line":150,"column":35},"end":{"line":150,"column":64}}],"line":150},"10":{"loc":{"start":{"line":157,"column":11},"end":{"line":167,"column":11}},"type":"binary-expr","locations":[{"start":{"line":157,"column":11},"end":{"line":157,"column":29}},{"start":{"line":158,"column":12},"end":{"line":166,"column":31}}],"line":157},"11":{"loc":{"start":{"line":172,"column":4},"end":{"line":181,"column":5}},"type":"if","locations":[{"start":{"line":172,"column":4},"end":{"line":181,"column":5}},{"start":{},"end":{}}],"line":172},"12":{"loc":{"start":{"line":227,"column":11},"end":{"line":241,"column":11}},"type":"binary-expr","locations":[{"start":{"line":227,"column":11},"end":{"line":227,"column":34}},{"start":{"line":228,"column":12},"end":{"line":240,"column":19}}],"line":227},"13":{"loc":{"start":{"line":230,"column":49},"end":{"line":230,"column":89}},"type":"cond-expr","locations":[{"start":{"line":230,"column":81},"end":{"line":230,"column":84}},{"start":{"line":230,"column":87},"end":{"line":230,"column":89}}],"line":230},"14":{"loc":{"start":{"line":232,"column":15},"end":{"line":239,"column":15}},"type":"binary-expr","locations":[{"start":{"line":232,"column":15},"end":{"line":232,"column":42}},{"start":{"line":233,"column":16},"end":{"line":238,"column":35}}],"line":232},"15":{"loc":{"start":{"line":249,"column":35},"end":{"line":249,"column":104}},"type":"cond-expr","locations":[{"start":{"line":249,"column":67},"end":{"line":249,"column":92}},{"start":{"line":249,"column":95},"end":{"line":249,"column":104}}],"line":249},"16":{"loc":{"start":{"line":256,"column":11},"end":{"line":270,"column":11}},"type":"binary-expr","locations":[{"start":{"line":256,"column":11},"end":{"line":256,"column":29}},{"start":{"line":257,"column":12},"end":{"line":269,"column":19}}],"line":256}},"s":{"0":0,"1":0,"2":0,"3":0,"4":0,"5":0,"6":0,"7":0,"8":0,"9":0,"10":0,"11":0,"12":0,"13":0,"14":0,"15":0,"16":0,"17":0,"18":0,"19":0,"20":0,"21":0,"22":0,"23":0,"24":0,"25":0,"26":0,"27":0,"28":0,"29":0,"30":0,"31":0,"32":0,"33":0,"34":0,"35":0,"36":0,"37":0,"38":0,"39":0,"40":0,"41":0,"42":0,"43":0,"44":0,"45":0,"46":0,"47":0,"48":0,"49":0,"50":0,"51":0,"52":0,"53":0,"54":0,"55":0,"56":0,"57":0,"58":0,"59":0,"60":0,"61":0,"62":0,"63":0,"64":0,"65":0,"66":0,"67":0,"68":0,"69":0},"f":{"0":0,"1":0,"2":0,"3":0,"4":0,"5":0,"6":0,"7":0,"8":0,"9":0,"10":0,"11":0,"12":0,"13":0,"14":0,"15":0,"16":0,"17":0,"18":0,"19":0,"20":0},"b":{"0":[0],"1":[0],"2":[0,0],"3":[0,0],"4":[0,0],"5":[0,0],"6":[0,0,0],"7":[0,0],"8":[0,0],"9":[0,0],"10":[0,0],"11":[0,0],"12":[0,0],"13":[0,0],"14":[0,0],"15":[0,0],"16":[0,0]}}
,"/app/src/components/EnhancedReceiptGenerator.tsx": {"path":"/app/src/components/EnhancedReceiptGenerator.tsx","statementMap":{"0":{"start":{"line":27,"column":81},"end":{"line":454,"column":1}},"1":{"start":{"line":33,"column":32},"end":{"line":33,"column":62}},"2":{"start":{"line":34,"column":40},"end":{"line":34,"column":60}},"3":{"start":{"line":35,"column":42},"end":{"line":35,"column":77}},"4":{"start":{"line":36,"column":32},"end":{"line":36,"column":46}},"5":{"start":{"line":37,"column":44},"end":{"line":37,"column":98}},"6":{"start":{"line":38,"column":42},"end":{"line":38,"column":54}},"7":{"start":{"line":39,"column":46},"end":{"line":39,"column":61}},"8":{"start":{"line":41,"column":2},"end":{"line":43,"column":13}},"9":{"start":{"line":42,"column":4},"end":{"line":42,"column":24}},"10":{"start":{"line":45,"column":2},"end":{"line":49,"column":31}},"11":{"start":{"line":46,"column":4},"end":{"line":48,"column":5}},"12":{"start":{"line":47,"column":6},"end":{"line":47,"column":26}},"13":{"start":{"line":51,"column":28},"end":{"line":82,"column":3}},"14":{"start":{"line":52,"column":4},"end":{"line":81,"column":5}},"15":{"start":{"line":53,"column":6},"end":{"line":53,"column":23}},"16":{"start":{"line":56,"column":23},"end":{"line":56,"column":68}},"17":{"start":{"line":57,"column":6},"end":{"line":57,"column":32}},"18":{"start":{"line":60,"column":49},"end":{"line":62,"column":7}},"19":{"start":{"line":64,"column":21},"end":{"line":64,"column":73}},"20":{"start":{"line":66,"column":6},"end":{"line":75,"column":7}},"21":{"start":{"line":67,"column":33},"end":{"line":67,"column":84}},"22":{"start":{"line":68,"column":8},"end":{"line":72,"column":9}},"23":{"start":{"line":69,"column":10},"end":{"line":69,"column":39}},"24":{"start":{"line":70,"column":10},"end":{"line":70,"column":51}},"25":{"start":{"line":71,"column":10},"end":{"line":71,"column":88}},"26":{"start":{"line":74,"column":8},"end":{"line":74,"column":75}},"27":{"start":{"line":77,"column":6},"end":{"line":77,"column":60}},"28":{"start":{"line":78,"column":6},"end":{"line":78,"column":57}},"29":{"start":{"line":80,"column":6},"end":{"line":80,"column":24}},"30":{"start":{"line":84,"column":28},"end":{"line":100,"column":3}},"31":{"start":{"line":85,"column":4},"end":{"line":85,"column":25}},"32":{"start":{"line":85,"column":18},"end":{"line":85,"column":25}},"33":{"start":{"line":87,"column":4},"end":{"line":99,"column":5}},"34":{"start":{"line":88,"column":49},"end":{"line":90,"column":7}},"35":{"start":{"line":92,"column":21},"end":{"line":92,"column":73}},"36":{"start":{"line":94,"column":6},"end":{"line":96,"column":7}},"37":{"start":{"line":95,"column":8},"end":{"line":95,"column":49}},"38":{"start":{"line":98,"column":6},"end":{"line":98,"column":60}},"39":{"start":{"line":102,"column":22},"end":{"line":114,"column":3}},"40":{"start":{"line":103,"column":4},"end":{"line":113,"column":5}},"41":{"start":{"line":104,"column":6},"end":{"line":104,"column":27}},"42":{"start":{"line":104,"column":20},"end":{"line":104,"column":27}},"43":{"start":{"line":106,"column":26},"end":{"line":106,"column":52}},"44":{"start":{"line":107,"column":6},"end":{"line":110,"column":9}},"45":{"start":{"line":112,"column":6},"end":{"line":112,"column":60}},"46":{"start":{"line":116,"column":22},"end":{"line":122,"column":3}},"47":{"start":{"line":117,"column":4},"end":{"line":121,"column":5}},"48":{"start":{"line":118,"column":6},"end":{"line":118,"column":16}},"49":{"start":{"line":120,"column":6},"end":{"line":120,"column":87}},"50":{"start":{"line":124,"column":22},"end":{"line":130,"column":3}},"51":{"start":{"line":125,"column":4},"end":{"line":129,"column":5}},"52":{"start":{"line":126,"column":6},"end":{"line":126,"column":18}},"53":{"start":{"line":128,"column":6},"end":{"line":128,"column":30}},"54":{"start":{"line":132,"column":20},"end":{"line":162,"column":3}},"55":{"start":{"line":133,"column":4},"end":{"line":161,"column":5}},"56":{"start":{"line":134,"column":6},"end":{"line":134,"column":44}},"57":{"start":{"line":134,"column":37},"end":{"line":134,"column":44}},"58":{"start":{"line":136,"column":49},"end":{"line":145,"column":7}},"59":{"start":{"line":147,"column":21},"end":{"line":147,"column":73}},"60":{"start":{"line":149,"column":6},"end":{"line":156,"column":7}},"61":{"start":{"line":150,"column":8},"end":{"line":150,"column":78}},"62":{"start":{"line":151,"column":8},"end":{"line":153,"column":9}},"63":{"start":{"line":152,"column":10},"end":{"line":152,"column":32}},"64":{"start":{"line":155,"column":8},"end":{"line":155,"column":77}},"65":{"start":{"line":158,"column":6},"end":{"line":158,"column":65}},"66":{"start":{"line":160,"column":6},"end":{"line":160,"column":31}},"67":{"start":{"line":164,"column":35},"end":{"line":228,"column":3}},"68":{"start":{"line":165,"column":4},"end":{"line":165,"column":45}},"69":{"start":{"line":165,"column":35},"end":{"line":165,"column":45}},"70":{"start":{"line":167,"column":20},"end":{"line":167,"column":54}},"71":{"start":{"line":168,"column":25},"end":{"line":168,"column":59}},"72":{"start":{"line":170,"column":15},"end":{"line":181,"column":1}},"73":{"start":{"line":184,"column":4},"end":{"line":191,"column":7}},"74":{"start":{"line":185,"column":6},"end":{"line":185,"column":38}},"75":{"start":{"line":186,"column":6},"end":{"line":186,"column":97}},"76":{"start":{"line":187,"column":6},"end":{"line":189,"column":7}},"77":{"start":{"line":188,"column":8},"end":{"line":188,"column":39}},"78":{"start":{"line":190,"column":6},"end":{"line":190,"column":19}},"79":{"start":{"line":194,"column":4},"end":{"line":195,"column":43}},"80":{"start":{"line":197,"column":4},"end":{"line":199,"column":5}},"81":{"start":{"line":198,"column":6},"end":{"line":198,"column":55}},"82":{"start":{"line":201,"column":4},"end":{"line":203,"column":5}},"83":{"start":{"line":202,"column":6},"end":{"line":202,"column":66}},"84":{"start":{"line":205,"column":4},"end":{"line":209,"column":17}},"85":{"start":{"line":212,"column":4},"end":{"line":215,"column":7}},"86":{"start":{"line":213,"column":6},"end":{"line":213,"column":72}},"87":{"start":{"line":214,"column":6},"end":{"line":214,"column":56}},"88":{"start":{"line":217,"column":4},"end":{"line":219,"column":5}},"89":{"start":{"line":218,"column":6},"end":{"line":218,"column":62}},"90":{"start":{"line":221,"column":4},"end":{"line":225,"column":2}},"91":{"start":{"line":227,"column":4},"end":{"line":227,"column":16}},"92":{"start":{"line":230,"column":2},"end":{"line":237,"column":3}},"93":{"start":{"line":231,"column":4},"end":{"line":236,"column":6}},"94":{"start":{"line":239,"column":2},"end":{"line":453,"column":4}},"95":{"start":{"line":254,"column":12},"end":{"line":270,"column":31}},"96":{"start":{"line":260,"column":29},"end":{"line":260,"column":60}},"97":{"start":{"line":323,"column":12},"end":{"line":336,"column":19}},"98":{"start":{"line":376,"column":18},"end":{"line":381,"column":25}},"99":{"start":{"line":436,"column":31},"end":{"line":436,"column":55}},"100":{"start":{"line":456,"column":15},"end":{"line":771,"column":2}}},"fnMap":{"0":{"name":"(anonymous_0)","decl":{"start":{"line":27,"column":81},"end":{"line":27,"column":82}},"loc":{"start":{"line":32,"column":6},"end":{"line":454,"column":1}},"line":32},"1":{"name":"(anonymous_1)","decl":{"start":{"line":41,"column":12},"end":{"line":41,"column":13}},"loc":{"start":{"line":41,"column":18},"end":{"line":43,"column":3}},"line":41},"2":{"name":"(anonymous_2)","decl":{"start":{"line":45,"column":12},"end":{"line":45,"column":13}},"loc":{"start":{"line":45,"column":18},"end":{"line":49,"column":3}},"line":45},"3":{"name":"(anonymous_3)","decl":{"start":{"line":51,"column":28},"end":{"line":51,"column":29}},"loc":{"start":{"line":51,"column":40},"end":{"line":82,"column":3}},"line":51},"4":{"name":"(anonymous_4)","decl":{"start":{"line":84,"column":28},"end":{"line":84,"column":29}},"loc":{"start":{"line":84,"column":40},"end":{"line":100,"column":3}},"line":84},"5":{"name":"(anonymous_5)","decl":{"start":{"line":102,"column":22},"end":{"line":102,"column":23}},"loc":{"start":{"line":102,"column":34},"end":{"line":114,"column":3}},"line":102},"6":{"name":"(anonymous_6)","decl":{"start":{"line":116,"column":22},"end":{"line":116,"column":23}},"loc":{"start":{"line":116,"column":28},"end":{"line":122,"column":3}},"line":116},"7":{"name":"(anonymous_7)","decl":{"start":{"line":124,"column":22},"end":{"line":124,"column":23}},"loc":{"start":{"line":124,"column":28},"end":{"line":130,"column":3}},"line":124},"8":{"name":"(anonymous_8)","decl":{"start":{"line":132,"column":20},"end":{"line":132,"column":21}},"loc":{"start":{"line":132,"column":32},"end":{"line":162,"column":3}},"line":132},"9":{"name":"(anonymous_9)","decl":{"start":{"line":164,"column":35},"end":{"line":164,"column":36}},"loc":{"start":{"line":164,"column":49},"end":{"line":228,"column":3}},"line":164},"10":{"name":"(anonymous_10)","decl":{"start":{"line":184,"column":30},"end":{"line":184,"column":31}},"loc":{"start":{"line":184,"column":40},"end":{"line":191,"column":5}},"line":184},"11":{"name":"(anonymous_11)","decl":{"start":{"line":212,"column":29},"end":{"line":212,"column":30}},"loc":{"start":{"line":212,"column":49},"end":{"line":215,"column":5}},"line":212},"12":{"name":"(anonymous_12)","decl":{"start":{"line":253,"column":48},"end":{"line":253,"column":49}},"loc":{"start":{"line":254,"column":12},"end":{"line":270,"column":31}},"line":254},"13":{"name":"(anonymous_13)","decl":{"start":{"line":260,"column":23},"end":{"line":260,"column":24}},"loc":{"start":{"line":260,"column":29},"end":{"line":260,"column":60}},"line":260},"14":{"name":"(anonymous_14)","decl":{"start":{"line":322,"column":34},"end":{"line":322,"column":35}},"loc":{"start":{"line":323,"column":12},"end":{"line":336,"column":19}},"line":323},"15":{"name":"(anonymous_15)","decl":{"start":{"line":375,"column":38},"end":{"line":375,"column":39}},"loc":{"start":{"line":376,"column":18},"end":{"line":381,"column":25}},"line":376},"16":{"name":"(anonymous_16)","decl":{"start":{"line":436,"column":25},"end":{"line":436,"column":26}},"loc":{"start":{"line":436,"column":31},"end":{"line":436,"column":55}},"line":436}},"branchMap":{"0":{"loc":{"start":{"line":46,"column":4},"end":{"line":48,"column":5}},"type":"if","locations":[{"start":{"line":46,"column":4},"end":{"line":48,"column":5}},{"start":{},"end":{}}],"line":46},"1":{"loc":{"start":{"line":66,"column":6},"end":{"line":75,"column":7}},"type":"if","locations":[{"start":{"line":66,"column":6},"end":{"line":75,"column":7}},{"start":{"line":73,"column":13},"end":{"line":75,"column":7}}],"line":66},"2":{"loc":{"start":{"line":68,"column":8},"end":{"line":72,"column":9}},"type":"if","locations":[{"start":{"line":68,"column":8},"end":{"line":72,"column":9}},{"start":{},"end":{}}],"line":68},"3":{"loc":{"start":{"line":70,"column":25},"end":{"line":70,"column":49}},"type":"binary-expr","locations":[{"start":{"line":70,"column":25},"end":{"line":70,"column":43}},{"start":{"line":70,"column":47},"end":{"line":70,"column":49}}],"line":70},"4":{"loc":{"start":{"line":74,"column":29},"end":{"line":74,"column":73}},"type":"binary-expr","locations":[{"start":{"line":74,"column":29},"end":{"line":74,"column":41}},{"start":{"line":74,"column":45},"end":{"line":74,"column":73}}],"line":74},"5":{"loc":{"start":{"line":85,"column":4},"end":{"line":85,"column":25}},"type":"if","locations":[{"start":{"line":85,"column":4},"end":{"line":85,"column":25}},{"start":{},"end":{}}],"line":85},"6":{"loc":{"start":{"line":94,"column":6},"end":{"line":96,"column":7}},"type":"if","locations":[{"start":{"line":94,"column":6},"end":{"line":96,"column":7}},{"start":{},"end":{}}],"line":94},"7":{"loc":{"start":{"line":95,"column":23},"end":{"line":95,"column":47}},"type":"binary-expr","locations":[{"start":{"line":95,"column":23},"end":{"line":95,"column":41}},{"start":{"line":95,"column":45},"end":{"line":95,"column":47}}],"line":95},"8":{"loc":{"start":{"line":104,"column":6},"end":{"line":104,"column":27}},"type":"if","locations":[{"start":{"line":104,"column":6},"end":{"line":104,"column":27}},{"start":{},"end":{}}],"line":104},"9":{"loc":{"start":{"line":117,"column":4},"end":{"line":121,"column":5}},"type":"if","locations":[{"start":{"line":117,"column":4},"end":{"line":121,"column":5}},{"start":{"line":119,"column":11},"end":{"line":121,"column":5}}],"line":117},"10":{"loc":{"start":{"line":125,"column":4},"end":{"line":129,"column":5}},"type":"if","locations":[{"start":{"line":125,"column":4},"end":{"line":129,"column":5}},{"start":{"line":127,"column":11},"end":{"line":129,"column":5}}],"line":125},"11":{"loc":{"start":{"line":125,"column":8},"end":{"line":125,"column":50}},"type":"binary-expr","locations":[{"start":{"line":125,"column":8},"end":{"line":125,"column":20}},{"start":{"line":125,"column":24},"end":{"line":125,"column":50}}],"line":125},"12":{"loc":{"start":{"line":134,"column":6},"end":{"line":134,"column":44}},"type":"if","locations":[{"start":{"line":134,"column":6},"end":{"line":134,"column":44}},{"start":{},"end":{}}],"line":134},"13":{"loc":{"start":{"line":134,"column":10},"end":{"line":134,"column":35}},"type":"binary-expr","locations":[{"start":{"line":134,"column":10},"end":{"line":134,"column":18}},{"start":{"line":134,"column":22},"end":{"line":134,"column":35}}],"line":134},"14":{"loc":{"start":{"line":141,"column":63},"end":{"line":141,"column":96}},"type":"binary-expr","locations":[{"start":{"line":141,"column":63},"end":{"line":141,"column":81}},{"start":{"line":141,"column":85},"end":{"line":141,"column":96}}],"line":141},"15":{"loc":{"start":{"line":142,"column":124},"end":{"line":142,"column":157}},"type":"binary-expr","locations":[{"start":{"line":142,"column":124},"end":{"line":142,"column":142}},{"start":{"line":142,"column":146},"end":{"line":142,"column":157}}],"line":142},"16":{"loc":{"start":{"line":149,"column":6},"end":{"line":156,"column":7}},"type":"if","locations":[{"start":{"line":149,"column":6},"end":{"line":156,"column":7}},{"start":{"line":154,"column":13},"end":{"line":156,"column":7}}],"line":149},"17":{"loc":{"start":{"line":151,"column":8},"end":{"line":153,"column":9}},"type":"if","locations":[{"start":{"line":151,"column":8},"end":{"line":153,"column":9}},{"start":{},"end":{}}],"line":151},"18":{"loc":{"start":{"line":155,"column":35},"end":{"line":155,"column":75}},"type":"binary-expr","locations":[{"start":{"line":155,"column":35},"end":{"line":155,"column":47}},{"start":{"line":155,"column":51},"end":{"line":155,"column":75}}],"line":155},"19":{"loc":{"start":{"line":165,"column":4},"end":{"line":165,"column":45}},"type":"if","locations":[{"start":{"line":165,"column":4},"end":{"line":165,"column":45}},{"start":{},"end":{}}],"line":165},"20":{"loc":{"start":{"line":165,"column":8},"end":{"line":165,"column":33}},"type":"binary-expr","locations":[{"start":{"line":165,"column":8},"end":{"line":165,"column":16}},{"start":{"line":165,"column":20},"end":{"line":165,"column":33}}],"line":165},"21":{"loc":{"start":{"line":187,"column":6},"end":{"line":189,"column":7}},"type":"if","locations":[{"start":{"line":187,"column":6},"end":{"line":189,"column":7}},{"start":{},"end":{}}],"line":187},"22":{"loc":{"start":{"line":197,"column":4},"end":{"line":199,"column":5}},"type":"if","locations":[{"start":{"line":197,"column":4},"end":{"line":199,"column":5}},{"start":{},"end":{}}],"line":197},"23":{"loc":{"start":{"line":201,"column":4},"end":{"line":203,"column":5}},"type":"if","locations":[{"start":{"line":201,"column":4},"end":{"line":203,"column":5}},{"start":{},"end":{}}],"line":201},"24":{"loc":{"start":{"line":217,"column":4},"end":{"line":219,"column":5}},"type":"if","locations":[{"start":{"line":217,"column":4},"end":{"line":219,"column":5}},{"start":{},"end":{}}],"line":217},"25":{"loc":{"start":{"line":230,"column":2},"end":{"line":237,"column":3}},"type":"if","locations":[{"start":{"line":230,"column":2},"end":{"line":237,"column":3}},{"start":{},"end":{}}],"line":230},"26":{"loc":{"start":{"line":258,"column":16},"end":{"line":258,"column":69}},"type":"binary-expr","locations":[{"start":{"line":258,"column":16},"end":{"line":258,"column":40}},{"start":{"line":258,"column":44},"end":{"line":258,"column":69}}],"line":258},"27":{"loc":{"start":{"line":265,"column":18},"end":{"line":265,"column":75}},"type":"binary-expr","locations":[{"start":{"line":265,"column":18},"end":{"line":265,"column":42}},{"start":{"line":265,"column":46},"end":{"line":265,"column":75}}],"line":265},"28":{"loc":{"start":{"line":277,"column":38},"end":{"line":277,"column":90}},"type":"binary-expr","locations":[{"start":{"line":277,"column":38},"end":{"line":277,"column":65}},{"start":{"line":277,"column":69},"end":{"line":277,"column":90}}],"line":277},"29":{"loc":{"start":{"line":279,"column":11},"end":{"line":295,"column":11}},"type":"binary-expr","locations":[{"start":{"line":279,"column":11},"end":{"line":279,"column":23}},{"start":{"line":280,"column":12},"end":{"line":294,"column":19}}],"line":279},"30":{"loc":{"start":{"line":291,"column":15},"end":{"line":293,"column":15}},"type":"binary-expr","locations":[{"start":{"line":291,"column":15},"end":{"line":291,"column":43}},{"start":{"line":292,"column":16},"end":{"line":292,"column":90}}],"line":291},"31":{"loc":{"start":{"line":298,"column":11},"end":{"line":315,"column":11}},"type":"binary-expr","locations":[{"start":{"line":298,"column":11},"end":{"line":298,"column":18}},{"start":{"line":299,"column":12},"end":{"line":314,"column":19}}],"line":298},"32":{"loc":{"start":{"line":332,"column":17},"end":{"line":334,"column":17}},"type":"binary-expr","locations":[{"start":{"line":332,"column":17},"end":{"line":332,"column":25}},{"start":{"line":333,"column":18},"end":{"line":333,"column":69}}],"line":332},"33":{"loc":{"start":{"line":340,"column":11},"end":{"line":392,"column":11}},"type":"binary-expr","locations":[{"start":{"line":340,"column":11},"end":{"line":340,"column":18}},{"start":{"line":341,"column":12},"end":{"line":391,"column":15}}],"line":340},"34":{"loc":{"start":{"line":349,"column":17},"end":{"line":354,"column":17}},"type":"binary-expr","locations":[{"start":{"line":349,"column":17},"end":{"line":349,"column":37}},{"start":{"line":350,"column":18},"end":{"line":353,"column":25}}],"line":349},"35":{"loc":{"start":{"line":356,"column":17},"end":{"line":361,"column":17}},"type":"binary-expr","locations":[{"start":{"line":356,"column":17},"end":{"line":356,"column":42}},{"start":{"line":357,"column":18},"end":{"line":360,"column":25}}],"line":356},"36":{"loc":{"start":{"line":384,"column":17},"end":{"line":389,"column":17}},"type":"binary-expr","locations":[{"start":{"line":384,"column":17},"end":{"line":384,"column":41}},{"start":{"line":385,"column":18},"end":{"line":388,"column":25}}],"line":384},"37":{"loc":{"start":{"line":444,"column":26},"end":{"line":444,"column":70}},"type":"binary-expr","locations":[{"start":{"line":444,"column":26},"end":{"line":444,"column":39}},{"start":{"line":444,"column":43},"end":{"line":444,"column":70}}],"line":444}},"s":{"0":0,"1":0,"2":0,"3":0,"4":0,"5":0,"6":0,"7":0,"8":0,"9":0,"10":0,"11":0,"12":0,"13":0,"14":0,"15":0,"16":0,"17":0,"18":0,"19":0,"20":0,"21":0,"22":0,"23":0,"24":0,"25":0,"26":0,"27":0,"28":0,"29":0,"30":0,"31":0,"32":0,"33":0,"34":0,"35":0,"36":0,"37":0,"38":0,"39":0,"40":0,"41":0,"42":0,"43":0,"44":0,"45":0,"46":0,"47":0,"48":0,"49":0,"50":0,"51":0,"52":0,"53":0,"54":0,"55":0,"56":0,"57":0,"58":0,"59":0,"60":0,"61":0,"62":0,"63":0,"64":0,"65":0,"66":0,"67":0,"68":0,"69":0,"70":0,"71":0,"72":0,"73":0,"74":0,"75":0,"76":0,"77":0,"78":0,"79":0,"80":0,"81":0,"82":0,"83":0,"84":0,"85":0,"86":0,"87":0,"88":0,"89":0,"90":0,"91":0,"92":0,"93":0,"94":0,"95":0,"96":0,"97":0,"98":0,"99":0,"100":0},"f":{"0":0
[...]
19,"column":3}},"line":85},"6":{"name":"(anonymous_6)","decl":{"start":{"line":121,"column":2},"end":{"line":121,"column":3}},"loc":{"start":{"line":121,"column":34},"end":{"line":123,"column":3}},"line":121},"7":{"name":"(anonymous_7)","decl":{"start":{"line":125,"column":2},"end":{"line":125,"column":3}},"loc":{"start":{"line":125,"column":32},"end":{"line":127,"column":3}},"line":125},"8":{"name":"(anonymous_8)","decl":{"start":{"line":129,"column":2},"end":{"line":129,"column":3}},"loc":{"start":{"line":129,"column":34},"end":{"line":131,"column":3}},"line":129},"9":{"name":"(anonymous_9)","decl":{"start":{"line":133,"column":2},"end":{"line":133,"column":3}},"loc":{"start":{"line":133,"column":31},"end":{"line":135,"column":3}},"line":133},"10":{"name":"(anonymous_10)","decl":{"start":{"line":190,"column":12},"end":{"line":190,"column":13}},"loc":{"start":{"line":190,"column":85},"end":{"line":196,"column":3}},"line":190},"11":{"name":"(anonymous_11)","decl":{"start":{"line":192,"column":12},"end":{"line":192,"column":13}},"loc":{"start":{"line":192,"column":32},"end":{"line":195,"column":5}},"line":192},"12":{"name":"(anonymous_12)","decl":{"start":{"line":194,"column":29},"end":{"line":194,"column":30}},"loc":{"start":{"line":194,"column":35},"end":{"line":194,"column":57}},"line":194},"13":{"name":"(anonymous_13)","decl":{"start":{"line":199,"column":12},"end":{"line":199,"column":13}},"loc":{"start":{"line":199,"column":85},"end":{"line":208,"column":3}},"line":199},"14":{"name":"(anonymous_14)","decl":{"start":{"line":201,"column":12},"end":{"line":201,"column":13}},"loc":{"start":{"line":201,"column":32},"end":{"line":207,"column":5}},"line":201},"15":{"name":"(anonymous_15)","decl":{"start":{"line":211,"column":26},"end":{"line":211,"column":27}},"loc":{"start":{"line":211,"column":103},"end":{"line":234,"column":3}},"line":211},"16":{"name":"(anonymous_16)","decl":{"start":{"line":215,"column":11},"end":{"line":215,"column":12}},"loc":{"start":{"line":215,"column":17},"end":{"line":233,"column":5}},"line":215},"17":{"name":"(anonymous_17)","decl":{"start":{"line":226,"column":38},"end":{"line":226,"column":39}},"loc":{"start":{"line":226,"column":44},"end":{"line":229,"column":9}},"line":226},"18":{"name":"(anonymous_18)","decl":{"start":{"line":240,"column":30},"end":{"line":240,"column":31}},"loc":{"start":{"line":240,"column":124},"end":{"line":245,"column":3}},"line":240},"19":{"name":"(anonymous_19)","decl":{"start":{"line":259,"column":20},"end":{"line":259,"column":21}},"loc":{"start":{"line":264,"column":8},"end":{"line":272,"column":3}},"line":264},"20":{"name":"(anonymous_20)","decl":{"start":{"line":277,"column":9},"end":{"line":277,"column":10}},"loc":{"start":{"line":277,"column":37},"end":{"line":280,"column":3}},"line":277},"21":{"name":"(anonymous_21)","decl":{"start":{"line":282,"column":9},"end":{"line":282,"column":10}},"loc":{"start":{"line":282,"column":37},"end":{"line":285,"column":3}},"line":282},"22":{"name":"(anonymous_22)","decl":{"start":{"line":287,"column":12},"end":{"line":287,"column":13}},"loc":{"start":{"line":287,"column":40},"end":{"line":289,"column":3}},"line":287},"23":{"name":"(anonymous_23)","decl":{"start":{"line":291,"column":13},"end":{"line":291,"column":14}},"loc":{"start":{"line":291,"column":54},"end":{"line":293,"column":3}},"line":291},"24":{"name":"(anonymous_24)","decl":{"start":{"line":295,"column":13},"end":{"line":295,"column":14}},"loc":{"start":{"line":295,"column":54},"end":{"line":297,"column":3}},"line":295},"25":{"name":"(anonymous_25)","decl":{"start":{"line":299,"column":11},"end":{"line":299,"column":12}},"loc":{"start":{"line":299,"column":39},"end":{"line":301,"column":3}},"line":299},"26":{"name":"(anonymous_26)","decl":{"start":{"line":303,"column":11},"end":{"line":303,"column":12}},"loc":{"start":{"line":303,"column":39},"end":{"line":305,"column":3}},"line":303},"27":{"name":"(anonymous_27)","decl":{"start":{"line":311,"column":20},"end":{"line":311,"column":21}},"loc":{"start":{"line":311,"column":53},"end":{"line":320,"column":3}},"line":311},"28":{"name":"(anonymous_28)","decl":{"start":{"line":314,"column":11},"end":{"line":314,"column":12}},"loc":{"start":{"line":314,"column":29},"end":{"line":319,"column":5}},"line":314},"29":{"name":"(anonymous_29)","decl":{"start":{"line":323,"column":26},"end":{"line":323,"column":27}},"loc":{"start":{"line":323,"column":76},"end":{"line":334,"column":3}},"line":323},"30":{"name":"(anonymous_30)","decl":{"start":{"line":337,"column":26},"end":{"line":337,"column":27}},"loc":{"start":{"line":337,"column":126},"end":{"line":351,"column":3}},"line":337},"31":{"name":"(anonymous_31)","decl":{"start":{"line":340,"column":12},"end":{"line":340,"column":13}},"loc":{"start":{"line":340,"column":55},"end":{"line":350,"column":5}},"line":340},"32":{"name":"(anonymous_32)","decl":{"start":{"line":357,"column":22},"end":{"line":357,"column":23}},"loc":{"start":{"line":357,"column":38},"end":{"line":367,"column":3}},"line":357},"33":{"name":"(anonymous_33)","decl":{"start":{"line":370,"column":25},"end":{"line":370,"column":26}},"loc":{"start":{"line":370,"column":63},"end":{"line":375,"column":3}},"line":370},"34":{"name":"(anonymous_34)","decl":{"start":{"line":378,"column":23},"end":{"line":378,"column":24}},"loc":{"start":{"line":378,"column":77},"end":{"line":403,"column":3}},"line":378},"35":{"name":"(anonymous_35)","decl":{"start":{"line":380,"column":6},"end":{"line":380,"column":7}},"loc":{"start":{"line":380,"column":30},"end":{"line":383,"column":7}},"line":380},"36":{"name":"(anonymous_36)","decl":{"start":{"line":385,"column":6},"end":{"line":385,"column":7}},"loc":{"start":{"line":385,"column":40},"end":{"line":387,"column":7}},"line":385},"37":{"name":"(anonymous_37)","decl":{"start":{"line":389,"column":6},"end":{"line":389,"column":7}},"loc":{"start":{"line":389,"column":54},"end":{"line":393,"column":7}},"line":389},"38":{"name":"(anonymous_38)","decl":{"start":{"line":395,"column":6},"end":{"line":395,"column":7}},"loc":{"start":{"line":395,"column":15},"end":{"line":401,"column":7}},"line":395},"39":{"name":"(anonymous_39)","decl":{"start":{"line":409,"column":22},"end":{"line":409,"column":23}},"loc":{"start":{"line":409,"column":46},"end":{"line":422,"column":3}},"line":409},"40":{"name":"(anonymous_40)","decl":{"start":{"line":425,"column":18},"end":{"line":425,"column":19}},"loc":{"start":{"line":425,"column":98},"end":{"line":430,"column":3}},"line":425},"41":{"name":"(anonymous_41)","decl":{"start":{"line":433,"column":16},"end":{"line":433,"column":17}},"loc":{"start":{"line":433,"column":61},"end":{"line":445,"column":3}},"line":433}},"branchMap":{"0":{"loc":{"start":{"line":10,"column":6},"end":{"line":16,"column":7}},"type":"if","locations":[{"start":{"line":10,"column":6},"end":{"line":16,"column":7}},{"start":{"line":14,"column":13},"end":{"line":16,"column":7}}],"line":10},"1":{"loc":{"start":{"line":10,"column":10},"end":{"line":10,"column":58}},"type":"binary-expr","locations":[{"start":{"line":10,"column":10},"end":{"line":10,"column":33}},{"start":{"line":10,"column":37},"end":{"line":10,"column":58}}],"line":10},"2":{"loc":{"start":{"line":14,"column":13},"end":{"line":16,"column":7}},"type":"if","locations":[{"start":{"line":14,"column":13},"end":{"line":16,"column":7}},{"start":{},"end":{}}],"line":14},"3":{"loc":{"start":{"line":27,"column":6},"end":{"line":31,"column":7}},"type":"if","locations":[{"start":{"line":27,"column":6},"end":{"line":31,"column":7}},{"start":{"line":29,"column":13},"end":{"line":31,"column":7}}],"line":27},"4":{"loc":{"start":{"line":27,"column":10},"end":{"line":27,"column":58}},"type":"binary-expr","locations":[{"start":{"line":27,"column":10},"end":{"line":27,"column":33}},{"start":{"line":27,"column":37},"end":{"line":27,"column":58}}],"line":27},"5":{"loc":{"start":{"line":29,"column":13},"end":{"line":31,"column":7}},"type":"if","locations":[{"start":{"line":29,"column":13},"end":{"line":31,"column":7}},{"start":{},"end":{}}],"line":29},"6":{"loc":{"start":{"line":40,"column":6},"end":{"line":44,"column":7}},"type":"if","locations":[{"start":{"line":40,"column":6},"end":{"line":44,"column":7}},{"start":{"line":42,"column":13},"end":{"line":44,"column":7}}],"line":40},"7":{"loc":{"start":{"line":40,"column":10},"end":{"line":40,"column":58}},"type":"binary-expr","locations":[{"start":{"line":40,"column":10},"end":{"line":40,"column":33}},{"start":{"line":40,"column":37},"end":{"line":40,"column":58}}],"line":40},"8":{"loc":{"start":{"line":42,"column":13},"end":{"line":44,"column":7}},"type":"if","locations":[{"start":{"line":42,"column":13},"end":{"line":44,"column":7}},{"start":{},"end":{}}],"line":42},"9":{"loc":{"start":{"line":53,"column":6},"end":{"line":55,"column":7}},"type":"if","locations":[{"start":{"line":53,"column":6},"end":{"line":55,"column":7}},{"start":{},"end":{}}],"line":53},"10":{"loc":{"start":{"line":53,"column":10},"end":{"line":53,"column":58}},"type":"binary-expr","locations":[{"start":{"line":53,"column":10},"end":{"line":53,"column":33}},{"start":{"line":53,"column":37},"end":{"line":53,"column":58}}],"line":53},"11":{"loc":{"start":{"line":64,"column":6},"end":{"line":66,"column":7}},"type":"if","locations":[{"start":{"line":64,"column":6},"end":{"line":66,"column":7}},{"start":{},"end":{}}],"line":64},"12":{"loc":{"start":{"line":64,"column":10},"end":{"line":64,"column":58}},"type":"binary-expr","locations":[{"start":{"line":64,"column":10},"end":{"line":64,"column":33}},{"start":{"line":64,"column":37},"end":{"line":64,"column":58}}],"line":64},"13":{"loc":{"start":{"line":85,"column":31},"end":{"line":85,"column":86}},"type":"default-arg","locations":[{"start":{"line":85,"column":80},"end":{"line":85,"column":86}}],"line":85},"14":{"loc":{"start":{"line":101,"column":6},"end":{"line":113,"column":7}},"type":"switch","locations":[{"start":{"line":102,"column":8},"end":{"line":104,"column":16}},{"start":{"line":105,"column":8},"end":{"line":107,"column":16}},{"start":{"line":108,"column":8},"end":{"line":110,"column":16}},{"start":{"line":111,"column":8},"end":{"line":112,"column":33}}],"line":101},"15":{"loc":{"start":{"line":190,"column":58},"end":{"line":190,"column":77}},"type":"default-arg","locations":[{"start":{"line":190,"column":74},"end":{"line":190,"column":77}}],"line":190},"16":{"loc":{"start":{"line":199,"column":58},"end":{"line":199,"column":77}},"type":"default-arg","locations":[{"start":{"line":199,"column":74},"end":{"line":199,"column":77}}],"line":199},"17":{"loc":{"start":{"line":203,"column":6},"end":{"line":206,"column":7}},"type":"if","locations":[{"start":{"line":203,"column":6},"end":{"line":206,"column":7}},{"start":{},"end":{}}],"line":203},"18":{"loc":{"start":{"line":211,"column":79},"end":{"line":211,"column":98}},"type":"default-arg","locations":[{"start":{"line":211,"column":95},"end":{"line":211,"column":98}}],"line":211},"19":{"loc":{"start":{"line":219,"column":6},"end":{"line":230,"column":7}},"type":"if","locations":[{"start":{"line":219,"column":6},"end":{"line":230,"column":7}},{"start":{"line":224,"column":13},"end":{"line":230,"column":7}}],"line":219},"20":{"loc":{"start":{"line":219,"column":10},"end":{"line":219,"column":52}},"type":"binary-expr","locations":[{"start":{"line":219,"column":10},"end":{"line":219,"column":31}},{"start":{"line":219,"column":35},"end":{"line":219,"column":52}}],"line":219},"21":{"loc":{"start":{"line":243,"column":10},"end":{"line":243,"column":45}},"type":"binary-expr","locations":[{"start":{"line":243,"column":10},"end":{"line":243,"column":14}},{"start":{"line":243,"column":18},"end":{"line":243,"column":45}}],"line":243},"22":{"loc":{"start":{"line":261,"column":4},"end":{"line":261,"column":27}},"type":"default-arg","locations":[{"start":{"line":261,"column":19},"end":{"line":261,"column":27}}],"line":261},"23":{"loc":{"start":{"line":268,"column":8},"end":{"line":268,"column":43}},"type":"binary-expr","locations":[{"start":{"line":268,"column":8},"end":{"line":268,"column":12}},{"start":{"line":268,"column":16},"end":{"line":268,"column":43}}],"line":268},"24":{"loc":{"start":{"line":269,"column":8},"end":{"line":269,"column":69}},"type":"binary-expr","locations":[{"start":{"line":269,"column":8},"end":{"line":269,"column":23}},{"start":{"line":269,"column":27},"end":{"line":269,"column":69}}],"line":269},"25":{"loc":{"start":{"line":270,"column":8},"end":{"line":270,"column":69}},"type":"binary-expr","locations":[{"start":{"line":270,"column":8},"end":{"line":270,"column":23}},{"start":{"line":270,"column":27},"end":{"line":270,"column":69}}],"line":270},"26":{"loc":{"start":{"line":271,"column":8},"end":{"line":271,"column":93}},"type":"binary-expr","locations":[{"start":{"line":271,"column":8},"end":{"line":271,"column":37}},{"start":{"line":271,"column":41},"end":{"line":271,"column":93}}],"line":271},"27":{"loc":{"start":{"line":284,"column":11},"end":{"line":284,"column":74}},"type":"binary-expr","locations":[{"start":{"line":284,"column":11},"end":{"line":284,"column":33}},{"start":{"line":284,"column":37},"end":{"line":284,"column":74}}],"line":284},"28":{"loc":{"start":{"line":315,"column":6},"end":{"line":317,"column":7}},"type":"if","locations":[{"start":{"line":315,"column":6},"end":{"line":317,"column":7}},{"start":{},"end":{}}],"line":315},"29":{"loc":{"start":{"line":328,"column":10},"end":{"line":328,"column":28}},"type":"binary-expr","locations":[{"start":{"line":328,"column":10},"end":{"line":328,"column":15}},{"start":{"line":328,"column":19},"end":{"line":328,"column":28}}],"line":328},"30":{"loc":{"start":{"line":329,"column":10},"end":{"line":329,"column":30}},"type":"binary-expr","locations":[{"start":{"line":329,"column":10},"end":{"line":329,"column":16}},{"start":{"line":329,"column":20},"end":{"line":329,"column":30}}],"line":329},"31":{"loc":{"start":{"line":341,"column":18},"end":{"line":341,"column":77}},"type":"cond-expr","locations":[{"start":{"line":341,"column":33},"end":{"line":341,"column":54}},{"start":{"line":341,"column":57},"end":{"line":341,"column":77}}],"line":341},"32":{"loc":{"start":{"line":343,"column":6},"end":{"line":345,"column":7}},"type":"if","locations":[{"start":{"line":343,"column":6},"end":{"line":345,"column":7}},{"start":{},"end":{}}],"line":343},"33":{"loc":{"start":{"line":358,"column":4},"end":{"line":366,"column":5}},"type":"if","locations":[{"start":{"line":358,"column":4},"end":{"line":366,"column":5}},{"start":{"line":360,"column":11},"end":{"line":366,"column":5}}],"line":358},"34":{"loc":{"start":{"line":360,"column":11},"end":{"line":366,"column":5}},"type":"if","locations":[{"start":{"line":360,"column":11},"end":{"line":366,"column":5}},{"start":{"line":362,"column":11},"end":{"line":366,"column":5}}],"line":360},"35":{"loc":{"start":{"line":362,"column":11},"end":{"line":366,"column":5}},"type":"if","locations":[{"start":{"line":362,"column":11},"end":{"line":366,"column":5}},{"start":{"line":364,"column":11},"end":{"line":366,"column":5}}],"line":362},"36":{"loc":{"start":{"line":372,"column":4},"end":{"line":374,"column":5}},"type":"if","locations":[{"start":{"line":372,"column":4},"end":{"line":374,"column":5}},{"start":{},"end":{}}],"line":372},"37":{"loc":{"start":{"line":396,"column":8},"end":{"line":398,"column":9}},"type":"if","locations":[{"start":{"line":396,"column":8},"end":{"line":398,"column":9}},{"start":{},"end":{}}],"line":396},"38":{"loc":{"start":{"line":416,"column":4},"end":{"line":416,"column":43}},"type":"if","locations":[{"start":{"line":416,"column":4},"end":{"line":416,"column":43}},{"start":{},"end":{}}],"line":416},"39":{"loc":{"start":{"line":417,"column":4},"end":{"line":417,"column":90}},"type":"if","locations":[{"start":{"line":417,"column":4},"end":{"line":417,"column":90}},{"start":{},"end":{}}],"line":417},"40":{"loc":{"start":{"line":417,"column":57},"end":{"line":417,"column":83}},"type":"cond-expr","locations":[{"start":{"line":417,"column":75},"end":{"line":417,"column":78}},{"start":{"line":417,"column":81},"end":{"line":417,"column":83}}],"line":417},"41":{"loc":{"start":{"line":418,"column":4},"end":{"line":418,"column":82}},"type":"if","locations":[{"start":{"line":418,"column":4},"end":{"line":418,"column":82}},{"start":{},"end":{}}],"line":418},"42":{"loc":{"start":{"line":418,"column":51},"end":{"line":418,"column":75}},"type":"cond-expr","locations":[{"start":{"line":418,"column":67},"end":{"line":418,"column":70}},{"start":{"line":418,"column":73},"end":{"line":418,"column":75}}],"line":418},"43":{"loc":{"start":{"line":419,"column":4},"end":{"line":419,"column":77}},"type":"if","locations":[{"start":{"line":419,"column":4},"end":{"line":419,"column":77}},{"start":{},"end":{}}],"line":419},"44":{"loc":{"start":{"line":419,"column":47},"end":{"line":419,"column":70}},"type":"cond-expr","locations":[{"start":{"line":419,"column":62},"end":{"line":419,"column":65}},{"start":{"line":419,"column":68},"end":{"line":419,"column":70}}],"line":419},"45":{"loc":{"start":{"line":425,"column":35},"end":{"line":425,"column":59}},"type":"default-arg","locations":[{"start":{"line":425,"column":54},"end":{"line":425,"column":59}}],"line":425},"46":{"loc":{"start":{"line":425,"column":61},"end":{"line":425,"column":85}},"type":"default-arg","locations":[{"start":{"line":425,"column":78},"end":{"line":425,"column":85}}],"line":425},"47":{"loc":{"start":{"line":434,"column":4},"end":{"line":436,"column":5}},"type":"if","locations":[{"start":{"line":434,"column":4},"end":{"line":436,"column":5}},{"start":{},"end":{}}],"line":434},"48":{"loc":{"start":{"line":438,"column":4},"end":{"line":442,"column":5}},"type":"if","locations":[{"start":{"line":438,"column":4},"end":{"line":442,"column":5}},{"start":{"line":440,"column":11},"end":{"line":442,"column":5}}],"line":438},"49":{"loc":{"start":{"line":440,"column":11},"end":{"line":442,"column":5}},"type":"if","locations":[{"start":{"line":440,"column":11},"end":{"line":442,"column":5}},{"start":{},"end":{}}],"line":440}},"s":{"0":0,"1":0,"2":0,"3":0,"4":0,"5":0,"6":0,"7":0,"8":0,"9":0,"10":0,"11":0,"12":0,"13":0,"14":0,"15":0,"16":0,"17":0,"18":0,"19":0,"20":0,"21":0,"22":0,"23":0,"24":0,"25":0,"26":0,"27":0,"28":0,"29":0,"30":0,"31":0,"32":0,"33":0,"34":0,"35":0,"36":0,"37":0,"38":0,"39":0,"40":0,"41":0,"42":0,"43":0,"44":0,"45":0,"46":0,"47":0,"48":0,"49":0,"50":0,"51":0,"52":0,"53":0,"54":0,"55":0,"56":0,"57":0,"58":0,"59":0,"60":0,"61":0,"62":0,"63":0,"64":0,"65":0,"66":0,"67":0,"68":0,"69":0,"70":0,"71":0,"72":0,"73":0,"74":0,"75":0,"76":0,"77":0,"78":0,"79":0,"80":0,"81":0,"82":0,"83":0,"84":0,"85":0,"86":0,"87":0,"88":0,"89":0,"90":0,"91":0,"92":0,"93":0,"94":0,"95":0,"96":0,"97":0,"98":0,"99":0,"100":0,"101":0,"102":0,"103":0,"104":0,"105":0,"106":0,"107":0,"108":0,"109":0,"110":0,"111":0,"112":0,"113":0,"114":0,"115":0,"116":0,"117":0,"118":0,"119":0,"120":0,"121":0,"122":0,"123":0,"124":0,"125":0,"126":0,"127":0,"128":0,"129":0,"130":0,"131":0,"132":0,"133":0,"134":0,"135":0,"136":0,"137":0,"138":0,"139":0,"140":0,"141":0,"142":0,"143":0,"144":0,"145":0},"f":{"0":0,"1":0,"2":0,"3":0,"4":0,"5":0,"6":0,"7":0,"8":0,"9":0,"10":0,"11":0,"12":0,"13":0,"14":0,"15":0,"16":0,"17":0,"18":0,"19":0,"20":0,"21":0,"22":0,"23":0,"24":0,"25":0,"26":0,"27":0,"28":0,"29":0,"30":0,"31":0,"32":0,"33":0,"34":0,"35":0,"36":0,"37":0,"38":0,"39":0,"40":0,"41":0},"b":{"0":[0,0],"1":[0,0],"2":[0,0],"3":[0,0],"4":[0,0],"5":[0,0],"6":[0,0],"7":[0,0],"8":[0,0],"9":[0,0],"10":[0,0],"11":[0,0],"12":[0,0],"13":[0],"14":[0,0,0,0],"15":[0],"16":[0],"17":[0,0],"18":[0],"19":[0,0],"20":[0,0],"21":[0,0],"22":[0],"23":[0,0],"24":[0,0],"25":[0,0],"26":[0,0],"27":[0,0],"28":[0,0],"29":[0,0],"30":[0,0],"31":[0,0],"32":[0,0],"33":[0,0],"34":[0,0],"35":[0,0],"36":[0,0],"37":[0,0],"38":[0,0],"39":[0,0],"40":[0,0],"41":[0,0],"42":[0,0],"43":[0,0],"44":[0,0],"45":[0],"46":[0],"47":[0,0],"48":[0,0],"49":[0,0]}}
}
