TN:
SF:src/components/AnalyticsDashboard.tsx
FN:31,(anonymous_0)
FN:57,(anonymous_1)
FN:75,(anonymous_2)
FN:84,(anonymous_3)
FN:88,(anonymous_4)
FN:137,(anonymous_5)
FN:142,(anonymous_6)
FN:160,(anonymous_7)
FN:164,(anonymous_8)
FN:198,(anonymous_9)
FN:205,(anonymous_10)
FN:291,(anonymous_11)
FN:324,(anonymous_12)
FN:344,(anonymous_13)
FN:423,(anonymous_14)
FNF:15
FNH:0
FNDA:0,(anonymous_0)
FNDA:0,(anonymous_1)
FNDA:0,(anonymous_2)
FNDA:0,(anonymous_3)
FNDA:0,(anonymous_4)
FNDA:0,(anonymous_5)
FNDA:0,(anonymous_6)
FNDA:0,(anonymous_7)
FNDA:0,(anonymous_8)
FNDA:0,(anonymous_9)
FNDA:0,(anonymous_10)
FNDA:0,(anonymous_11)
FNDA:0,(anonymous_12)
FNDA:0,(anonymous_13)
FNDA:0,(anonymous_14)
DA:31,0
DA:32,0
DA:57,0
DA:58,0
DA:75,0
DA:76,0
DA:77,0
DA:78,0
DA:79,0
DA:80,0
DA:81,0
DA:82,0
DA:84,0
DA:85,0
DA:88,0
DA:89,0
DA:90,0
DA:93,0
DA:94,0
DA:98,0
DA:100,0
DA:102,0
DA:103,0
DA:104,0
DA:106,0
DA:107,0
DA:108,0
DA:110,0
DA:111,0
DA:112,0
DA:114,0
DA:115,0
DA:118,0
DA:119,0
DA:122,0
DA:123,0
DA:125,0
DA:126,0
DA:129,0
DA:130,0
DA:132,0
DA:133,0
DA:137,0
DA:138,0
DA:139,0
DA:142,0
DA:143,0
DA:145,0
DA:146,0
DA:151,0
DA:156,0
DA:160,0
DA:161,0
DA:164,0
DA:165,0
DA:166,0
DA:167,0
DA:168,0
DA:169,0
DA:173,0
DA:174,0
DA:181,0
DA:199,0
DA:205,0
DA:292,0
DA:325,0
DA:344,0
DA:424,0
DA:443,0
LF:69
LH:0
BRDA:38,0,0,0
BRDA:38,0,1,0
BRDA:39,1,0,0
BRDA:39,1,1,0
BRDA:43,2,0,0
BRDA:43,2,1,0
BRDA:45,3,0,0
BRDA:45,3,1,0
BRDA:100,4,0,0
BRDA:100,4,1,0
BRDA:100,4,2,0
BRDA:100,4,3,0
BRDA:143,5,0,0
BRDA:143,5,1,0
BRDA:165,6,0,0
BRDA:165,6,1,0
BRDA:165,6,2,0
BRDA:165,6,3,0
BRDA:173,7,0,0
BRDA:173,7,1,0
BRDA:173,8,0,0
BRDA:173,8,1,0
BRDA:203,9,0,0
BRDA:203,9,1,0
BRDA:209,10,0,0
BRDA:209,10,1,0
BRDA:218,11,0,0
BRDA:218,11,1,0
BRDA:251,12,0,0
BRDA:251,12,1,0
BRDA:295,13,0,0
BRDA:295,13,1,0
BRDA:296,14,0,0
BRDA:296,14,1,0
BRDA:322,15,0,0
BRDA:322,15,1,0
BRDA:340,16,0,0
BRDA:340,16,1,0
BRDA:340,16,2,0
BRDA:358,17,0,0
BRDA:358,17,1,0
BRDA:358,17,2,0
BRDA:362,18,0,0
BRDA:362,18,1,0
BRDA:370,19,0,0
BRDA:370,19,1,0
BRDA:372,20,0,0
BRDA:372,20,1,0
BRDA:379,21,0,0
BRDA:379,21,1,0
BRDA:381,22,0,0
BRDA:381,22,1,0
BRDA:388,23,0,0
BRDA:388,23,1,0
BRDA:396,24,0,0
BRDA:396,24,1,0
BRDA:398,25,0,0
BRDA:398,25,1,0
BRDA:405,26,0,0
BRDA:405,26,1,0
BRDA:407,27,0,0
BRDA:407,27,1,0
BRF:62
BRH:0
end_of_record
TN:
SF:src/components/BarcodeScanner.tsx
FN:25,(anonymous_0)
FN:41,(anonymous_1)
FN:45,(anonymous_2)
FN:56,(anonymous_3)
FN:73,(anonymous_4)
FN:107,(anonymous_5)
FN:114,(anonymous_6)
FN:132,(anonymous_7)
FN:144,(anonymous_8)
FN:164,(anonymous_9)
FN:170,(anonymous_10)
FN:186,(anonymous_11)
FN:230,(anonymous_12)
FN:248,(anonymous_13)
FNF:14
FNH:6
FNDA:25,(anonymous_0)
FNDA:10,(anonymous_1)
FNDA:10,(anonymous_2)
FNDA:0,(anonymous_3)
FNDA:0,(anonymous_4)
FNDA:0,(anonymous_5)
FNDA:0,(anonymous_6)
FNDA:0,(anonymous_7)
FNDA:4,(anonymous_8)
FNDA:0,(anonymous_9)
FNDA:0,(anonymous_10)
FNDA:11,(anonymous_11)
FNDA:0,(anonymous_12)
FNDA:25,(anonymous_13)
DA:25,1
DA:32,25
DA:33,25
DA:34,25
DA:35,25
DA:38,25
DA:39,25
DA:41,25
DA:42,10
DA:45,25
DA:46,10
DA:47,10
DA:48,9
DA:50,9
DA:51,3
DA:58,0
DA:67,1
DA:68,1
DA:69,1
DA:73,25
DA:74,0
DA:77,0
DA:78,0
DA:81,0
DA:82,0
DA:83,0
DA:84,0
DA:86,0
DA:87,0
DA:89,0
DA:91,0
DA:94,0
DA:96,0
DA:97,0
DA:98,0
DA:101,0
DA:108,0
DA:109,0
DA:115,0
DA:116,0
DA:124,0
DA:125,0
DA:126,0
DA:133,0
DA:134,0
DA:135,0
DA:144,25
DA:145,4
DA:164,25
DA:165,0
DA:171,0
DA:172,0
DA:186,25
DA:187,11
DA:231,0
DA:232,0
DA:248,25
DA:249,25
DA:250,10
DA:258,15
DA:259,4
DA:262,11
DA:263,0
DA:266,11
DA:269,25
DA:283,1
DA:285,1
LF:67
LH:34
BRDA:50,0,0,3
BRDA:50,0,1,6
BRDA:77,1,0,0
BRDA:77,1,1,0
BRDA:96,2,0,0
BRDA:96,2,1,0
BRDA:189,3,0,11
BRDA:189,3,1,0
BRDA:219,4,0,11
BRDA:219,4,1,0
BRDA:249,5,0,10
BRDA:249,5,1,15
BRDA:258,6,0,4
BRDA:258,6,1,11
BRDA:262,7,0,0
BRDA:262,7,1,11
BRF:16
BRH:9
end_of_record
TN:
SF:src/components/BarcodeScannerModal.tsx
FN:13,(anonymous_0)
FN:21,(anonymous_1)
FN:30,(anonymous_2)
FNF:3
FNH:0
FNDA:0,(anonymous_0)
FNDA:0,(anonymous_1)
FNDA:0,(anonymous_2)
DA:13,0
DA:18,0
DA:19,0
DA:21,0
DA:22,0
DA:23,0
DA:24,0
DA:25,0
DA:30,0
DA:31,0
DA:32,0
DA:33,0
DA:36,0
DA:37,0
DA:47,0
DA:48,0
DA:59,0
DA:79,0
LF:18
LH:0
BRDA:22,0,0,0
BRDA:22,0,1,0
BRDA:24,1,0,0
BRDA:24,1,1,0
BRDA:31,2,0,0
BRDA:31,2,1,0
BRDA:36,3,0,0
BRDA:36,3,1,0
BRDA:36,4,0,0
BRDA:36,4,1,0
BRDA:47,5,0,0
BRDA:47,5,1,0
BRDA:47,6,0,0
BRDA:47,6,1,0
BRF:14
BRH:0
end_of_record
TN:
SF:src/components/DemoDashboard.tsx
FN:50,(anonymous_0)
FN:86,(anonymous_1)
FN:90,(anonymous_2)
FN:92,(anonymous_3)
FN:161,(anonymous_4)
FN:171,(anonymous_5)
FN:177,(anonymous_6)
FN:185,(anonymous_7)
FN:199,(anonymous_8)
FN:207,(anonymous_9)
FNF:10
FNH:0
FNDA:0,(anonymous_0)
FNDA:0,(anonymous_1)
FNDA:0,(anonymous_2)
FNDA:0,(anonymous_3)
FNDA:0,(anonymous_4)
FNDA:0,(anonymous_5)
FNDA:0,(anonymous_6)
FNDA:0,(anonymous_7)
FNDA:0,(anonymous_8)
FNDA:0,(anonymous_9)
DA:50,0
DA:58,0
DA:86,0
DA:87,0
DA:88,0
DA:90,0
DA:91,0
DA:92,0
DA:93,0
DA:96,0
DA:131,0
DA:139,0
DA:162,0
DA:163,0
DA:172,0
DA:177,0
DA:186,0
DA:200,0
DA:201,0
DA:208,0
DA:235,0
LF:21
LH:0
BRDA:63,0,0,0
BRDA:63,0,1,0
BRDA:66,1,0,0
BRDA:66,1,1,0
BRDA:68,2,0,0
BRDA:68,2,1,0
BRDA:72,3,0,0
BRDA:72,3,1,0
BRDA:82,4,0,0
BRDA:82,4,1,0
BRDA:176,5,0,0
BRDA:176,5,1,0
BRDA:241,6,0,0
BRDA:241,6,1,0
BRDA:243,7,0,0
BRDA:243,7,1,0
BRDA:247,8,0,0
BRDA:247,8,1,0
BRDA:265,9,0,0
BRDA:265,9,1,0
BRDA:271,10,0,0
BRDA:271,10,1,0
BRDA:282,11,0,0
BRDA:282,11,1,0
BRDA:282,12,0,0
BRDA:282,12,1,0
BRDA:283,13,0,0
BRDA:283,13,1,0
BRDA:283,14,0,0
BRDA:283,14,1,0
BRDA:283,15,0,0
BRDA:283,15,1,0
BRDA:284,16,0,0
BRDA:284,16,1,0
BRDA:284,17,0,0
BRDA:284,17,1,0
BRDA:284,18,0,0
BRDA:284,18,1,0
BRF:38
BRH:0
end_of_record
TN:
SF:src/components/DemoPOSInterface.tsx
FN:65,(anonymous_0)
FN:72,(anonymous_1)
FN:78,(anonymous_2)
FN:83,(anonymous_3)
FN:85,(anonymous_4)
FN:88,(anonymous_5)
FN:108,(anonymous_6)
FN:110,(anonymous_7)
FN:112,(anonymous_8)
FN:121,(anonymous_9)
FN:126,(anonymous_10)
FN:131,(anonymous_11)
FN:140,(anonymous_12)
FN:143,(anonymous_13)
FN:161,(anonymous_14)
FN:171,(anonymous_15)
FN:182,(anonymous_16)
FN:191,(anonymous_17)
FN:220,(anonymous_18)
FN:250,(anonymous_19)
FN:281,(anonymous_20)
FN:318,(anonymous_21)
FN:322,(anonymous_22)
FN:344,(anonymous_23)
FNF:24
FNH:0
FNDA:0,(anonymous_0)
FNDA:0,(anonymous_1)
FNDA:0,(anonymous_2)
FNDA:0,(anonymous_3)
FNDA:0,(anonymous_4)
FNDA:0,(anonymous_5)
FNDA:0,(anonymous_6)
FNDA:0,(anonymous_7)
FNDA:0,(anonymous_8)
FNDA:0,(anonymous_9)
FNDA:0,(anonymous_10)
FNDA:0,(anonymous_11)
FNDA:0,(anonymous_12)
FNDA:0,(anonymous_13)
FNDA:0,(anonymous_14)
FNDA:0,(anonymous_15)
FNDA:0,(anonymous_16)
FNDA:0,(anonymous_17)
FNDA:0,(anonymous_18)
FNDA:0,(anonymous_19)
FNDA:0,(anonymous_20)
FNDA:0,(anonymous_21)
FNDA:0,(anonymous_22)
FNDA:0,(anonymous_23)
DA:48,0
DA:65,0
DA:66,0
DA:67,0
DA:68,0
DA:69,0
DA:72,0
DA:73,0
DA:78,0
DA:79,0
DA:80,0
DA:83,0
DA:84,0
DA:85,0
DA:87,0
DA:88,0
DA:89,0
DA:93,0
DA:95,0
DA:102,0
DA:103,0
DA:108,0
DA:109,0
DA:110,0
DA:112,0
DA:113,0
DA:121,0
DA:122,0
DA:126,0
DA:127,0
DA:132,0
DA:133,0
DA:140,0
DA:141,0
DA:143,0
DA:161,0
DA:171,0
DA:172,0
DA:182,0
DA:191,0
DA:204,0
DA:220,0
DA:250,0
DA:281,0
DA:318,0
DA:322,0
DA:344,0
DA:380,0
LF:48
LH:0
BRDA:73,0,0,0
BRDA:73,0,1,0
BRDA:87,1,0,0
BRDA:87,1,1,0
BRDA:89,2,0,0
BRDA:89,2,1,0
BRDA:109,3,0,0
BRDA:109,3,1,0
BRDA:113,4,0,0
BRDA:113,4,1,0
BRDA:217,5,0,0
BRDA:217,5,1,0
BRDA:223,6,0,0
BRDA:223,6,1,0
BRDA:260,7,0,0
BRDA:260,7,1,0
BRDA:264,8,0,0
BRDA:264,8,1,0
BRDA:271,9,0,0
BRDA:271,9,1,0
BRDA:313,10,0,0
BRDA:313,10,1,0
BRDA:326,11,0,0
BRDA:326,11,1,0
BRDA:333,12,0,0
BRDA:333,12,1,0
BRF:26
BRH:0
end_of_record
TN:
SF:src/components/EnhancedProductSearch.tsx
FN:27,(anonymous_0)
FN:45,(anonymous_1)
FN:53,(anonymous_2)
FN:59,(anonymous_3)
FN:63,(anonymous_4)
FN:70,(anonymous_5)
FN:84,(anonymous_6)
FN:92,(anonymous_7)
FN:102,(anonymous_8)
FN:107,(anonymous_9)
FN:112,(anonymous_10)
FN:116,(anonymous_11)
FN:121,(anonymous_12)
FN:124,(anonymous_13)
FN:140,(anonymous_14)
FN:160,(anonymous_15)
FN:220,(anonymous_16)
FN:235,(anonymous_17)
FN:247,(anonymous_18)
FN:260,(anonymous_19)
FN:277,(anonymous_20)
FNF:21
FNH:0
FNDA:0,(anonymous_0)
FNDA:0,(anonymous_1)
FNDA:0,(anonymous_2)
FNDA:0,(anonymous_3)
FNDA:0,(anonymous_4)
FNDA:0,(anonymous_5)
FNDA:0,(anonymous_6)
FNDA:0,(anonymous_7)
FNDA:0,(anonymous_8)
FNDA:0,(anonymous_9)
FNDA:0,(anonymous_10)
FNDA:0,(anonymous_11)
FNDA:0,(anonymous_12)
FNDA:0,(anonymous_13)
FNDA:0,(anonymous_14)
FNDA:0,(anonymous_15)
FNDA:0,(anonymous_16)
FNDA:0,(anonymous_17)
FNDA:0,(anonymous_18)
FNDA:0,(anonymous_19)
FNDA:0,(anonymous_20)
DA:27,0
DA:35,0
DA:36,0
DA:37,0
DA:38,0
DA:39,0
DA:40,0
DA:43,0
DA:45,0
DA:46,0
DA:47,0
DA:48,0
DA:49,0
DA:53,0
DA:55,0
DA:56,0
DA:59,0
DA:60,0
DA:63,0
DA:64,0
DA:65,0
DA:70,0
DA:71,0
DA:72,0
DA:73,0
DA:74,0
DA:75,0
DA:77,0
DA:78,0
DA:80,0
DA:84,0
DA:85,0
DA:86,0
DA:87,0
DA:88,0
DA:91,0
DA:92,0
DA:93,0
DA:98,0
DA:99,0
DA:102,0
DA:103,0
DA:104,0
DA:107,0
DA:109,0
DA:112,0
DA:113,0
DA:116,0
DA:117,0
DA:121,0
DA:122,0
DA:124,0
DA:140,0
DA:141,0
DA:142,0
DA:150,0
DA:151,0
DA:161,0
DA:162,0
DA:172,0
DA:173,0
DA:183,0
DA:186,0
DA:220,0
DA:235,0
DA:247,0
DA:261,0
DA:262,0
DA:277,0
DA:286,0
LF:70
LH:0
BRDA:32,0,0,0
BRDA:33,1,0,0
BRDA:46,2,0,0
BRDA:46,2,1,0
BRDA:55,3,0,0
BRDA:55,3,1,0
BRDA:64,4,0,0
BRDA:64,4,1,0
BRDA:85,5,0,0
BRDA:85,5,1,0
BRDA:93,6,0,0
BRDA:93,6,1,0
BRDA:93,6,2,0
BRDA:141,7,0,0
BRDA:141,7,1,0
BRDA:150,8,0,0
BRDA:150,8,1,0
BRDA:150,9,0,0
BRDA:150,9,1,0
BRDA:157,10,0,0
BRDA:157,10,1,0
BRDA:172,11,0,0
BRDA:172,11,1,0
BRDA:227,12,0,0
BRDA:227,12,1,0
BRDA:230,13,0,0
BRDA:230,13,1,0
BRDA:232,14,0,0
BRDA:232,14,1,0
BRDA:249,15,0,0
BRDA:249,15,1,0
BRDA:256,16,0,0
BRDA:256,16,1,0
BRF:33
BRH:0
end_of_record
TN:
SF:src/components/EnhancedReceiptGenerator.tsx
FN:27,(anonymous_0)
FN:41,(anonymous_1)
FN:45,(anonymous_2)
FN:51,(anonymous_3)
FN:84,(anonymous_4)
FN:102,(anonymous_5)
FN:116,(anonymous_6)
FN:124,(anonymous_7)
FN:132,(anonymous_8)
FN:164,(anonymous_9)
FN:184,(anonymous_10)
FN:212,(anonymous_11)
FN:253,(anonymous_12)
FN:260,(anonymous_13)
FN:322,(anonymous_14)
FN:375,(anonymous_15)
FN:436,(anonymous_16)
FNF:17
FNH:0
FNDA:0,(anonymous_0)
FNDA:0,(anonymous_1)
FNDA:0,(anonymous_2)
FNDA:0,(anonymous_3)
FNDA:0,(anonymous_4)
FNDA:0,(anonymous_5)
FNDA:0,(anonymous_6)
FNDA:0,(anonymous_7)
FNDA:0,(anonymous_8)
FNDA:0,(anonymous_9)
FNDA:0,(anonymous_10)
FNDA:0,(anonymous_11)
FNDA:0,(anonymous_12)
FNDA:0,(anonymous_13)
FNDA:0,(anonymous_14)
FNDA:0,(anonymous_15)
FNDA:0,(anonymous_16)
DA:27,0
DA:33,0
DA:34,0
DA:35,0
DA:36,0
DA:37,0
DA:38,0
DA:39,0
DA:41,0
DA:42,0
DA:45,0
DA:46,0
DA:47,0
DA:51,0
DA:52,0
DA:53,0
DA:56,0
DA:57,0
DA:60,0
DA:64,0
DA:66,0
DA:67,0
DA:68,0
DA:69,0
DA:70,0
DA:71,0
DA:74,0
DA:77,0
DA:78,0
DA:80,0
DA:84,0
DA:85,0
DA:87,0
DA:88,0
DA:92,0
DA:94,0
DA:95,0
DA:98,0
DA:102,0
DA:103,0
DA:104,0
DA:106,0
DA:107,0
DA:112,0
DA:116,0
DA:117,0
DA:118,0
DA:120,0
DA:124,0
DA:125,0
DA:126,0
DA:128,0
DA:132,0
DA:133,0
DA:134,0
DA:136,0
DA:147,0
DA:149,0
DA:150,0
DA:151,0
DA:152,0
DA:155,0
DA:158,0
DA:160,0
DA:164,0
DA:165,0
DA:167,0
DA:168,0
DA:170,0
DA:184,0
DA:185,0
DA:186,0
DA:187,0
DA:188,0
DA:190,0
DA:194,0
DA:197,0
DA:198,0
DA:201,0
DA:202,0
DA:205,0
DA:212,0
DA:213,0
DA:214,0
DA:217,0
DA:218,0
DA:221,0
DA:227,0
DA:230,0
DA:231,0
DA:239,0
DA:254,0
DA:260,0
DA:323,0
DA:376,0
DA:436,0
DA:456,0
LF:97
LH:0
BRDA:46,0,0,0
BRDA:46,0,1,0
BRDA:66,1,0,0
BRDA:66,1,1,0
BRDA:68,2,0,0
BRDA:68,2,1,0
BRDA:70,3,0,0
BRDA:70,3,1,0
BRDA:74,4,0,0
BRDA:74,4,1,0
BRDA:85,5,0,0
BRDA:85,5,1,0
BRDA:94,6,0,0
BRDA:94,6,1,0
BRDA:95,7,0,0
BRDA:95,7,1,0
BRDA:104,8,0,0
BRDA:104,8,1,0
BRDA:117,9,0,0
BRDA:117,9,1,0
BRDA:125,10,0,0
BRDA:125,10,1,0
BRDA:125,11,0,0
BRDA:125,11,1,0
BRDA:134,12,0,0
BRDA:134,12,1,0
BRDA:134,13,0,0
BRDA:134,13,1,0
BRDA:141,14,0,0
BRDA:141,14,1,0
BRDA:142,15,0,0
BRDA:142,15,1,0
BRDA:149,16,0,0
BRDA:149,16,1,0
BRDA:151,17,0,0
BRDA:151,17,1,0
BRDA:155,18,0,0
BRDA:155,18,1,0
BRDA:165,19,0,0
BRDA:165,19,1,0
BRDA:165,20,0,0
BRDA:165,20,1,0
BRDA:187,21,0,0
BRDA:187,21,1,0
BRDA:197,22,0,0
BRDA:197,22,1,0
BRDA:201,23,0,0
BRDA:201,23,1,0
BRDA:217,24,0,0
BRDA:217,24,1,0
BRDA:230,25,0,0
BRDA:230,25,1,0
BRDA:258,26,0,0
BRDA:258,26,1,0
BRDA:265,27,0,0
BRDA:265,27,1,0
BRDA:277,28,0,0
BRDA:277,28,1,0
BRDA:279,29,0,0
BRDA:279,29,1,0
BRDA:291,30,0,0
BRDA:291,30,1,0
BRDA:298,31,0,0
BRDA:298,31,1,0
BRDA:332,32,0,0
BRDA:332,32,1,0
BRDA:340,33,0,0
BRDA:340,33,1,0
BRDA:349,34,0,0
BRDA:349,34,1,0
BRDA:356,35,0,0
BRDA:356,35,1,0
BRDA:384,36,0,0
BRDA:384,36,1,0
BRDA:444,37,0,0
BRDA:444,37,1,0
BRF:76
BRH:0
end_of_record
TN:
SF:src/components/InventoryDashboard.tsx
FN:32,(anonymous_0)
FN:54,(anonymous_1)
FN:55,(anonymous_2)
FN:66,(anonymous_3)
FN:89,(anonymous_4)
FN:98,(anonymous_5)
FN:109,(anonymous_6)
FN:113,(anonymous_7)
FN:141,(anonymous_8)
FN:153,(anonymous_9)
FN:158,(anonymous_10)
FN:161,(anonymous_11)
FN:167,(anonymous_12)
FN:175,(anonymous_13)
FN:183,(anonymous_14)
FN:272,(anonymous_15)
FN:291,(anonymous_16)
FN:312,(anonymous_17)
FN:332,(anonymous_18)
FN:353,(anonymous_19)
FN:377,(anonymous_20)
FNF:21
FNH:0
FNDA:0,(anonymous_0)
FNDA:0,(anonymous_1)
FNDA:0,(anonymous_2)
FNDA:0,(anonymous_3)
FNDA:0,(anonymous_4)
FNDA:0,(anonymous_5)
FNDA:0,(anonymous_6)
FNDA:0,(anonymous_7)
FNDA:0,(anonymous_8)
FNDA:0,(anonymous_9)
FNDA:0,(anonymous_10)
FNDA:0,(anonymous_11)
FNDA:0,(anonymous_12)
FNDA:0,(anonymous_13)
FNDA:0,(anonymous_14)
FNDA:0,(anonymous_15)
FNDA:0,(anonymous_16)
FNDA:0,(anonymous_17)
FNDA:0,(anonymous_18)
FNDA:0,(anonymous_19)
FNDA:0,(anonymous_20)
DA:32,0
DA:33,0
DA:54,0
DA:55,0
DA:56,0
DA:57,0
DA:58,0
DA:59,0
DA:60,0
DA:61,0
DA:62,0
DA:66,0
DA:67,0
DA:68,0
DA:69,0
DA:70,0
DA:71,0
DA:72,0
DA:73,0
DA:77,0
DA:89,0
DA:98,0
DA:99,0
DA:100,0
DA:101,0
DA:102,0
DA:103,0
DA:104,0
DA:105,0
DA:106,0
DA:107,0
DA:109,0
DA:110,0
DA:113,0
DA:114,0
DA:115,0
DA:118,0
DA:119,0
DA:120,0
DA:130,0
DA:138,0
DA:139,0
DA:140,0
DA:141,0
DA:142,0
DA:145,0
DA:146,0
DA:148,0
DA:149,0
DA:153,0
DA:154,0
DA:155,0
DA:158,0
DA:159,0
DA:160,0
DA:161,0
DA:163,0
DA:167,0
DA:168,0
DA:169,0
DA:170,0
DA:172,0
DA:175,0
DA:176,0
DA:177,0
DA:178,0
DA:180,0
DA:183,0
DA:184,0
DA:185,0
DA:186,0
DA:188,0
DA:191,0
DA:192,0
DA:199,0
DA:273,0
DA:292,0
DA:313,0
DA:333,0
DA:354,0
DA:377,0
DA:378,0
DA:379,0
DA:380,0
DA:381,0
DA:382,0
DA:383,0
DA:384,0
DA:385,0
DA:389,0
LF:90
LH:0
BRDA:43,0,0,0
BRDA:43,0,1,0
BRDA:56,1,0,0
BRDA:56,1,1,0
BRDA:56,1,2,0
BRDA:56,1,3,0
BRDA:56,1,4,0
BRDA:56,1,5,0
BRDA:67,2,0,0
BRDA:67,2,1,0
BRDA:67,2,2,0
BRDA:67,2,3,0
BRDA:67,2,4,0
BRDA:67,2,5,0
BRDA:118,3,0,0
BRDA:118,3,1,0
BRDA:168,4,0,0
BRDA:168,4,1,0
BRDA:176,5,0,0
BRDA:176,5,1,0
BRDA:184,6,0,0
BRDA:184,6,1,0
BRDA:191,7,0,0
BRDA:191,7,1,0
BRDA:234,8,0,0
BRDA:234,8,1,0
BRDA:269,9,0,0
BRDA:269,9,1,0
BRDA:279,10,0,0
BRDA:279,10,1,0
BRDA:288,11,0,0
BRDA:288,11,1,0
BRDA:288,11,2,0
BRDA:308,12,0,0
BRDA:308,12,1,0
BRDA:320,13,0,0
BRDA:320,13,1,0
BRDA:329,14,0,0
BRDA:329,14,1,0
BRDA:350,15,0,0
BRDA:350,15,1,0
BRDA:366,16,0,0
BRDA:366,16,1,0
BRDA:378,17,0,0
BRDA:378,17,1,0
BRDA:378,17,2,0
BRDA:378,17,3,0
BRDA:378,17,4,0
BRDA:378,17,5,0
BRDA:378,17,6,0
BRF:50
BRH:0
end_of_record
TN:
SF:src/components/LoginScreen.tsx
FN:16,(anonymous_0)
FN:25,(anonymous_1)
FN:34,(anonymous_2)
FN:70,(anonymous_3)
FN:85,(anonymous_4)
FN:94,(anonymous_5)
FN:107,(anonymous_6)
FN:155,(anonymous_7)
FN:164,(anonymous_8)
FN:173,(anonymous_9)
FNF:10
FNH:0
FNDA:0,(anonymous_0)
FNDA:0,(anonymous_1)
FNDA:0,(anonymous_2)
FNDA:0,(anonymous_3)
FNDA:0,(anonymous_4)
FNDA:0,(anonymous_5)
FNDA:0,(anonymous_6)
FNDA:0,(anonymous_7)
FNDA:0,(anonymous_8)
FNDA:0,(anonymous_9)
DA:16,0
DA:17,0
DA:18,0
DA:22,0
DA:23,0
DA:25,0
DA:26,0
DA:27,0
DA:30,0
DA:31,0
DA:34,0
DA:35,0
DA:41,0
DA:44,0
DA:70,0
DA:85,0
DA:94,0
DA:107,0
DA:155,0
DA:164,0
DA:173,0
DA:194,0
LF:22
LH:0
BRDA:26,0,0,0
BRDA:26,0,1,0
BRDA:26,1,0,0
BRDA:26,1,1,0
BRDA:47,2,0,0
BRDA:47,2,1,0
BRDA:98,3,0,0
BRDA:98,3,1,0
BRDA:110,4,0,0
BRDA:110,4,1,0
BRDA:111,5,0,0
BRDA:111,5,1,0
BRDA:117,6,0,0
BRDA:117,6,1,0
BRDA:127,7,0,0
BRDA:127,7,1,0
BRDA:128,8,0,0
BRDA:128,8,1,0
BRDA:128,8,2,0
BRDA:132,9,0,0
BRDA:132,9,1,0
BRDA:132,9,2,0
BRDA:137,10,0,0
BRDA:137,10,1,0
BRF:24
BRH:0
end_of_record
TN:
SF:src/components/ManualProductEntry.tsx
FN:21,(anonymous_0)
FN:32,(anonymous_1)
FN:40,(anonymous_2)
FN:66,(anonymous_3)
FN:86,(anonymous_4)
FNF:5
FNH:0
FNDA:0,(anonymous_0)
FNDA:0,(anonymous_1)
FNDA:0,(anonymous_2)
FNDA:0,(anonymous_3)
FNDA:0,(anonymous_4)
DA:21,0
DA:26,0
DA:27,0
DA:28,0
DA:29,0
DA:30,0
DA:32,0
DA:33,0
DA:34,0
DA:35,0
DA:36,0
DA:37,0
DA:40,0
DA:41,0
DA:43,0
DA:44,0
DA:47,0
DA:48,0
DA:49,0
DA:52,0
DA:53,0
DA:54,0
DA:57,0
DA:58,0
DA:59,0
DA:62,0
DA:63,0
DA:66,0
DA:67,0
DA:71,0
DA:81,0
DA:82,0
DA:83,0
DA:86,0
DA:87,0
DA:88,0
DA:91,0
DA:205,0
LF:38
LH:0
BRDA:43,0,0,0
BRDA:43,0,1,0
BRDA:48,1,0,0
BRDA:48,1,1,0
BRDA:48,2,0,0
BRDA:48,2,1,0
BRDA:48,2,2,0
BRDA:53,3,0,0
BRDA:53,3,1,0
BRDA:53,4,0,0
BRDA:53,4,1,0
BRDA:53,4,2,0
BRDA:58,5,0,0
BRDA:58,5,1,0
BRDA:58,6,0,0
BRDA:58,6,1,0
BRDA:58,6,2,0
BRDA:67,7,0,0
BRDA:67,7,1,0
BRDA:99,8,0,0
BRDA:99,8,1,0
BRDA:120,9,0,0
BRDA:120,9,1,0
BRDA:127,10,0,0
BRDA:127,10,1,0
BRDA:134,11,0,0
BRDA:134,11,1,0
BRDA:140,12,0,0
BRDA:140,12,1,0
BRDA:146,13,0,0
BRDA:146,13,1,0
BRDA:152,14,0,0
BRDA:152,14,1,0
BRDA:159,15,0,0
BRDA:159,15,1,0
BRDA:165,16,0,0
BRDA:165,16,1,0
BRDA:172,17,0,0
BRDA:172,17,1,0
BRDA:172,17,2,0
BRDA:172,17,3,0
BRDA:176,18,0,0
BRDA:176,18,1,0
BRDA:177,19,0,0
BRDA:177,19,1,0
BRDA:177,20,0,0
BRDA:177,20,1,0
BRDA:178,21,0,0
BRDA:178,21,1,0
BRDA:186,22,0,0
BRDA:186,22,1,0
BRDA:187,23,0,0
BRDA:187,23,1,0
BRDA:188,24,0,0
BRDA:188,24,1,0
BRF:55
BRH:0
end_of_record
TN:
SF:src/components/ModernDashboard.tsx
FN:50,(anonymous_0)
FN:93,(anonymous_1)
FN:102,(anonymous_2)
FN:115,(anonymous_3)
FN:135,(anonymous_4)
FN:141,(anonymous_5)
FN:142,(anonymous_6)
FN:187,(anonymous_7)
FN:193,(anonymous_8)
FN:199,(anonymous_9)
FN:205,(anonymous_10)
FN:238,(anonymous_11)
FN:245,(anonymous_12)
FN:251,(anonymous_13)
FN:259,(anonymous_14)
FN:268,(anonymous_15)
FN:283,(anonymous_16)
FN:294,(anonymous_17)
FNF:18
FNH:0
FNDA:0,(anonymous_0)
FNDA:0,(anonymous_1)
FNDA:0,(anonymous_2)
FNDA:0,(anonymous_3)
FNDA:0,(anonymous_4)
FNDA:0,(anonymous_5)
FNDA:0,(anonymous_6)
FNDA:0,(anonymous_7)
FNDA:0,(anonymous_8)
FNDA:0,(anonymous_9)
FNDA:0,(anonymous_10)
FNDA:0,(anonymous_11)
FNDA:0,(anonymous_12)
FNDA:0,(anonymous_13)
FNDA:0,(anonymous_14)
FNDA:0,(anonymous_15)
FNDA:0,(anonymous_16)
FNDA:0,(anonymous_17)
DA:50,0
DA:58,0
DA:93,0
DA:94,0
DA:102,0
DA:103,0
DA:109,0
DA:110,0
DA:111,0
DA:112,0
DA:113,0
DA:115,0
DA:116,0
DA:117,0
DA:118,0
DA:119,0
DA:120,0
DA:121,0
DA:122,0
DA:123,0
DA:125,0
DA:126,0
DA:127,0
DA:135,0
DA:136,0
DA:137,0
DA:138,0
DA:141,0
DA:142,0
DA:143,0
DA:144,0
DA:145,0
DA:148,0
DA:151,0
DA:182,0
DA:209,0
DA:210,0
DA:218,0
DA:246,0
DA:251,0
DA:260,0
DA:269,0
DA:295,0
DA:327,0
LF:44
LH:0
BRDA:63,0,0,0
BRDA:63,0,1,0
BRDA:66,1,0,0
BRDA:66,1,1,0
BRDA:68,2,0,0
BRDA:68,2,1,0
BRDA:72,3,0,0
BRDA:72,3,1,0
BRDA:82,4,0,0
BRDA:82,4,1,0
BRDA:209,5,0,0
BRDA:209,5,1,0
BRDA:250,6,0,0
BRDA:250,6,1,0
BRDA:287,7,0,0
BRDA:287,7,1,0
BRDA:344,8,0,0
BRDA:344,8,1,0
BRDA:346,9,0,0
BRDA:346,9,1,0
BRDA:349,10,0,0
BRDA:349,10,1,0
BRDA:382,11,0,0
BRDA:382,11,1,0
BRDA:382,12,0,0
BRDA:382,12,1,0
BRDA:383,13,0,0
BRDA:383,13,1,0
BRDA:383,14,0,0
BRDA:383,14,1,0
BRDA:384,15,0,0
BRDA:384,15,1,0
BRDA:384,16,0,0
BRDA:384,16,1,0
BRDA:436,17,0,0
BRDA:436,17,1,0
BRDA:437,18,0,0
BRDA:437,18,1,0
BRDA:438,19,0,0
BRDA:438,19,1,0
BRF:40
BRH:0
end_of_record
TN:
SF:src/components/ModernInventoryInterface.tsx
FN:40,(anonymous_0)
FN:47,(anonymous_1)
FN:88,(anonymous_2)
FN:118,(anonymous_3)
FN:145,(anonymous_4)
FN:152,(anonymous_5)
FN:176,(anonymous_6)
FN:208,(anonymous_7)
FN:215,(anonymous_8)
FN:216,(anonymous_9)
FN:217,(anonymous_10)
FN:225,(anonymous_11)
FN:226,(anonymous_12)
FN:227,(anonymous_13)
FN:234,(anonymous_14)
FN:238,(anonymous_15)
FN:246,(anonymous_16)
FN:252,(anonymous_17)
FN:313,(anonymous_18)
FN:323,(anonymous_19)
FN:329,(anonymous_20)
FN:344,(anonymous_21)
FN:354,(anonymous_22)
FN:367,(anonymous_23)
FN:386,(anonymous_24)
FN:396,(anonymous_25)
FN:402,(anonymous_26)
FN:410,(anonymous_27)
FN:434,(anonymous_28)
FN:437,(anonymous_29)
FN:447,(anonymous_30)
FN:460,(anonymous_31)
FN:470,(anonymous_32)
FN:476,(anonymous_33)
FN:485,(anonymous_34)
FN:564,(anonymous_35)
FN:572,(anonymous_36)
FN:608,(anonymous_37)
FN:629,(anonymous_38)
FN:635,(anonymous_39)
FN:675,(anonymous_40)
FN:704,(anonymous_41)
FN:717,(anonymous_42)
FN:732,(anonymous_43)
FN:732,(anonymous_44)
FN:742,(anonymous_45)
FN:742,(anonymous_46)
FN:753,(anonymous_47)
FN:753,(anonymous_48)
FN:767,(anonymous_49)
FN:767,(anonymous_50)
FN:778,(anonymous_51)
FN:778,(anonymous_52)
FN:789,(anonymous_53)
FN:789,(anonymous_54)
FN:802,(anonymous_55)
FNF:56
FNH:0
FNDA:0,(anonymous_0)
FNDA:0,(anonymous_1)
FNDA:0,(anonymous_2)
FNDA:0,(anonymous_3)
FNDA:0,(anonymous_4)
FNDA:0,(anonymous_5)
FNDA:0,(anonymous_6)
FNDA:0,(anonymous_7)
FNDA:0,(anonymous_8)
FNDA:0,(anonymous_9)
FNDA:0,(anonymous_10)
FNDA:0,(anonymous_11)
FNDA:0,(anonymous_12)
FNDA:0,(anonymous_13)
FNDA:0,(anonymous_14)
FNDA:0,(anonymous_15)
FNDA:0,(anonymous_16)
FNDA:0,(anonymous_17)
FNDA:0,(anonymous_18)
FNDA:0,(anonymous_19)
FNDA:0,(anonymous_20)
FNDA:0,(anonymous_21)
FNDA:0,(anonymous_22)
FNDA:0,(anonymous_23)
FNDA:0,(anonymous_24)
FNDA:0,(anonymous_25)
FNDA:0,(anonymous_26)
FNDA:0,(anonymous_27)
FNDA:0,(anonymous_28)
FNDA:0,(anonymous_29)
FNDA:0,(anonymous_30)
FNDA:0,(anonymous_31)
FNDA:0,(anonymous_32)
FNDA:0,(anonymous_33)
FNDA:0,(anonymous_34)
FNDA:0,(anonymous_35)
FNDA:0,(anonymous_36)
FNDA:0,(anonymous_37)
FNDA:0,(anonymous_38)
FNDA:0,(anonymous_39)
FNDA:0,(anonymous_40)
FNDA:0,(anonymous_41)
FNDA:0,(anonymous_42)
FNDA:0,(anonymous_43)
FNDA:0,(anonymous_44)
FNDA:0,(anonymous_45)
FNDA:0,(anonymous_46)
FNDA:0,(anonymous_47)
FNDA:0,(anonymous_48)
FNDA:0,(anonymous_49)
FNDA:0,(anonymous_50)
FNDA:0,(anonymous_51)
FNDA:0,(anonymous_52)
FNDA:0,(anonymous_53)
FNDA:0,(anonymous_54)
FNDA:0,(anonymous_55)
DA:29,0
DA:30,0
DA:40,0
DA:47,0
DA:48,0
DA:49,0
DA:50,0
DA:51,0
DA:55,0
DA:88,0
DA:98,0
DA:99,0
DA:103,0
DA:118,0
DA:145,0
DA:152,0
DA:153,0
DA:154,0
DA:155,0
DA:156,0
DA:157,0
DA:158,0
DA:159,0
DA:160,0
DA:166,0
DA:176,0
DA:177,0
DA:178,0
DA:181,0
DA:182,0
DA:185,0
DA:188,0
DA:189,0
DA:190,0
DA:191,0
DA:193,0
DA:198,0
DA:199,0
DA:200,0
DA:203,0
DA:204,0
DA:208,0
DA:211,0
DA:213,0
DA:215,0
DA:216,0
DA:217,0
DA:221,0
DA:223,0
DA:225,0
DA:226,0
DA:227,0
DA:230,0
DA:234,0
DA:235,0
DA:238,0
DA:239,0
DA:240,0
DA:241,0
DA:242,0
DA:246,0
DA:247,0
DA:248,0
DA:249,0
DA:252,0
DA:253,0
DA:255,0
DA:256,0
DA:257,0
DA:260,0
DA:261,0
DA:262,0
DA:265,0
DA:267,0
DA:268,0
DA:270,0
DA:279,0
DA:282,0
DA:283,0
DA:291,0
DA:292,0
DA:302,0
DA:304,0
DA:306,0
DA:307,0
DA:309,0
DA:313,0
DA:314,0
DA:315,0
DA:316,0
DA:324,0
DA:331,0
DA:332,0
DA:333,0
DA:334,0
DA:335,0
DA:336,0
DA:344,0
DA:345,0
DA:346,0
DA:347,0
DA:355,0
DA:356,0
DA:357,0
DA:358,0
DA:359,0
DA:360,0
DA:368,0
DA:369,0
DA:370,0
DA:371,0
DA:372,0
DA:373,0
DA:375,0
DA:377,0
DA:378,0
DA:386,0
DA:387,0
DA:388,0
DA:389,0
DA:397,0
DA:403,0
DA:410,0
DA:411,0
DA:412,0
DA:413,0
DA:414,0
DA:417,0
DA:419,0
DA:420,0
DA:421,0
DA:423,0
DA:434,0
DA:437,0
DA:440,0
DA:448,0
DA:455,0
DA:456,0
DA:460,0
DA:461,0
DA:462,0
DA:463,0
DA:471,0
DA:477,0
DA:478,0
DA:485,0
DA:486,0
DA:497,0
DA:528,0
DA:563,0
DA:564,0
DA:573,0
DA:576,0
DA:577,0
DA:578,0
DA:580,0
DA:583,0
DA:609,0
DA:630,0
DA:635,0
DA:676,0
DA:704,0
DA:718,0
DA:719,0
DA:720,0
DA:732,0
DA:742,0
DA:753,0
DA:767,0
DA:778,0
DA:789,0
DA:803,0
DA:804,0
DA:805,0
DA:824,0
LF:175
LH:0
BRDA:45,0,0,0
BRDA:48,1,0,0
BRDA:48,1,1,0
BRDA:48,1,2,0
BRDA:61,2,0,0
BRDA:61,2,1,0
BRDA:64,3,0,0
BRDA:64,3,1,0
BRDA:98,4,0,0
BRDA:98,4,1,0
BRDA:98,5,0,0
BRDA:98,5,1,0
BRDA:99,6,0,0
BRDA:99,6,1,0
BRDA:100,7,0,0
BRDA:100,7,1,0
BRDA:133,8,0,0
BRDA:133,8,1,0
BRDA:135,9,0,0
BRDA:135,9,1,0
BRDA:177,10,0,0
BRDA:177,10,1,0
BRDA:188,11,0,0
BRDA:188,11,1,0
BRDA:188,12,0,0
BRDA:188,12,1,0
BRDA:216,13,0,0
BRDA:216,13,1,0
BRDA:226,14,0,0
BRDA:226,14,1,0
BRDA:255,15,0,0
BRDA:255,15,1,0
BRDA:255,16,0,0
BRDA:255,16,1,0
BRDA:255,16,2,0
BRDA:255,16,3,0
BRDA:255,16,4,0
BRDA:260,17,0,0
BRDA:260,17,1,0
BRDA:282,18,0,0
BRDA:282,18,1,0
BRDA:307,19,0,0
BRDA:307,19,1,0
BRDA:332,20,0,0
BRDA:332,20,1,0
BRDA:332,21,0,0
BRDA:332,21,1,0
BRDA:335,22,0,0
BRDA:335,22,1,0
BRDA:356,23,0,0
BRDA:356,23,1,0
BRDA:356,24,0,0
BRDA:356,24,1,0
BRDA:356,24,2,0
BRDA:359,25,0,0
BRDA:359,25,1,0
BRDA:359,26,0,0
BRDA:359,26,1,0
BRDA:369,27,0,0
BRDA:369,27,1,0
BRDA:369,28,0,0
BRDA:369,28,1,0
BRDA:369,28,2,0
BRDA:372,29,0,0
BRDA:372,29,1,0
BRDA:377,30,0,0
BRDA:377,30,1,0
BRDA:377,31,0,0
BRDA:377,31,1,0
BRDA:412,32,0,0
BRDA:412,32,1,0
BRDA:500,33,0,0
BRDA:500,33,1,0
BRDA:507,34,0,0
BRDA:507,34,1,0
BRDA:510,35,0,0
BRDA:510,35,1,0
BRDA:514,36,0,0
BRDA:514,36,1,0
BRDA:517,37,0,0
BRDA:517,37,1,0
BRDA:570,38,0,0
BRDA:570,38,1,0
BRDA:573,39,0,0
BRDA:573,39,1,0
BRDA:576,40,0,0
BRDA:576,40,1,0
BRDA:577,41,0,0
BRDA:577,41,1,0
BRDA:577,42,0,0
BRDA:577,42,1,0
BRDA:577,42,2,0
BRDA:578,43,0,0
BRDA:578,43,1,0
BRDA:578,44,0,0
BRDA:578,44,1,0
BRDA:634,45,0,0
BRDA:634,45,1,0
BRDA:684,46,0,0
BRDA:684,46,1,0
BRDA:854,47,0,0
BRDA:854,47,1,0
BRDA:855,48,0,0
BRDA:855,48,1,0
BRDA:856,49,0,0
BRDA:856,49,1,0
BRF:106
BRH:0
end_of_record
TN:
SF:src/components/ModernPOSInterface.tsx
FN:37,(anonymous_0)
FN:48,(anonymous_1)
FN:52,(anonymous_2)
FN:73,(anonymous_3)
FN:79,(anonymous_4)
FN:84,(anonymous_5)
FN:86,(anonymous_6)
FN:89,(anonymous_7)
FN:107,(anonymous_8)
FN:111,(anonymous_9)
FN:120,(anonymous_10)
FN:121,(anonymous_11)
FN:125,(anonymous_12)
FN:134,(anonymous_13)
FN:141,(anonymous_14)
FN:161,(anonymous_15)
FN:163,(anonymous_16)
FN:172,(anonymous_17)
FN:177,(anonymous_18)
FN:196,(anonymous_19)
FN:203,(anonymous_20)
FN:217,(anonymous_21)
FN:224,(anonymous_22)
FN:238,(anonymous_23)
FN:259,(anonymous_24)
FN:283,(anonymous_25)
FN:290,(anonymous_26)
FN:299,(anonymous_27)
FN:345,(anonymous_28)
FN:384,(anonymous_29)
FNF:30
FNH:0
FNDA:0,(anonymous_0)
FNDA:0,(anonymous_1)
FNDA:0,(anonymous_2)
FNDA:0,(anonymous_3)
FNDA:0,(anonymous_4)
FNDA:0,(anonymous_5)
FNDA:0,(anonymous_6)
FNDA:0,(anonymous_7)
FNDA:0,(anonymous_8)
FNDA:0,(anonymous_9)
FNDA:0,(anonymous_10)
FNDA:0,(anonymous_11)
FNDA:0,(anonymous_12)
FNDA:0,(anonymous_13)
FNDA:0,(anonymous_14)
FNDA:0,(anonymous_15)
FNDA:0,(anonymous_16)
FNDA:0,(anonymous_17)
FNDA:0,(anonymous_18)
FNDA:0,(anonymous_19)
FNDA:0,(anonymous_20)
FNDA:0,(anonymous_21)
FNDA:0,(anonymous_22)
FNDA:0,(anonymous_23)
FNDA:0,(anonymous_24)
FNDA:0,(anonymous_25)
FNDA:0,(anonymous_26)
FNDA:0,(anonymous_27)
FNDA:0,(anonymous_28)
FNDA:0,(anonymous_29)
DA:37,0
DA:39,0
DA:40,0
DA:41,0
DA:42,0
DA:43,0
DA:44,0
DA:45,0
DA:48,0
DA:49,0
DA:52,0
DA:53,0
DA:54,0
DA:56,0
DA:58,0
DA:59,0
DA:60,0
DA:61,0
DA:63,0
DA:66,0
DA:68,0
DA:73,0
DA:74,0
DA:79,0
DA:80,0
DA:81,0
DA:84,0
DA:85,0
DA:86,0
DA:88,0
DA:89,0
DA:90,0
DA:95,0
DA:102,0
DA:107,0
DA:108,0
DA:109,0
DA:111,0
DA:112,0
DA:120,0
DA:121,0
DA:125,0
DA:126,0
DA:134,0
DA:141,0
DA:142,0
DA:143,0
DA:153,0
DA:154,0
DA:155,0
DA:157,0
DA:161,0
DA:162,0
DA:163,0
DA:164,0
DA:165,0
DA:167,0
DA:172,0
DA:173,0
DA:177,0
DA:196,0
DA:203,0
DA:204,0
DA:217,0
DA:224,0
DA:238,0
DA:244,0
DA:283,0
DA:299,0
DA:346,0
DA:384,0
DA:391,0
LF:72
LH:0
BRDA:58,0,0,0
BRDA:58,0,1,0
BRDA:74,1,0,0
BRDA:74,1,1,0
BRDA:84,2,0,0
BRDA:88,3,0,0
BRDA:88,3,1,0
BRDA:90,4,0,0
BRDA:90,4,1,0
BRDA:108,5,0,0
BRDA:108,5,1,0
BRDA:112,6,0,0
BRDA:112,6,1,0
BRDA:164,7,0,0
BRDA:164,7,1,0
BRDA:208,8,0,0
BRDA:208,8,1,0
BRDA:267,9,0,0
BRDA:267,9,1,0
BRDA:300,10,0,0
BRDA:300,10,1,0
BRDA:308,11,0,0
BRDA:308,11,1,0
BRDA:315,12,0,0
BRDA:315,12,1,0
BRDA:327,13,0,0
BRDA:327,13,1,0
BRDA:424,14,0,0
BRDA:424,14,1,0
BRDA:430,15,0,0
BRDA:430,15,1,0
BRDA:437,16,0,0
BRDA:437,16,1,0
BRDA:463,17,0,0
BRDA:463,17,1,0
BRF:35
BRH:0
end_of_record
TN:
SF:src/components/POSInterface.tsx
FN:26,(anonymous_0)
FN:42,(anonymous_1)
FN:46,(anonymous_2)
FN:69,(anonymous_3)
FN:75,(anonymous_4)
FN:80,(anonymous_5)
FN:82,(anonymous_6)
FN:85,(anonymous_7)
FN:103,(anonymous_8)
FN:119,(anonymous_9)
FN:123,(anonymous_10)
FN:132,(anonymous_11)
FN:133,(anonymous_12)
FN:137,(anonymous_13)
FN:146,(anonymous_14)
FN:153,(anonymous_15)
FN:177,(anonymous_16)
FN:181,(anonymous_17)
FN:186,(anonymous_18)
FN:191,(anonymous_19)
FN:196,(anonymous_20)
FN:202,(anonymous_21)
FN:207,(anonymous_22)
FN:210,(anonymous_23)
FN:219,(anonymous_24)
FN:227,(anonymous_25)
FN:238,(anonymous_26)
FN:247,(anonymous_27)
FN:259,(anonymous_28)
FN:290,(anonymous_29)
FN:297,(anonymous_30)
FN:305,(anonymous_31)
FN:313,(anonymous_32)
FN:340,(anonymous_33)
FN:362,(anonymous_34)
FN:380,(anonymous_35)
FN:390,(anonymous_36)
FN:397,(anonymous_37)
FN:404,(anonymous_38)
FN:414,(anonymous_39)
FN:421,(anonymous_40)
FN:433,(anonymous_41)
FN:434,(anonymous_42)
FN:446,(anonymous_43)
FN:455,(anonymous_44)
FN:457,(anonymous_45)
FNF:46
FNH:0
FNDA:0,(anonymous_0)
FNDA:0,(anonymous_1)
FNDA:0,(anonymous_2)
FNDA:0,(anonymous_3)
FNDA:0,(anonymous_4)
FNDA:0,(anonymous_5)
FNDA:0,(anonymous_6)
FNDA:0,(anonymous_7)
FNDA:0,(anonymous_8)
FNDA:0,(anonymous_9)
FNDA:0,(anonymous_10)
FNDA:0,(anonymous_11)
FNDA:0,(anonymous_12)
FNDA:0,(anonymous_13)
FNDA:0,(anonymous_14)
FNDA:0,(anonymous_15)
FNDA:0,(anonymous_16)
FNDA:0,(anonymous_17)
FNDA:0,(anonymous_18)
FNDA:0,(anonymous_19)
FNDA:0,(anonymous_20)
FNDA:0,(anonymous_21)
FNDA:0,(anonymous_22)
FNDA:0,(anonymous_23)
FNDA:0,(anonymous_24)
FNDA:0,(anonymous_25)
FNDA:0,(anonymous_26)
FNDA:0,(anonymous_27)
FNDA:0,(anonymous_28)
FNDA:0,(anonymous_29)
FNDA:0,(anonymous_30)
FNDA:0,(anonymous_31)
FNDA:0,(anonymous_32)
FNDA:0,(anonymous_33)
FNDA:0,(anonymous_34)
FNDA:0,(anonymous_35)
FNDA:0,(anonymous_36)
FNDA:0,(anonymous_37)
FNDA:0,(anonymous_38)
FNDA:0,(anonymous_39)
FNDA:0,(anonymous_40)
FNDA:0,(anonymous_41)
FNDA:0,(anonymous_42)
FNDA:0,(anonymous_43)
FNDA:0,(anonymous_44)
FNDA:0,(anonymous_45)
DA:26,0
DA:28,0
DA:29,0
DA:30,0
DA:31,0
DA:32,0
DA:33,0
DA:34,0
DA:35,0
DA:36,0
DA:37,0
DA:38,0
DA:39,0
DA:42,0
DA:43,0
DA:46,0
DA:47,0
DA:48,0
DA:51,0
DA:54,0
DA:55,0
DA:56,0
DA:57,0
DA:59,0
DA:62,0
DA:64,0
DA:69,0
DA:70,0
DA:75,0
DA:76,0
DA:77,0
DA:80,0
DA:81,0
DA:82,0
DA:84,0
DA:85,0
DA:86,0
DA:91,0
DA:98,0
DA:103,0
DA:108,0
DA:115,0
DA:119,0
DA:120,0
DA:121,0
DA:123,0
DA:124,0
DA:132,0
DA:133,0
DA:137,0
DA:138,0
DA:146,0
DA:153,0
DA:154,0
DA:155,0
DA:165,0
DA:166,0
DA:167,0
DA:168,0
DA:170,0
DA:172,0
DA:177,0
DA:178,0
DA:181,0
DA:182,0
DA:186,0
DA:187,0
DA:188,0
DA:191,0
DA:192,0
DA:196,0
DA:197,0
DA:198,0
DA:202,0
DA:203,0
DA:207,0
DA:208,0
DA:210,0
DA:219,0
DA:227,0
DA:228,0
DA:238,0
DA:247,0
DA:259,0
DA:267,0
DA:290,0
DA:297,0
DA:305,0
DA:313,0
DA:340,0
DA:362,0
DA:380,0
DA:390,0
DA:397,0
DA:404,0
DA:414,0
DA:421,0
DA:433,0
DA:435,0
DA:446,0
DA:455,0
DA:458,0
DA:459,0
DA:468,0
LF:104
LH:0
BRDA:54,0,0,0
BRDA:54,0,1,0
BRDA:70,1,0,0
BRDA:70,1,1,0
BRDA:80,2,0,0
BRDA:84,3,0,0
BRDA:84,3,1,0
BRDA:86,4,0,0
BRDA:86,4,1,0
BRDA:120,5,0,0
BRDA:120,5,1,0
BRDA:124,6,0,0
BRDA:124,6,1,0
BRDA:231,7,0,0
BRDA:231,7,1,0
BRDA:323,8,0,0
BRDA:323,8,1,0
BRDA:330,9,0,0
BRDA:330,9,1,0
BRDA:385,10,0,0
BRDA:385,10,1,0
BRDA:396,11,0,0
BRDA:396,11,1,0
BRDA:399,12,0,0
BRDA:399,12,1,0
BRDA:403,13,0,0
BRDA:403,13,1,0
BRDA:406,14,0,0
BRDA:406,14,1,0
BRDA:411,15,0,0
BRDA:411,15,1,0
BRF:31
BRH:0
end_of_record
TN:
SF:src/components/PaymentProcessor.tsx
FN:24,(anonymous_0)
FN:41,(anonymous_1)
FN:49,(anonymous_2)
FN:64,(anonymous_3)
FN:74,(anonymous_4)
FN:84,(anonymous_5)
FN:134,(anonymous_6)
FN:148,(anonymous_7)
FN:162,(anonymous_8)
FN:180,(anonymous_9)
FN:184,(anonymous_10)
FNF:11
FNH:0
FNDA:0,(anonymous_0)
FNDA:0,(anonymous_1)
FNDA:0,(anonymous_2)
FNDA:0,(anonymous_3)
FNDA:0,(anonymous_4)
FNDA:0,(anonymous_5)
FNDA:0,(anonymous_6)
FNDA:0,(anonymous_7)
FNDA:0,(anonymous_8)
FNDA:0,(anonymous_9)
FNDA:0,(anonymous_10)
DA:24,0
DA:32,0
DA:33,0
DA:34,0
DA:36,0
DA:37,0
DA:38,0
DA:41,0
DA:42,0
DA:43,0
DA:44,0
DA:45,0
DA:49,0
DA:50,0
DA:51,0
DA:52,0
DA:55,0
DA:57,0
DA:58,0
DA:63,0
DA:64,0
DA:67,0
DA:69,0
DA:70,0
DA:74,0
DA:75,0
DA:78,0
DA:84,0
DA:86,0
DA:134,0
DA:148,0
DA:162,0
DA:181,0
DA:184,0
DA:258,0
LF:35
LH:0
BRDA:37,0,0,0
BRDA:37,0,1,0
BRDA:37,1,0,0
BRDA:37,1,1,0
BRDA:38,2,0,0
BRDA:38,2,1,0
BRDA:38,3,0,0
BRDA:38,3,1,0
BRDA:42,4,0,0
BRDA:42,4,1,0
BRDA:50,5,0,0
BRDA:50,5,1,0
BRDA:58,6,0,0
BRDA:58,6,1,0
BRDA:63,7,0,0
BRDA:63,7,1,0
BRDA:84,8,0,0
BRDA:84,8,1,0
BRDA:94,9,0,0
BRDA:94,9,1,0
BRDA:99,10,0,0
BRDA:99,10,1,0
BRDA:113,11,0,0
BRDA:113,11,1,0
BRDA:132,12,0,0
BRDA:132,12,1,0
BRDA:139,13,0,0
BRDA:139,13,1,0
BRDA:146,14,0,0
BRDA:146,14,1,0
BRDA:153,15,0,0
BRDA:153,15,1,0
BRDA:160,16,0,0
BRDA:160,16,1,0
BRDA:167,17,0,0
BRDA:167,17,1,0
BRDA:174,18,0,0
BRDA:174,18,1,0
BRDA:195,19,0,0
BRDA:195,19,1,0
BRDA:204,20,0,0
BRDA:204,20,1,0
BRDA:211,21,0,0
BRDA:211,21,1,0
BRDA:211,21,2,0
BRDA:221,22,0,0
BRDA:221,22,1,0
BRDA:221,22,2,0
BRDA:224,23,0,0
BRDA:224,23,1,0
BRDA:239,24,0,0
BRDA:239,24,1,0
BRDA:240,25,0,0
BRDA:240,25,1,0
BRDA:243,26,0,0
BRDA:243,26,1,0
BRDA:246,27,0,0
BRDA:246,27,1,0
BRDA:247,28,0,0
BRDA:247,28,1,0
BRF:60
BRH:0
end_of_record
TN:
SF:src/components/ProductForm.tsx
FN:22,(anonymous_0)
FN:39,(anonymous_1)
FN:45,(anonymous_2)
FN:57,(anonymous_3)
FN:94,(anonymous_4)
FNF:5
FNH:0
FNDA:0,(anonymous_0)
FNDA:0,(anonymous_1)
FNDA:0,(anonymous_2)
FNDA:0,(anonymous_3)
FNDA:0,(anonymous_4)
DA:22,0
DA:27,0
DA:28,0
DA:29,0
DA:30,0
DA:31,0
DA:32,0
DA:33,0
DA:34,0
DA:36,0
DA:39,0
DA:40,0
DA:41,0
DA:45,0
DA:46,0
DA:48,0
DA:49,0
DA:50,0
DA:51,0
DA:53,0
DA:57,0
DA:58,0
DA:60,0
DA:61,0
DA:62,0
DA:63,0
DA:66,0
DA:67,0
DA:70,0
DA:71,0
DA:72,0
DA:75,0
DA:76,0
DA:77,0
DA:80,0
DA:81,0
DA:82,0
DA:85,0
DA:86,0
DA:87,0
DA:90,0
DA:91,0
DA:94,0
DA:95,0
DA:97,0
DA:98,0
DA:101,0
DA:103,0
DA:114,0
DA:124,0
DA:126,0
DA:131,0
DA:135,0
DA:256,0
LF:54
LH:0
BRDA:27,0,0,0
BRDA:27,0,1,0
BRDA:28,1,0,0
BRDA:28,1,1,0
BRDA:29,2,0,0
BRDA:29,2,1,0
BRDA:30,3,0,0
BRDA:30,3,1,0
BRDA:31,4,0,0
BRDA:31,4,1,0
BRDA:32,5,0,0
BRDA:32,5,1,0
BRDA:40,6,0,0
BRDA:40,6,1,0
BRDA:40,7,0,0
BRDA:40,7,1,0
BRDA:40,7,2,0
BRDA:46,8,0,0
BRDA:46,8,1,0
BRDA:60,9,0,0
BRDA:60,9,1,0
BRDA:62,10,0,0
BRDA:62,10,1,0
BRDA:66,11,0,0
BRDA:66,11,1,0
BRDA:71,12,0,0
BRDA:71,12,1,0
BRDA:71,13,0,0
BRDA:71,13,1,0
BRDA:76,14,0,0
BRDA:76,14,1,0
BRDA:76,15,0,0
BRDA:76,15,1,0
BRDA:81,16,0,0
BRDA:81,16,1,0
BRDA:81,17,0,0
BRDA:81,17,1,0
BRDA:86,18,0,0
BRDA:86,18,1,0
BRDA:86,19,0,0
BRDA:86,19,1,0
BRDA:86,19,2,0
BRDA:95,20,0,0
BRDA:95,20,1,0
BRDA:101,21,0,0
BRDA:101,21,1,0
BRDA:128,22,0,0
BRDA:128,22,1,0
BRDA:137,23,0,0
BRDA:137,23,1,0
BRDA:142,24,0,0
BRDA:142,24,1,0
BRDA:148,25,0,0
BRDA:148,25,1,0
BRDA:155,26,0,0
BRDA:155,26,1,0
BRDA:161,27,0,0
BRDA:161,27,1,0
BRDA:167,28,0,0
BRDA:167,28,1,0
BRDA:174,29,0,0
BRDA:174,29,1,0
BRDA:180,30,0,0
BRDA:180,30,1,0
BRDA:186,31,0,0
BRDA:186,31,1,0
BRDA:192,32,0,0
BRDA:192,32,1,0
BRDA:200,33,0,0
BRDA:200,33,1,0
BRDA:206,34,0,0
BRDA:206,34,1,0
BRDA:212,35,0,0
BRDA:212,35,1,0
BRDA:218,36,0,0
BRDA:218,36,1,0
BRDA:223,37,0,0
BRDA:223,37,1,0
BRDA:223,37,2,0
BRDA:223,37,3,0
BRDA:223,37,4,0
BRDA:242,38,0,0
BRDA:242,38,1,0
BRDA:247,39,0,0
BRDA:247,39,1,0
BRDA:247,40,0,0
BRDA:247,40,1,0
BRF:87
BRH:0
end_of_record
TN:
SF:src/components/ProductList.tsx
FN:22,(anonymous_0)
FN:39,(anonymous_1)
FN:44,(anonymous_2)
FN:48,(anonymous_3)
FN:60,(anonymous_4)
FN:69,(anonymous_5)
FN:74,(anonymous_6)
FN:82,(anonymous_7)
FN:88,(anonymous_8)
FN:98,(anonymous_9)
FN:103,(anonymous_10)
FN:109,(anonymous_11)
FN:118,(anonymous_12)
FN:131,(anonymous_13)
FN:139,(anonymous_14)
FN:140,(anonymous_15)
FN:175,(anonymous_16)
FN:221,(anonymous_17)
FN:235,(anonymous_18)
FN:240,(anonymous_19)
FNF:20
FNH:0
FNDA:0,(anonymous_0)
FNDA:0,(anonymous_1)
FNDA:0,(anonymous_2)
FNDA:0,(anonymous_3)
FNDA:0,(anonymous_4)
FNDA:0,(anonymous_5)
FNDA:0,(anonymous_6)
FNDA:0,(anonymous_7)
FNDA:0,(anonymous_8)
FNDA:0,(anonymous_9)
FNDA:0,(anonymous_10)
FNDA:0,(anonymous_11)
FNDA:0,(anonymous_12)
FNDA:0,(anonymous_13)
FNDA:0,(anonymous_14)
FNDA:0,(anonymous_15)
FNDA:0,(anonymous_16)
FNDA:0,(anonymous_17)
FNDA:0,(anonymous_18)
FNDA:0,(anonymous_19)
DA:22,0
DA:26,0
DA:27,0
DA:28,0
DA:29,0
DA:30,0
DA:31,0
DA:32,0
DA:33,0
DA:39,0
DA:40,0
DA:41,0
DA:44,0
DA:45,0
DA:48,0
DA:49,0
DA:50,0
DA:51,0
DA:53,0
DA:54,0
DA:56,0
DA:60,0
DA:61,0
DA:62,0
DA:63,0
DA:65,0
DA:69,0
DA:70,0
DA:71,0
DA:73,0
DA:74,0
DA:75,0
DA:78,0
DA:82,0
DA:83,0
DA:84,0
DA:85,0
DA:88,0
DA:89,0
DA:90,0
DA:93,0
DA:94,0
DA:98,0
DA:99,0
DA:100,0
DA:103,0
DA:104,0
DA:105,0
DA:106,0
DA:109,0
DA:110,0
DA:119,0
DA:120,0
DA:121,0
DA:123,0
DA:131,0
DA:132,0
DA:133,0
DA:134,0
DA:136,0
DA:139,0
DA:140,0
DA:175,0
DA:176,0
DA:217,0
DA:221,0
DA:235,0
DA:240,0
DA:247,0
LF:69
LH:0
BRDA:24,0,0,0
BRDA:70,1,0,0
BRDA:70,1,1,0
BRDA:75,2,0,0
BRDA:75,2,1,0
BRDA:89,3,0,0
BRDA:89,3,1,0
BRDA:89,4,0,0
BRDA:89,4,1,0
BRDA:138,5,0,0
BRDA:138,5,1,0
BRDA:140,6,0,0
BRDA:140,6,1,0
BRDA:154,7,0,0
BRDA:154,7,1,0
BRDA:157,8,0,0
BRDA:157,8,1,0
BRDA:165,9,0,0
BRDA:165,9,1,0
BRDA:186,10,0,0
BRDA:186,10,1,0
BRDA:197,11,0,0
BRDA:197,11,1,0
BRDA:205,12,0,0
BRDA:205,12,1,0
BRDA:212,13,0,0
BRDA:212,13,1,0
BRDA:238,14,0,0
BRDA:238,14,1,0
BRF:29
BRH:0
end_of_record
TN:
SF:src/components/ReceiptGenerator.tsx
FN:12,(anonymous_0)
FN:18,(anonymous_1)
FN:29,(anonymous_2)
FN:48,(anonymous_3)
FN:96,(anonymous_4)
FN:108,(anonymous_5)
FN:116,(anonymous_6)
FN:125,(anonymous_7)
FN:181,(anonymous_8)
FNF:9
FNH:0
FNDA:0,(anonymous_0)
FNDA:0,(anonymous_1)
FNDA:0,(anonymous_2)
FNDA:0,(anonymous_3)
FNDA:0,(anonymous_4)
FNDA:0,(anonymous_5)
FNDA:0,(anonymous_6)
FNDA:0,(anonymous_7)
FNDA:0,(anonymous_8)
DA:12,0
DA:18,0
DA:19,0
DA:29,0
DA:30,0
DA:31,0
DA:33,0
DA:48,0
DA:49,0
DA:50,0
DA:51,0
DA:52,0
DA:53,0
DA:55,0
DA:59,0
DA:62,0
DA:63,0
DA:66,0
DA:67,0
DA:70,0
DA:77,0
DA:78,0
DA:79,0
DA:80,0
DA:81,0
DA:84,0
DA:87,0
DA:93,0
DA:96,0
DA:97,0
DA:98,0
DA:99,0
DA:104,0
DA:108,0
DA:109,0
DA:110,0
DA:112,0
DA:116,0
DA:117,0
DA:118,0
DA:126,0
DA:127,0
DA:129,0
DA:137,0
DA:141,0
DA:182,0
DA:183,0
DA:289,0
LF:48
LH:0
BRDA:40,0,0,0
BRDA:40,0,1,0
BRDA:52,1,0,0
BRDA:52,1,1,0
BRDA:62,2,0,0
BRDA:62,2,1,0
BRDA:66,3,0,0
BRDA:66,3,1,0
BRDA:77,4,0,0
BRDA:77,4,1,0
BRDA:80,5,0,0
BRDA:80,5,1,0
BRDA:109,6,0,0
BRDA:109,6,1,0
BRDA:117,7,0,0
BRDA:117,7,1,0
BRDA:126,8,0,0
BRDA:126,8,1,0
BRDA:126,9,0,0
BRDA:126,9,1,0
BRDA:168,10,0,0
BRDA:168,10,1,0
BRDA:193,11,0,0
BRDA:193,11,1,0
BRDA:209,12,0,0
BRDA:209,12,1,0
BRDA:216,13,0,0
BRDA:216,13,1,0
BRDA:240,14,0,0
BRDA:240,14,1,0
BRDA:246,15,0,0
BRDA:246,15,1,0
BRF:32
BRH:0
end_of_record
TN:
SF:src/components/RecentTransactions.tsx
FN:24,(anonymous_0)
FN:25,(anonymous_1)
FN:41,(anonymous_2)
FN:50,(anonymous_3)
FN:62,(anonymous_4)
FN:92,(anonymous_5)
FN:119,(anonymous_6)
FN:129,(anonymous_7)
FN:133,(anonymous_8)
FN:142,(anonymous_9)
FN:155,(anonymous_10)
FN:160,(anonymous_11)
FN:177,(anonymous_12)
FN:187,(anonymous_13)
FN:223,(anonymous_14)
FN:229,(anonymous_15)
FNF:16
FNH:0
FNDA:0,(anonymous_0)
FNDA:0,(anonymous_1)
FNDA:0,(anonymous_2)
FNDA:0,(anonymous_3)
FNDA:0,(anonymous_4)
FNDA:0,(anonymous_5)
FNDA:0,(anonymous_6)
FNDA:0,(anonymous_7)
FNDA:0,(anonymous_8)
FNDA:0,(anonymous_9)
FNDA:0,(anonymous_10)
FNDA:0,(anonymous_11)
FNDA:0,(anonymous_12)
FNDA:0,(anonymous_13)
FNDA:0,(anonymous_14)
FNDA:0,(anonymous_15)
DA:24,0
DA:25,0
DA:26,0
DA:27,0
DA:28,0
DA:29,0
DA:30,0
DA:31,0
DA:33,0
DA:34,0
DA:35,0
DA:36,0
DA:38,0
DA:41,0
DA:42,0
DA:43,0
DA:44,0
DA:45,0
DA:46,0
DA:50,0
DA:51,0
DA:52,0
DA:53,0
DA:54,0
DA:55,0
DA:59,0
DA:62,0
DA:93,0
DA:119,0
DA:124,0
DA:125,0
DA:126,0
DA:127,0
DA:129,0
DA:130,0
DA:133,0
DA:134,0
DA:135,0
DA:136,0
DA:138,0
DA:141,0
DA:142,0
DA:145,0
DA:147,0
DA:148,0
DA:150,0
DA:151,0
DA:155,0
DA:156,0
DA:157,0
DA:160,0
DA:161,0
DA:162,0
DA:165,0
DA:177,0
DA:178,0
DA:187,0
DA:188,0
DA:196,0
DA:197,0
DA:207,0
DA:224,0
DA:229,0
DA:244,0
LF:64
LH:0
BRDA:33,0,0,0
BRDA:33,0,1,0
BRDA:34,1,0,0
BRDA:34,1,1,0
BRDA:35,2,0,0
BRDA:35,2,1,0
BRDA:36,3,0,0
BRDA:36,3,1,0
BRDA:42,4,0,0
BRDA:42,4,1,0
BRDA:42,4,2,0
BRDA:42,4,3,0
BRDA:51,5,0,0
BRDA:51,5,1,0
BRDA:51,5,2,0
BRDA:51,5,3,0
BRDA:90,6,0,0
BRDA:90,6,1,0
BRDA:97,7,0,0
BRDA:97,7,1,0
BRDA:108,8,0,0
BRDA:108,8,1,0
BRDA:120,9,0,0
BRDA:121,10,0,0
BRDA:161,11,0,0
BRDA:161,11,1,0
BRDA:196,12,0,0
BRDA:196,12,1,0
BRDA:196,13,0,0
BRDA:196,13,1,0
BRDA:199,14,0,0
BRDA:199,14,1,0
BRDA:209,15,0,0
BRDA:209,15,1,0
BRDA:218,16,0,0
BRDA:218,16,1,0
BRDA:236,17,0,0
BRDA:236,17,1,0
BRF:38
BRH:0
end_of_record
TN:
SF:src/components/ResponsivePOSInterface.tsx
FN:38,(anonymous_0)
FN:52,(anonymous_1)
FN:53,(anonymous_2)
FN:57,(anonymous_3)
FN:61,(anonymous_4)
FN:65,(anonymous_5)
FN:86,(anonymous_6)
FN:92,(anonymous_7)
FN:97,(anonymous_8)
FN:99,(anonymous_9)
FN:102,(anonymous_10)
FN:134,(anonymous_11)
FN:138,(anonymous_12)
FN:147,(anonymous_13)
FN:148,(anonymous_14)
FN:152,(anonymous_15)
FN:161,(anonymous_16)
FN:168,(anonymous_17)
FN:190,(anonymous_18)
FN:195,(anonymous_19)
FN:213,(anonymous_20)
FN:224,(anonymous_21)
FN:237,(anonymous_22)
FN:246,(anonymous_23)
FN:254,(anonymous_24)
FN:270,(anonymous_25)
FN:275,(anonymous_26)
FN:280,(anonymous_27)
FN:309,(anonymous_28)
FN:361,(anonymous_29)
FN:406,(anonymous_30)
FN:413,(anonymous_31)
FN:429,(anonymous_32)
FN:465,(anonymous_33)
FNF:34
FNH:0
FNDA:0,(anonymous_0)
FNDA:0,(anonymous_1)
FNDA:0,(anonymous_2)
FNDA:0,(anonymous_3)
FNDA:0,(anonymous_4)
FNDA:0,(anonymous_5)
FNDA:0,(anonymous_6)
FNDA:0,(anonymous_7)
FNDA:0,(anonymous_8)
FNDA:0,(anonymous_9)
FNDA:0,(anonymous_10)
FNDA:0,(anonymous_11)
FNDA:0,(anonymous_12)
FNDA:0,(anonymous_13)
FNDA:0,(anonymous_14)
FNDA:0,(anonymous_15)
FNDA:0,(anonymous_16)
FNDA:0,(anonymous_17)
FNDA:0,(anonymous_18)
FNDA:0,(anonymous_19)
FNDA:0,(anonymous_20)
FNDA:0,(anonymous_21)
FNDA:0,(anonymous_22)
FNDA:0,(anonymous_23)
FNDA:0,(anonymous_24)
FNDA:0,(anonymous_25)
FNDA:0,(anonymous_26)
FNDA:0,(anonymous_27)
FNDA:0,(anonymous_28)
FNDA:0,(anonymous_29)
FNDA:0,(anonymous_30)
FNDA:0,(anonymous_31)
FNDA:0,(anonymous_32)
FNDA:0,(anonymous_33)
DA:38,0
DA:40,0
DA:41,0
DA:42,0
DA:43,0
DA:44,0
DA:45,0
DA:46,0
DA:47,0
DA:50,0
DA:52,0
DA:53,0
DA:54,0
DA:56,0
DA:57,0
DA:61,0
DA:62,0
DA:65,0
DA:66,0
DA:67,0
DA:69,0
DA:71,0
DA:72,0
DA:73,0
DA:74,0
DA:76,0
DA:79,0
DA:81,0
DA:86,0
DA:87,0
DA:92,0
DA:93,0
DA:94,0
DA:97,0
DA:98,0
DA:99,0
DA:101,0
DA:102,0
DA:103,0
DA:108,0
DA:115,0
DA:119,0
DA:134,0
DA:135,0
DA:136,0
DA:138,0
DA:139,0
DA:147,0
DA:148,0
DA:152,0
DA:153,0
DA:161,0
DA:168,0
DA:169,0
DA:170,0
DA:180,0
DA:181,0
DA:182,0
DA:183,0
DA:185,0
DA:190,0
DA:191,0
DA:192,0
DA:195,0
DA:213,0
DA:224,0
DA:225,0
DA:237,0
DA:246,0
DA:254,0
DA:270,0
DA:271,0
DA:275,0
DA:280,0
DA:309,0
DA:345,0
DA:361,0
DA:429,0
DA:465,0
DA:503,0
LF:80
LH:0
BRDA:71,0,0,0
BRDA:71,0,1,0
BRDA:87,1,0,0
BRDA:87,1,1,0
BRDA:97,2,0,0
BRDA:101,3,0,0
BRDA:101,3,1,0
BRDA:103,4,0,0
BRDA:103,4,1,0
BRDA:135,5,0,0
BRDA:135,5,1,0
BRDA:139,6,0,0
BRDA:139,6,1,0
BRDA:229,7,0,0
BRDA:229,7,1,0
BRDA:284,8,0,0
BRDA:284,8,1,0
BRDA:292,9,0,0
BRDA:292,9,1,0
BRDA:358,10,0,0
BRDA:358,10,1,0
BRDA:379,11,0,0
BRDA:379,11,1,0
BRDA:421,12,0,0
BRDA:421,12,1,0
BRDA:440,13,0,0
BRDA:440,13,1,0
BRDA:444,14,0,0
BRDA:444,14,1,0
BRDA:451,15,0,0
BRDA:451,15,1,0
BRDA:498,16,0,0
BRDA:498,16,1,0
BRF:33
BRH:0
end_of_record
TN:
SF:src/components/SalesChart.tsx
FN:26,(anonymous_0)
FN:46,(anonymous_1)
FN:47,(anonymous_2)
FN:50,(anonymous_3)
FN:60,(anonymous_4)
FN:65,(anonymous_5)
FN:78,(anonymous_6)
FN:85,(anonymous_7)
FN:122,(anonymous_8)
FN:123,(anonymous_9)
FN:144,(anonymous_10)
FN:155,(anonymous_11)
FN:170,(anonymous_12)
FN:190,(anonymous_13)
FN:194,(anonymous_14)
FNF:15
FNH:0
FNDA:0,(anonymous_0)
FNDA:0,(anonymous_1)
FNDA:0,(anonymous_2)
FNDA:0,(anonymous_3)
FNDA:0,(anonymous_4)
FNDA:0,(anonymous_5)
FNDA:0,(anonymous_6)
FNDA:0,(anonymous_7)
FNDA:0,(anonymous_8)
FNDA:0,(anonymous_9)
FNDA:0,(anonymous_10)
FNDA:0,(anonymous_11)
FNDA:0,(anonymous_12)
FNDA:0,(anonymous_13)
FNDA:0,(anonymous_14)
DA:26,0
DA:35,0
DA:36,0
DA:46,0
DA:47,0
DA:48,0
DA:50,0
DA:51,0
DA:52,0
DA:54,0
DA:55,0
DA:57,0
DA:60,0
DA:61,0
DA:62,0
DA:65,0
DA:66,0
DA:79,0
DA:81,0
DA:85,0
DA:122,0
DA:123,0
DA:124,0
DA:125,0
DA:126,0
DA:129,0
DA:145,0
DA:156,0
DA:171,0
DA:191,0
DA:194,0
DA:212,0
DA:220,0
LF:33
LH:0
BRDA:29,0,0,0
BRDA:30,1,0,0
BRDA:31,2,0,0
BRDA:32,3,0,0
BRDA:35,4,0,0
BRDA:35,4,1,0
BRDA:35,5,0,0
BRDA:35,5,1,0
BRDA:38,6,0,0
BRDA:38,6,1,0
BRDA:48,7,0,0
BRDA:48,7,1,0
BRDA:51,8,0,0
BRDA:51,8,1,0
BRDA:54,9,0,0
BRDA:54,9,1,0
BRDA:61,10,0,0
BRDA:61,10,1,0
BRDA:89,11,0,0
BRDA:89,11,1,0
BRDA:109,12,0,0
BRDA:109,12,1,0
BRDA:170,13,0,0
BRDA:170,13,1,0
BRDA:199,14,0,0
BRDA:199,14,1,0
BRDA:214,15,0,0
BRDA:214,15,1,0
BRDA:215,16,0,0
BRDA:215,16,1,0
BRF:30
BRH:0
end_of_record
TN:
SF:src/components/SyncStatusIndicator.tsx
FN:20,(anonymous_0)
FN:30,(anonymous_1)
FN:34,(anonymous_2)
FN:40,(anonymous_3)
FN:52,(anonymous_4)
FN:57,(anonymous_5)
FN:67,(anonymous_6)
FN:70,(anonymous_7)
FN:74,(anonymous_8)
FN:92,(anonymous_9)
FN:98,(anonymous_10)
FN:114,(anonymous_11)
FN:134,(anonymous_12)
FN:154,(anonymous_13)
FN:182,(anonymous_14)
FN:195,(anonymous_15)
FNF:16
FNH:0
FNDA:0,(anonymous_0)
FNDA:0,(anonymous_1)
FNDA:0,(anonymous_2)
FNDA:0,(anonymous_3)
FNDA:0,(anonymous_4)
FNDA:0,(anonymous_5)
FNDA:0,(anonymous_6)
FNDA:0,(anonymous_7)
FNDA:0,(anonymous_8)
FNDA:0,(anonymous_9)
FNDA:0,(anonymous_10)
FNDA:0,(anonymous_11)
FNDA:0,(anonymous_12)
FNDA:0,(anonymous_13)
FNDA:0,(anonymous_14)
FNDA:0,(anonymous_15)
DA:20,0
DA:25,0
DA:26,0
DA:27,0
DA:28,0
DA:30,0
DA:31,0
DA:32,0
DA:34,0
DA:36,0
DA:40,0
DA:41,0
DA:42,0
DA:43,0
DA:45,0
DA:46,0
DA:48,0
DA:52,0
DA:54,0
DA:57,0
DA:58,0
DA:59,0
DA:60,0
DA:62,0
DA:67,0
DA:70,0
DA:71,0
DA:74,0
DA:75,0
DA:76,0
DA:92,0
DA:93,0
DA:94,0
DA:95,0
DA:98,0
DA:99,0
DA:100,0
DA:103,0
DA:104,0
DA:107,0
DA:108,0
DA:111,0
DA:114,0
DA:115,0
DA:116,0
DA:119,0
DA:120,0
DA:123,0
DA:124,0
DA:127,0
DA:128,0
DA:131,0
DA:134,0
DA:135,0
DA:136,0
DA:139,0
DA:140,0
DA:143,0
DA:144,0
DA:147,0
DA:148,0
DA:151,0
DA:154,0
DA:155,0
DA:156,0
DA:157,0
DA:161,0
DA:162,0
DA:167,0
DA:170,0
DA:171,0
DA:172,0
DA:173,0
DA:175,0
DA:176,0
DA:178,0
DA:182,0
DA:183,0
DA:195,0
DA:196,0
DA:245,0
DA:248,0
LF:82
LH:0
BRDA:22,0,0,0
BRDA:99,1,0,0
BRDA:99,1,1,0
BRDA:103,2,0,0
BRDA:103,2,1,0
BRDA:103,3,0,0
BRDA:103,3,1,0
BRDA:107,4,0,0
BRDA:107,4,1,0
BRDA:107,5,0,0
BRDA:107,5,1,0
BRDA:115,6,0,0
BRDA:115,6,1,0
BRDA:119,7,0,0
BRDA:119,7,1,0
BRDA:123,8,0,0
BRDA:123,8,1,0
BRDA:123,9,0,0
BRDA:123,9,1,0
BRDA:127,10,0,0
BRDA:127,10,1,0
BRDA:127,11,0,0
BRDA:127,11,1,0
BRDA:135,12,0,0
BRDA:135,12,1,0
BRDA:139,13,0,0
BRDA:139,13,1,0
BRDA:143,14,0,0
BRDA:143,14,1,0
BRDA:143,15,0,0
BRDA:143,15,1,0
BRDA:147,16,0,0
BRDA:147,16,1,0
BRDA:147,17,0,0
BRDA:147,17,1,0
BRDA:155,18,0,0
BRDA:155,18,1,0
BRDA:161,19,0,0
BRDA:161,19,1,0
BRDA:220,20,0,0
BRDA:220,20,1,0
BRDA:221,21,0,0
BRDA:221,21,1,0
BRDA:227,22,0,0
BRDA:227,22,1,0
BRDA:236,23,0,0
BRDA:236,23,1,0
BRDA:236,23,2,0
BRDA:245,24,0,0
BRDA:245,24,1,0
BRF:50
BRH:0
end_of_record
TN:
SF:src/components/ui/Button.tsx
FN:28,(anonymous_0)
FNF:1
FNH:1
FNDA:20,(anonymous_0)
DA:28,1
DA:41,20
DA:50,20
DA:58,20
DA:59,20
DA:63,20
DA:103,1
LF:7
LH:7
BRDA:31,0,0,14
BRDA:32,1,0,17
BRDA:33,2,0,18
BRDA:34,3,0,18
BRDA:36,4,0,18
BRDA:37,5,0,19
BRDA:45,6,0,20
BRDA:45,6,1,1
BRDA:46,7,0,20
BRDA:46,7,1,18
BRDA:46,7,2,4
BRDA:54,8,0,20
BRDA:54,8,1,18
BRDA:54,8,2,4
BRDA:58,9,0,1
BRDA:58,9,1,19
BRDA:58,10,0,18
BRDA:58,10,1,1
BRDA:59,11,0,2
BRDA:59,11,1,18
BRDA:59,12,0,20
BRDA:59,12,1,19
BRDA:67,13,0,20
BRDA:67,13,1,18
BRDA:71,14,0,2
BRDA:71,14,1,18
BRDA:79,15,0,18
BRDA:79,15,1,2
BRDA:79,15,2,1
BRDA:88,16,0,18
BRDA:88,16,1,2
BRDA:88,16,2,1
BRF:32
BRH:32
end_of_record
TN:
SF:src/components/ui/Card.tsx
FN:18,(anonymous_0)
FNF:1
FNH:1
FNDA:10,(anonymous_0)
DA:18,1
DA:25,10
DA:32,10
DA:33,1
DA:44,9
DA:47,1
LF:6
LH:6
BRDA:20,0,0,7
BRDA:21,1,0,9
BRDA:32,2,0,1
BRDA:32,2,1,9
BRF:4
BRH:4
end_of_record
TN:
SF:src/components/ui/Input.tsx
FN:27,(anonymous_0)
FN:45,(anonymous_1)
FN:51,(anonymous_2)
FN:59,(anonymous_3)
FNF:4
FNH:0
FNDA:0,(anonymous_0)
FNDA:0,(anonymous_1)
FNDA:0,(anonymous_2)
FNDA:0,(anonymous_3)
DA:27,0
DA:42,0
DA:43,0
DA:45,0
DA:46,0
DA:47,0
DA:48,0
DA:51,0
DA:52,0
DA:53,0
DA:54,0
DA:56,0
DA:59,0
DA:60,0
DA:67,0
DA:86,0
DA:87,0
DA:89,0
DA:152,0
LF:19
LH:0
BRDA:34,0,0,0
BRDA:35,1,0,0
BRDA:43,2,0,0
BRDA:43,2,1,0
BRDA:53,3,0,0
BRDA:53,3,1,0
BRDA:69,4,0,0
BRDA:69,4,1,0
BRDA:72,5,0,0
BRDA:72,5,1,0
BRDA:72,6,0,0
BRDA:72,6,1,0
BRDA:80,7,0,0
BRDA:80,7,1,0
BRDA:86,8,0,0
BRDA:86,8,1,0
BRDA:86,9,0,0
BRDA:86,9,1,0
BRDA:87,10,0,0
BRDA:87,10,1,0
BRDA:87,11,0,0
BRDA:87,11,1,0
BRDA:96,12,0,0
BRDA:96,12,1,0
BRDA:97,13,0,0
BRDA:97,13,1,0
BRDA:100,14,0,0
BRDA:100,14,1,0
BRDA:105,15,0,0
BRDA:105,15,1,0
BRDA:113,16,0,0
BRDA:113,16,1,0
BRDA:114,17,0,0
BRDA:114,17,1,0
BRDA:123,18,0,0
BRDA:123,18,1,0
BRDA:129,19,0,0
BRDA:129,19,1,0
BRDA:137,20,0,0
BRDA:137,20,1,0
BRDA:143,21,0,0
BRDA:143,21,1,0
BRDA:143,21,2,0
BRDA:144,22,0,0
BRDA:144,22,1,0
BRDA:145,23,0,0
BRDA:145,23,1,0
BRF:47
BRH:0
end_of_record
TN:
SF:src/components/ui/index.ts
FNF:0
FNH:0
LF:0
LH:0
BRF:0
BRH:0
end_of_record
TN:
SF:src/contexts/AuthContext.tsx
FN:16,authReducer
FN:93,(anonymous_1)
FN:97,(anonymous_2)
FN:101,(anonymous_3)
FN:123,(anonymous_4)
FN:154,(anonymous_5)
FN:169,(anonymous_6)
FN:173,(anonymous_7)
FN:178,(anonymous_8)
FN:212,(anonymous_9)
FN:227,(anonymous_10)
FNF:11
FNH:0
FNDA:0,authReducer
FNDA:0,(anonymous_1)
FNDA:0,(anonymous_2)
FNDA:0,(anonymous_3)
FNDA:0,(anonymous_4)
FNDA:0,(anonymous_5)
FNDA:0,(anonymous_6)
FNDA:0,(anonymous_7)
FNDA:0,(anonymous_8)
FNDA:0,(anonymous_9)
FNDA:0,(anonymous_10)
DA:7,0
DA:17,0
DA:19,0
DA:25,0
DA:34,0
DA:43,0
DA:52,0
DA:57,0
DA:62,0
DA:86,0
DA:93,0
DA:94,0
DA:97,0
DA:98,0
DA:101,0
DA:102,0
DA:103,0
DA:105,0
DA:106,0
DA:107,0
DA:115,0
DA:118,0
DA:119,0
DA:123,0
DA:124,0
DA:125,0
DA:127,0
DA:129,0
DA:138,0
DA:144,0
DA:145,0
DA:150,0
DA:154,0
DA:155,0
DA:156,0
DA:157,0
DA:159,0
DA:163,0
DA:165,0
DA:169,0
DA:170,0
DA:173,0
DA:174,0
DA:175,0
DA:178,0
DA:179,0
DA:180,0
DA:181,0
DA:187,0
DA:190,0
DA:208,0
DA:212,0
DA:213,0
DA:214,0
DA:215,0
DA:217,0
DA:227,0
DA:232,0
DA:234,0
DA:235,0
DA:238,0
DA:239,0
DA:242,0
DA:243,0
DA:246,0
LF:65
LH:0
BRDA:17,0,0,0
BRDA:17,0,1,0
BRDA:17,0,2,0
BRDA:17,0,3,0
BRDA:17,0,4,0
BRDA:17,0,5,0
BRDA:17,0,6,0
BRDA:106,1,0,0
BRDA:106,1,1,0
BRDA:144,2,0,0
BRDA:144,2,1,0
BRDA:174,3,0,0
BRDA:174,3,1,0
BRDA:175,4,0,0
BRDA:175,4,1,0
BRDA:180,5,0,0
BRDA:180,5,1,0
BRDA:214,6,0,0
BRDA:214,6,1,0
BRDA:234,7,0,0
BRDA:234,7,1,0
BRDA:235,8,0,0
BRDA:235,8,1,0
BRDA:238,9,0,0
BRDA:238,9,1,0
BRDA:239,10,0,0
BRDA:239,10,1,0
BRDA:242,11,0,0
BRDA:242,11,1,0
BRDA:242,12,0,0
BRDA:242,12,1,0
BRDA:243,13,0,0
BRDA:243,13,1,0
BRF:33
BRH:0
end_of_record
TN:
SF:src/contexts/DemoAuthContext.tsx
FN:70,(anonymous_0)
FN:78,(anonymous_1)
FN:81,(anonymous_2)
FN:86,(anonymous_3)
FN:89,(anonymous_4)
FN:94,(anonymous_5)
FN:101,(anonymous_6)
FN:105,(anonymous_7)
FN:111,(anonymous_8)
FN:115,(anonymous_9)
FN:120,(anonymous_10)
FN:150,(anonymous_11)
FN:168,(anonymous_12)
FNF:13
FNH:0
FNDA:0,(anonymous_0)
FNDA:0,(anonymous_1)
FNDA:0,(anonymous_2)
FNDA:0,(anonymous_3)
FNDA:0,(anonymous_4)
FNDA:0,(anonymous_5)
FNDA:0,(anonymous_6)
FNDA:0,(anonymous_7)
FNDA:0,(anonymous_8)
FNDA:0,(anonymous_9)
FNDA:0,(anonymous_10)
FNDA:0,(anonymous_11)
FNDA:0,(anonymous_12)
DA:5,0
DA:18,0
DA:63,0
DA:70,0
DA:71,0
DA:72,0
DA:73,0
DA:74,0
DA:75,0
DA:78,0
DA:79,0
DA:81,0
DA:82,0
DA:83,0
DA:86,0
DA:89,0
DA:90,0
DA:91,0
DA:94,0
DA:97,0
DA:98,0
DA:101,0
DA:102,0
DA:105,0
DA:107,0
DA:108,0
DA:111,0
DA:112,0
DA:115,0
DA:116,0
DA:117,0
DA:120,0
DA:121,0
DA:122,0
DA:123,0
DA:125,0
DA:128,0
DA:146,0
DA:150,0
DA:151,0
DA:152,0
DA:153,0
DA:155,0
DA:159,0
DA:168,0
DA:173,0
DA:175,0
DA:176,0
DA:179,0
DA:180,0
DA:183,0
DA:184,0
DA:187,0
LF:53
LH:0
BRDA:116,0,0,0
BRDA:116,0,1,0
BRDA:117,1,0,0
BRDA:117,1,1,0
BRDA:122,2,0,0
BRDA:122,2,1,0
BRDA:152,3,0,0
BRDA:152,3,1,0
BRDA:175,4,0,0
BRDA:175,4,1,0
BRDA:176,5,0,0
BRDA:176,5,1,0
BRDA:179,6,0,0
BRDA:179,6,1,0
BRDA:180,7,0,0
BRDA:180,7,1,0
BRDA:183,8,0,0
BRDA:183,8,1,0
BRDA:183,9,0,0
BRDA:183,9,1,0
BRDA:184,10,0,0
BRDA:184,10,1,0
BRF:22
BRH:0
end_of_record
TN:
SF:src/screens/CloudManagementScreen.tsx
FN:48,(anonymous_0)
FN:81,(anonymous_1)
FN:86,(anonymous_2)
FN:88,(anonymous_3)
FN:104,(anonymous_4)
FN:115,(anonymous_5)
FN:119,(anonymous_6)
FN:121,(anonymous_7)
FN:122,(anonymous_8)
FN:126,(anonymous_9)
FN:127,(anonymous_10)
FN:131,(anonymous_11)
FN:137,(anonymous_12)
FN:138,(anonymous_13)
FN:140,(anonymous_14)
FN:143,(anonymous_15)
FN:144,(anonymous_16)
FN:161,(anonymous_17)
FN:168,(anonymous_18)
FN:171,(anonymous_19)
FN:179,(anonymous_20)
FN:183,(anonymous_21)
FN:186,(anonymous_22)
FN:195,(anonymous_23)
FN:199,(anonymous_24)
FN:208,(anonymous_25)
FN:221,(anonymous_26)
FN:230,(anonymous_27)
FN:244,(anonymous_28)
FN:245,(anonymous_29)
FN:248,(anonymous_30)
FN:249,(anonymous_31)
FN:252,(anonymous_32)
FN:260,(anonymous_33)
FN:270,(anonymous_34)
FN:319,(anonymous_35)
FN:321,(anonymous_36)
FN:368,(anonymous_37)
FN:370,(anonymous_38)
FN:393,(anonymous_39)
FN:394,(anonymous_40)
FN:422,(anonymous_41)
FN:424,(anonymous_42)
FN:444,(anonymous_43)
FN:453,(anonymous_44)
FN:464,(anonymous_45)
FN:481,(anonymous_46)
FN:488,(anonymous_47)
FN:535,(anonymous_48)
FN:550,(anonymous_49)
FNF:50
FNH:0
FNDA:0,(anonymous_0)
FNDA:0,(anonymous_1)
FNDA:0,(anonymous_2)
FNDA:0,(anonymous_3)
FNDA:0,(anonymous_4)
FNDA:0,(anonymous_5)
FNDA:0,(anonymous_6)
FNDA:0,(anonymous_7)
FNDA:0,(anonymous_8)
FNDA:0,(anonymous_9)
FNDA:0,(anonymous_10)
FNDA:0,(anonymous_11)
FNDA:0,(anonymous_12)
FNDA:0,(anonymous_13)
FNDA:0,(anonymous_14)
FNDA:0,(anonymous_15)
FNDA:0,(anonymous_16)
FNDA:0,(anonymous_17)
FNDA:0,(anonymous_18)
FNDA:0,(anonymous_19)
FNDA:0,(anonymous_20)
FNDA:0,(anonymous_21)
FNDA:0,(anonymous_22)
FNDA:0,(anonymous_23)
FNDA:0,(anonymous_24)
FNDA:0,(anonymous_25)
FNDA:0,(anonymous_26)
FNDA:0,(anonymous_27)
FNDA:0,(anonymous_28)
FNDA:0,(anonymous_29)
FNDA:0,(anonymous_30)
FNDA:0,(anonymous_31)
FNDA:0,(anonymous_32)
FNDA:0,(anonymous_33)
FNDA:0,(anonymous_34)
FNDA:0,(anonymous_35)
FNDA:0,(anonymous_36)
FNDA:0,(anonymous_37)
FNDA:0,(anonymous_38)
FNDA:0,(anonymous_39)
FNDA:0,(anonymous_40)
FNDA:0,(anonymous_41)
FNDA:0,(anonymous_42)
FNDA:0,(anonymous_43)
FNDA:0,(anonymous_44)
FNDA:0,(anonymous_45)
FNDA:0,(anonymous_46)
FNDA:0,(anonymous_47)
FNDA:0,(anonymous_48)
FNDA:0,(anonymous_49)
DA:28,0
DA:48,0
DA:49,0
DA:81,0
DA:82,0
DA:83,0
DA:86,0
DA:87,0
DA:88,0
DA:96,0
DA:104,0
DA:114,0
DA:115,0
DA:119,0
DA:121,0
DA:122,0
DA:126,0
DA:127,0
DA:131,0
DA:132,0
DA:133,0
DA:137,0
DA:138,0
DA:139,0
DA:140,0
DA:143,0
DA:144,0
DA:146,0
DA:148,0
DA:155,0
DA:156,0
DA:157,0
DA:158,0
DA:160,0
DA:161,0
DA:164,0
DA:168,0
DA:169,0
DA:171,0
DA:173,0
DA:174,0
DA:175,0
DA:177,0
DA:179,0
DA:183,0
DA:184,0
DA:186,0
DA:188,0
DA:189,0
DA:190,0
DA:191,0
DA:193,0
DA:195,0
DA:199,0
DA:200,0
DA:209,0
DA:210,0
DA:211,0
DA:213,0
DA:221,0
DA:222,0
DA:231,0
DA:232,0
DA:233,0
DA:234,0
DA:236,0
DA:244,0
DA:245,0
DA:248,0
DA:249,0
DA:252,0
DA:253,0
DA:254,0
DA:255,0
DA:256,0
DA:257,0
DA:260,0
DA:261,0
DA:262,0
DA:263,0
DA:264,0
DA:265,0
DA:266,0
DA:270,0
DA:271,0
DA:319,0
DA:320,0
DA:321,0
DA:368,0
DA:369,0
DA:370,0
DA:394,0
DA:395,0
DA:396,0
DA:398,0
DA:422,0
DA:423,0
DA:424,0
DA:444,0
DA:453,0
DA:454,0
DA:465,0
DA:481,0
DA:488,0
DA:506,0
DA:507,0
DA:515,0
DA:536,0
DA:537,0
DA:538,0
DA:539,0
DA:541,0
DA:551,0
DA:552,0
DA:553,0
DA:566,0
LF:116
LH:0
BRDA:146,0,0,0
BRDA:146,0,1,0
BRDA:169,1,0,0
BRDA:169,1,1,0
BRDA:169,2,0,0
BRDA:169,2,1,0
BRDA:184,3,0,0
BRDA:184,3,1,0
BRDA:184,4,0,0
BRDA:184,4,1,0
BRDA:253,5,0,0
BRDA:253,5,1,0
BRDA:261,6,0,0
BRDA:261,6,1,0
BRDA:261,6,2,0
BRDA:261,6,3,0
BRDA:261,6,4,0
BRDA:278,7,0,0
BRDA:278,7,1,0
BRDA:282,8,0,0
BRDA:282,8,1,0
BRDA:289,9,0,0
BRDA:289,9,1,0
BRDA:292,10,0,0
BRDA:292,10,1,0
BRDA:293,11,0,0
BRDA:293,11,1,0
BRDA:328,12,0,0
BRDA:328,12,1,0
BRDA:333,13,0,0
BRDA:333,13,1,0
BRDA:353,14,0,0
BRDA:353,14,1,0
BRDA:355,15,0,0
BRDA:355,15,1,0
BRDA:357,16,0,0
BRDA:357,16,1,0
BRDA:377,17,0,0
BRDA:377,17,1,0
BRDA:382,18,0,0
BRDA:382,18,1,0
BRDA:395,19,0,0
BRDA:395,19,1,0
BRDA:402,20,0,0
BRDA:402,20,1,0
BRDA:411,21,0,0
BRDA:411,21,1,0
BRDA:429,22,0,0
BRDA:429,22,1,0
BRDA:436,23,0,0
BRDA:436,23,1,0
BRDA:454,24,0,0
BRDA:454,24,1,0
BRDA:496,25,0,0
BRDA:496,25,1,0
BRDA:506,26,0,0
BRDA:506,26,1,0
BRF:57
BRH:0
end_of_record
TN:
SF:src/screens/reports/AnalyticsScreen.tsx
FN:44,(anonymous_0)
FN:59,(anonymous_1)
FN:63,(anonymous_2)
FN:65,(anonymous_3)
FN:83,(anonymous_4)
FN:95,(anonymous_5)
FN:103,(anonymous_6)
FN:104,(anonymous_7)
FN:106,(anonymous_8)
FN:109,(anonymous_9)
FN:117,(anonymous_10)
FN:124,(anonymous_11)
FN:126,(anonymous_12)
FN:129,(anonymous_13)
FN:136,(anonymous_14)
FN:140,(anonymous_15)
FN:163,(anonymous_16)
FN:198,(anonymous_17)
FN:204,(anonymous_18)
FN:225,(anonymous_19)
FN:255,(anonymous_20)
FN:319,(anonymous_21)
FN:325,(anonymous_22)
FN:331,(anonymous_23)
FNF:24
FNH:0
FNDA:0,(anonymous_0)
FNDA:0,(anonymous_1)
FNDA:0,(anonymous_2)
FNDA:0,(anonymous_3)
FNDA:0,(anonymous_4)
FNDA:0,(anonymous_5)
FNDA:0,(anonymous_6)
FNDA:0,(anonymous_7)
FNDA:0,(anonymous_8)
FNDA:0,(anonymous_9)
FNDA:0,(anonymous_10)
FNDA:0,(anonymous_11)
FNDA:0,(anonymous_12)
FNDA:0,(anonymous_13)
FNDA:0,(anonymous_14)
FNDA:0,(anonymous_15)
FNDA:0,(anonymous_16)
FNDA:0,(anonymous_17)
FNDA:0,(anonymous_18)
FNDA:0,(anonymous_19)
FNDA:0,(anonymous_20)
FNDA:0,(anonymous_21)
FNDA:0,(anonymous_22)
FNDA:0,(anonymous_23)
DA:28,0
DA:44,0
DA:45,0
DA:59,0
DA:60,0
DA:63,0
DA:64,0
DA:65,0
DA:74,0
DA:83,0
DA:94,0
DA:95,0
DA:103,0
DA:104,0
DA:105,0
DA:106,0
DA:109,0
DA:110,0
DA:111,0
DA:112,0
DA:114,0
DA:117,0
DA:118,0
DA:120,0
DA:124,0
DA:125,0
DA:126,0
DA:129,0
DA:130,0
DA:136,0
DA:137,0
DA:140,0
DA:141,0
DA:163,0
DA:164,0
DA:166,0
DA:198,0
DA:199,0
DA:201,0
DA:205,0
DA:225,0
DA:226,0
DA:228,0
DA:255,0
DA:256,0
DA:258,0
DA:285,0
DA:286,0
DA:294,0
DA:319,0
DA:325,0
DA:331,0
DA:373,0
LF:53
LH:0
BRDA:111,0,0,0
BRDA:111,0,1,0
BRDA:124,1,0,0
BRDA:147,2,0,0
BRDA:147,2,1,0
BRDA:148,3,0,0
BRDA:148,3,1,0
BRDA:150,4,0,0
BRDA:150,4,1,0
BRDA:150,4,2,0
BRDA:150,4,3,0
BRDA:152,5,0,0
BRDA:152,5,1,0
BRDA:153,6,0,0
BRDA:153,6,1,0
BRDA:155,7,0,0
BRDA:155,7,1,0
BRDA:155,8,0,0
BRDA:155,8,1,0
BRDA:164,9,0,0
BRDA:164,9,1,0
BRDA:188,10,0,0
BRDA:188,10,1,0
BRDA:199,11,0,0
BRDA:199,11,1,0
BRDA:226,12,0,0
BRDA:226,12,1,0
BRDA:256,13,0,0
BRDA:256,13,1,0
BRDA:285,14,0,0
BRDA:285,14,1,0
BRDA:285,15,0,0
BRDA:285,15,1,0
BRDA:308,16,0,0
BRDA:308,16,1,0
BRDA:339,17,0,0
BRDA:339,17,1,0
BRDA:349,18,0,0
BRDA:349,18,1,0
BRF:39
BRH:0
end_of_record
TN:
SF:src/services/AnalyticsService.ts
FN:68,(anonymous_0)
FN:70,(anonymous_1)
FN:77,(anonymous_2)
FN:86,(anonymous_3)
FN:90,(anonymous_4)
FN:91,(anonymous_5)
FN:101,(anonymous_6)
FN:117,(anonymous_7)
FN:121,(anonymous_8)
FN:122,(anonymous_9)
FN:123,(anonymous_10)
FN:133,(anonymous_11)
FN:139,(anonymous_12)
FN:165,(anonymous_13)
FN:171,(anonymous_14)
FN:172,(anonymous_15)
FN:196,(anonymous_16)
FN:201,(anonymous_17)
FN:219,(anonymous_18)
FN:226,(anonymous_19)
FN:233,(anonymous_20)
FN:243,(anonymous_21)
FN:282,(anonymous_22)
FN:321,(anonymous_23)
FN:332,(anonymous_24)
FN:336,(anonymous_25)
FN:337,(anonymous_26)
FN:342,(anonymous_27)
FN:354,(anonymous_28)
FN:360,(anonymous_29)
FN:368,(anonymous_30)
FN:372,(anonymous_31)
FN:382,(anonymous_32)
FN:400,(anonymous_33)
FN:421,(anonymous_34)
FN:464,(anonymous_35)
FN:465,(anonymous_36)
FN:476,(anonymous_37)
FN:481,(anonymous_38)
FN:483,(anonymous_39)
FN:488,(anonymous_40)
FN:489,(anonymous_41)
FN:490,(anonymous_42)
FN:496,(anonymous_43)
FN:501,(anonymous_44)
FN:505,(anonymous_45)
FN:526,(anonymous_46)
FN:572,(anonymous_47)
FN:579,(anonymous_48)
FN:624,(anonymous_49)
FN:674,(anonymous_50)
FN:709,(anonymous_51)
FN:711,(anonymous_52)
FN:719,(anonymous_53)
FN:732,(anonymous_54)
FN:745,(anonymous_55)
FN:749,(anonymous_56)
FN:754,(anonymous_57)
FN:762,(anonymous_58)
FNF:59
FNH:0
FNDA:0,(anonymous_0)
FNDA:0,(anonymous_1)
FNDA:0,(anonymous_2)
FNDA:0,(anonymous_3)
FNDA:0,(anonymous_4)
FNDA:0,(anonymous_5)
FNDA:0,(anonymous_6)
FNDA:0,(anonymous_7)
FNDA:0,(anonymous_8)
FNDA:0,(anonymous_9)
FNDA:0,(anonymous_10)
FNDA:0,(anonymous_11)
FNDA:0,(anonymous_12)
FNDA:0,(anonymous_13)
FNDA:0,(anonymous_14)
FNDA:0,(anonymous_15)
FNDA:0,(anonymous_16)
FNDA:0,(anonymous_17)
FNDA:0,(anonymous_18)
FNDA:0,(anonymous_19)
FNDA:0,(anonymous_20)
FNDA:0,(anonymous_21)
FNDA:0,(anonymous_22)
FNDA:0,(anonymous_23)
FNDA:0,(anonymous_24)
FNDA:0,(anonymous_25)
FNDA:0,(anonymous_26)
FNDA:0,(anonymous_27)
FNDA:0,(anonymous_28)
FNDA:0,(anonymous_29)
FNDA:0,(anonymous_30)
FNDA:0,(anonymous_31)
FNDA:0,(anonymous_32)
FNDA:0,(anonymous_33)
FNDA:0,(anonymous_34)
FNDA:0,(anonymous_35)
FNDA:0,(anonymous_36)
FNDA:0,(anonymous_37)
FNDA:0,(anonymous_38)
FNDA:0,(anonymous_39)
FNDA:0,(anonymous_40)
FNDA:0,(anonymous_41)
FNDA:0,(anonymous_42)
FNDA:0,(anonymous_43)
FNDA:0,(anonymous_44)
FNDA:0,(anonymous_45)
FNDA:0,(anonymous_46)
FNDA:0,(anonymous_47)
FNDA:0,(anonymous_48)
FNDA:0,(anonymous_49)
FNDA:0,(anonymous_50)
FNDA:0,(anonymous_51)
FNDA:0,(anonymous_52)
FNDA:0,(anonymous_53)
FNDA:0,(anonymous_54)
FNDA:0,(anonymous_55)
FNDA:0,(anonymous_56)
FNDA:0,(anonymous_57)
FNDA:0,(anonymous_58)
DA:71,0
DA:72,0
DA:74,0
DA:78,0
DA:79,0
DA:80,0
DA:82,0
DA:87,0
DA:89,0
DA:90,0
DA:91,0
DA:92,0
DA:95,0
DA:101,0
DA:102,0
DA:103,0
DA:106,0
DA:118,0
DA:120,0
DA:121,0
DA:122,0
DA:123,0
DA:124,0
DA:127,0
DA:133,0
DA:134,0
DA:135,0
DA:139,0
DA:140,0
DA:141,0
DA:145,0
DA:148,0
DA:150,0
DA:166,0
DA:169,0
DA:171,0
DA:172,0
DA:173,0
DA:175,0
DA:176,0
DA:177,0
DA:178,0
DA:179,0
DA:180,0
DA:182,0
DA:195,0
DA:196,0
DA:202,0
DA:203,0
DA:205,0
DA:206,0
DA:207,0
DA:209,0
DA:210,0
DA:212,0
DA:215,0
DA:220,0
DA:221,0
DA:223,0
DA:226,0
DA:233,0
DA:234,0
DA:235,0
DA:236,0
DA:239,0
DA:252,0
DA:253,0
DA:254,0
DA:256,0
DA:257,0
DA:259,0
DA:260,0
DA:262,0
DA:274,0
DA:291,0
DA:292,0
DA:293,0
DA:295,0
DA:296,0
DA:298,0
DA:299,0
DA:301,0
DA:313,0
DA:326,0
DA:327,0
DA:329,0
DA:331,0
DA:333,0
DA:334,0
DA:336,0
DA:337,0
DA:343,0
DA:345,0
DA:346,0
DA:347,0
DA:348,0
DA:349,0
DA:350,0
DA:351,0
DA:353,0
DA:354,0
DA:355,0
DA:358,0
DA:359,0
DA:360,0
DA:361,0
DA:364,0
DA:369,0
DA:370,0
DA:372,0
DA:373,0
DA:374,0
DA:377,0
DA:378,0
DA:380,0
DA:381,0
DA:382,0
DA:385,0
DA:386,0
DA:387,0
DA:388,0
DA:389,0
DA:394,0
DA:395,0
DA:398,0
DA:399,0
DA:400,0
DA:401,0
DA:404,0
DA:416,0
DA:417,0
DA:422,0
DA:423,0
DA:424,0
DA:425,0
DA:427,0
DA:428,0
DA:429,0
DA:430,0
DA:433,0
DA:434,0
DA:435,0
DA:436,0
DA:437,0
DA:438,0
DA:439,0
DA:444,0
DA:445,0
DA:446,0
DA:448,0
DA:464,0
DA:465,0
DA:466,0
DA:469,0
DA:471,0
DA:472,0
DA:477,0
DA:478,0
DA:480,0
DA:481,0
DA:482,0
DA:483,0
DA:485,0
DA:486,0
DA:488,0
DA:489,0
DA:490,0
DA:492,0
DA:493,0
DA:495,0
DA:496,0
DA:498,0
DA:500,0
DA:501,0
DA:504,0
DA:505,0
DA:508,0
DA:521,0
DA:522,0
DA:527,0
DA:528,0
DA:529,0
DA:530,0
DA:532,0
DA:533,0
DA:535,0
DA:536,0
DA:537,0
DA:538,0
DA:539,0
DA:540,0
DA:545,0
DA:546,0
DA:547,0
DA:548,0
DA:549,0
DA:550,0
DA:551,0
DA:553,0
DA:567,0
DA:568,0
DA:573,0
DA:574,0
DA:575,0
DA:576,0
DA:577,0
DA:578,0
DA:579,0
DA:580,0
DA:581,0
DA:582,0
DA:584,0
DA:608,0
DA:619,0
DA:620,0
DA:625,0
DA:626,0
DA:627,0
DA:628,0
DA:630,0
DA:669,0
DA:670,0
DA:675,0
DA:677,0
DA:678,0
DA:680,0
DA:681,0
DA:683,0
DA:684,0
DA:685,0
DA:687,0
DA:688,0
DA:689,0
DA:693,0
DA:695,0
DA:703,0
DA:704,0
DA:710,0
DA:711,0
DA:712,0
DA:713,0
DA:714,0
DA:715,0
DA:720,0
DA:721,0
DA:722,0
DA:724,0
DA:733,0
DA:734,0
DA:735,0
DA:737,0
DA:746,0
DA:747,0
DA:749,0
DA:750,0
DA:751,0
DA:754,0
DA:763,0
DA:766,0
DA:768,0
DA:769,0
DA:770,0
DA:771,0
DA:772,0
DA:773,0
DA:774,0
DA:777,0
DA:778,0
DA:779,0
DA:780,0
DA:781,0
DA:782,0
DA:783,0
DA:784,0
DA:785,0
DA:788,0
DA:789,0
DA:790,0
DA:791,0
DA:792,0
DA:795,0
DA:796,0
DA:797,0
DA:800,0
DA:810,0
LF:285
LH:0
BRDA:71,0,0,0
BRDA:71,0,1,0
BRDA:92,1,0,0
BRDA:92,1,1,0
BRDA:124,2,0,0
BRDA:124,2,1,0
BRDA:141,3,0,0
BRDA:141,3,1,0
BRDA:165,4,0,0
BRDA:175,5,0,0
BRDA:175,5,1,0
BRDA:263,6,0,0
BRDA:263,6,1,0
BRDA:266,7,0,0
BRDA:266,7,1,0
BRDA:269,8,0,0
BRDA:269,8,1,0
BRDA:302,9,0,0
BRDA:302,9,1,0
BRDA:305,10,0,0
BRDA:305,10,1,0
BRDA:308,11,0,0
BRDA:308,11,1,0
BRDA:321,12,0,0
BRDA:374,13,0,0
BRDA:374,13,1,0
BRDA:387,14,0,0
BRDA:387,14,1,0
BRDA:395,15,0,0
BRDA:395,15,1,0
BRDA:401,16,0,0
BRDA:401,16,1,0
BRDA:421,17,0,0
BRDA:436,18,0,0
BRDA:436,18,1,0
BRDA:444,19,0,0
BRDA:444,19,1,0
BRDA:445,20,0,0
BRDA:445,20,1,0
BRDA:446,21,0,0
BRDA:446,21,1,0
BRDA:482,22,0,0
BRDA:482,22,1,0
BRDA:488,23,0,0
BRDA:488,23,1,0
BRDA:495,24,0,0
BRDA:495,24,1,0
BRDA:498,25,0,0
BRDA:498,25,1,0
BRDA:539,26,0,0
BRDA:539,26,1,0
BRDA:545,27,0,0
BRDA:545,27,1,0
BRDA:548,28,0,0
BRDA:548,28,1,0
BRDA:550,29,0,0
BRDA:550,29,1,0
BRDA:551,30,0,0
BRDA:551,30,1,0
BRDA:578,31,0,0
BRDA:578,31,1,0
BRDA:580,32,0,0
BRDA:580,32,1,0
BRDA:636,33,0,0
BRDA:636,33,1,0
BRDA:637,34,0,0
BRDA:637,34,1,0
BRDA:638,35,0,0
BRDA:638,35,1,0
BRDA:638,36,0,0
BRDA:638,36,1,0
BRDA:681,37,0,0
BRDA:681,37,1,0
BRDA:715,38,0,0
BRDA:715,38,1,0
BRDA:751,39,0,0
BRDA:751,39,1,0
BRDA:762,40,0,0
BRDA:766,41,0,0
BRDA:766,41,1,0
BRDA:766,41,2,0
BRDA:766,41,3,0
BRDA:773,42,0,0
BRDA:773,42,1,0
BRDA:773,43,0,0
BRDA:773,43,1,0
BRDA:784,44,0,0
BRDA:784,44,1,0
BRDA:784,45,0,0
BRDA:784,45,1,0
BRDA:791,46,0,0
BRDA:791,46,1,0
BRDA:791,47,0,0
BRDA:791,47,1,0
BRF:94
BRH:0
end_of_record
TN:
SF:src/services/AuthService.ts
FN:23,(anonymous_0)
FN:30,(anonymous_1)
FN:35,(anonymous_2)
FN:38,(anonymous_3)
FN:64,(anonymous_4)
FN:69,(anonymous_5)
FN:111,(anonymous_6)
FN:126,(anonymous_7)
FN:169,(anonymous_8)
FN:174,(anonymous_9)
FN:209,(anonymous_10)
FN:216,(anonymous_11)
FN:219,(anonymous_12)
FN:245,(anonymous_13)
FN:251,(anonymous_14)
FN:263,(anonymous_15)
FN:267,(anonymous_16)
FN:274,(anonymous_17)
FN:280,(anonymous_18)
FN:298,(anonymous_19)
FN:317,(anonymous_20)
FN:342,(anonymous_21)
FN:348,(anonymous_22)
FN:359,(anonymous_23)
FN:364,(anonymous_24)
FN:371,(anonymous_25)
FN:375,(anonymous_26)
FN:379,(anonymous_27)
FN:383,(anonymous_28)
FN:388,(anonymous_29)
FNF:30
FNH:0
FNDA:0,(anonymous_0)
FNDA:0,(anonymous_1)
FNDA:0,(anonymous_2)
FNDA:0,(anonymous_3)
FNDA:0,(anonymous_4)
FNDA:0,(anonymous_5)
FNDA:0,(anonymous_6)
FNDA:0,(anonymous_7)
FNDA:0,(anonymous_8)
FNDA:0,(anonymous_9)
FNDA:0,(anonymous_10)
FNDA:0,(anonymous_11)
FNDA:0,(anonymous_12)
FNDA:0,(anonymous_13)
FNDA:0,(anonymous_14)
FNDA:0,(anonymous_15)
FNDA:0,(anonymous_16)
FNDA:0,(anonymous_17)
FNDA:0,(anonymous_18)
FNDA:0,(anonymous_19)
FNDA:0,(anonymous_20)
FNDA:0,(anonymous_21)
FNDA:0,(anonymous_22)
FNDA:0,(anonymous_23)
FNDA:0,(anonymous_24)
FNDA:0,(anonymous_25)
FNDA:0,(anonymous_26)
FNDA:0,(anonymous_27)
FNDA:0,(anonymous_28)
FNDA:0,(anonymous_29)
DA:16,0
DA:19,0
DA:20,0
DA:21,0
DA:24,0
DA:25,0
DA:27,0
DA:31,0
DA:36,0
DA:37,0
DA:38,0
DA:40,0
DA:41,0
DA:54,0
DA:56,0
DA:59,0
DA:65,0
DA:66,0
DA:68,0
DA:69,0
DA:71,0
DA:72,0
DA:76,0
DA:77,0
DA:78,0
DA:82,0
DA:86,0
DA:87,0
DA:90,0
DA:97,0
DA:98,0
DA:100,0
DA:105,0
DA:107,0
DA:112,0
DA:113,0
DA:114,0
DA:119,0
DA:120,0
DA:122,0
DA:127,0
DA:128,0
DA:130,0
DA:131,0
DA:134,0
DA:135,0
DA:140,0
DA:141,0
DA:142,0
DA:145,0
DA:146,0
DA:147,0
DA:148,0
DA:149,0
DA:152,0
DA:153,0
DA:154,0
DA:156,0
DA:157,0
DA:161,0
DA:163,0
DA:164,0
DA:170,0
DA:171,0
DA:174,0
DA:175,0
DA:177,0
DA:178,0
DA:181,0
DA:193,0
DA:194,0
DA:195,0
DA:197,0
DA:203,0
DA:205,0
DA:210,0
DA:211,0
DA:212,0
DA:213,0
DA:217,0
DA:218,0
DA:219,0
DA:221,0
DA:222,0
DA:225,0
DA:231,0
DA:232,0
DA:234,0
DA:239,0
DA:241,0
DA:246,0
DA:247,0
DA:248,0
DA:250,0
DA:251,0
DA:258,0
DA:259,0
DA:264,0
DA:266,0
DA:267,0
DA:269,0
DA:270,0
DA:273,0
DA:274,0
DA:275,0
DA:276,0
DA:280,0
DA:281,0
DA:284,0
DA:286,0
DA:291,0
DA:293,0
DA:299,0
DA:300,0
DA:302,0
DA:303,0
DA:306,0
DA:308,0
DA:310,0
DA:312,0
DA:318,0
DA:319,0
DA:328,0
DA:329,0
DA:332,0
DA:333,0
DA:336,0
DA:338,0
DA:343,0
DA:344,0
DA:345,0
DA:347,0
DA:348,0
DA:353,0
DA:354,0
DA:360,0
DA:361,0
DA:365,0
DA:366,0
DA:372,0
DA:376,0
DA:380,0
DA:385,0
DA:389,0
DA:393,0
LF:145
LH:0
BRDA:24,0,0,0
BRDA:24,0,1,0
BRDA:40,1,0,0
BRDA:40,1,1,0
BRDA:69,2,0,0
BRDA:69,2,1,0
BRDA:71,3,0,0
BRDA:71,3,1,0
BRDA:77,4,0,0
BRDA:77,4,1,0
BRDA:113,5,0,0
BRDA:113,5,1,0
BRDA:128,6,0,0
BRDA:128,6,1,0
BRDA:130,7,0,0
BRDA:130,7,1,0
BRDA:141,8,0,0
BRDA:141,8,1,0
BRDA:148,9,0,0
BRDA:148,9,1,0
BRDA:152,10,0,0
BRDA:152,10,1,0
BRDA:175,11,0,0
BRDA:175,11,1,0
BRDA:177,12,0,0
BRDA:177,12,1,0
BRDA:221,13,0,0
BRDA:221,13,1,0
BRDA:248,14,0,0
BRDA:248,14,1,0
BRDA:255,15,0,0
BRDA:255,15,1,0
BRDA:269,16,0,0
BRDA:269,16,1,0
BRDA:273,17,0,0
BRDA:273,17,1,0
BRDA:274,18,0,0
BRDA:274,18,1,0
BRDA:275,19,0,0
BRDA:275,19,1,0
BRDA:302,20,0,0
BRDA:302,20,1,0
BRDA:321,21,0,0
BRDA:321,21,1,0
BRDA:332,22,0,0
BRDA:332,22,1,0
BRDA:345,23,0,0
BRDA:345,23,1,0
BRDA:360,24,0,0
BRDA:360,24,1,0
BRDA:361,25,0,0
BRDA:361,25,1,0
BRDA:365,26,0,0
BRDA:365,26,1,0
BRF:54
BRH:0
end_of_record
TN:
SF:src/services/BusinessConfigService.ts
FN:10,(anonymous_0)
FN:14,(anonymous_1)
FN:22,(anonymous_2)
FN:38,(anonymous_3)
FN:62,(anonymous_4)
FN:78,(anonymous_5)
FN:117,(anonymous_6)
FN:138,(anonymous_7)
FN:160,(anonymous_8)
FN:170,(anonymous_9)
FN:181,(anonymous_10)
FN:211,(anonymous_11)
FN:287,(anonymous_12)
FN:322,(anonymous_13)
FN:327,(anonymous_14)
FN:333,(anonymous_15)
FN:348,(anonymous_16)
FNF:17
FNH:0
FNDA:0,(anonymous_0)
FNDA:0,(anonymous_1)
FNDA:0,(anonymous_2)
FNDA:0,(anonymous_3)
FNDA:0,(anonymous_4)
FNDA:0,(anonymous_5)
FNDA:0,(anonymous_6)
FNDA:0,(anonymous_7)
FNDA:0,(anonymous_8)
FNDA:0,(anonymous_9)
FNDA:0,(anonymous_10)
FNDA:0,(anonymous_11)
FNDA:0,(anonymous_12)
FNDA:0,(anonymous_13)
FNDA:0,(anonymous_14)
FNDA:0,(anonymous_15)
FNDA:0,(anonymous_16)
DA:7,0
DA:8,0
DA:11,0
DA:15,0
DA:16,0
DA:18,0
DA:23,0
DA:24,0
DA:26,0
DA:27,0
DA:31,0
DA:33,0
DA:34,0
DA:39,0
DA:40,0
DA:41,0
DA:51,0
DA:53,0
DA:54,0
DA:56,0
DA:57,0
DA:63,0
DA:64,0
DA:66,0
DA:67,0
DA:71,0
DA:73,0
DA:74,0
DA:79,0
DA:80,0
DA:81,0
DA:106,0
DA:108,0
DA:109,0
DA:111,0
DA:112,0
DA:118,0
DA:119,0
DA:120,0
DA:121,0
DA:124,0
DA:131,0
DA:133,0
DA:134,0
DA:139,0
DA:140,0
DA:141,0
DA:142,0
DA:145,0
DA:152,0
DA:154,0
DA:155,0
DA:161,0
DA:162,0
DA:163,0
DA:165,0
DA:166,0
DA:171,0
DA:172,0
DA:173,0
DA:175,0
DA:176,0
DA:182,0
DA:212,0
DA:288,0
DA:290,0
DA:291,0
DA:294,0
DA:295,0
DA:298,0
DA:299,0
DA:303,0
DA:304,0
DA:307,0
DA:308,0
DA:311,0
DA:312,0
DA:315,0
DA:323,0
DA:324,0
DA:328,0
DA:329,0
DA:334,0
DA:335,0
DA:336,0
DA:338,0
DA:343,0
DA:344,0
DA:352,0
DA:353,0
DA:354,0
DA:357,0
DA:358,0
DA:361,0
DA:363,0
DA:364,0
DA:370,0
LF:97
LH:0
BRDA:15,0,0,0
BRDA:15,0,1,0
BRDA:26,1,0,0
BRDA:26,1,1,0
BRDA:66,2,0,0
BRDA:66,2,1,0
BRDA:290,3,0,0
BRDA:290,3,1,0
BRDA:290,4,0,0
BRDA:290,4,1,0
BRDA:294,5,0,0
BRDA:294,5,1,0
BRDA:294,6,0,0
BRDA:294,6,1,0
BRDA:298,7,0,0
BRDA:298,7,1,0
BRDA:298,8,0,0
BRDA:298,8,1,0
BRDA:303,9,0,0
BRDA:303,9,1,0
BRDA:303,10,0,0
BRDA:303,10,1,0
BRDA:307,11,0,0
BRDA:307,11,1,0
BRDA:307,12,0,0
BRDA:307,12,1,0
BRDA:311,13,0,0
BRDA:311,13,1,0
BRDA:311,14,0,0
BRDA:311,14,1,0
BRDA:353,15,0,0
BRDA:353,15,1,0
BRDA:357,16,0,0
BRDA:357,16,1,0
BRF:34
BRH:0
end_of_record
TN:
SF:src/services/CloudBackupService.ts
FN:20,(anonymous_0)
FN:22,(anonymous_1)
FN:29,(anonymous_2)
FN:43,(anonymous_3)
FN:57,(anonymous_4)
FN:123,(anonymous_5)
FN:184,(anonymous_6)
FN:196,(anonymous_7)
FN:203,(anonymous_8)
FN:214,(anonymous_9)
FN:225,(anonymous_10)
FN:322,(anonymous_11)
FN:337,(anonymous_12)
FN:348,(anonymous_13)
FN:363,(anonymous_14)
FN:375,(anonymous_15)
FN:408,(anonymous_16)
FN:448,(anonymous_17)
FN:475,(anonymous_18)
FN:484,(anonymous_19)
FN:493,(anonymous_20)
FN:506,(anonymous_21)
FN:516,(anonymous_22)
FNF:23
FNH:0
FNDA:0,(anonymous_0)
FNDA:0,(anonymous_1)
FNDA:0,(anonymous_2)
FNDA:0,(anonymous_3)
FNDA:0,(anonymous_4)
FNDA:0,(anonymous_5)
FNDA:0,(anonymous_6)
FNDA:0,(anonymous_7)
FNDA:0,(anonymous_8)
FNDA:0,(anonymous_9)
FNDA:0,(anonymous_10)
FNDA:0,(anonymous_11)
FNDA:0,(anonymous_12)
FNDA:0,(anonymous_13)
FNDA:0,(anonymous_14)
FNDA:0,(anonymous_15)
FNDA:0,(anonymous_16)
FNDA:0,(anonymous_17)
FNDA:0,(anonymous_18)
FNDA:0,(anonymous_19)
FNDA:0,(anonymous_20)
FNDA:0,(anonymous_21)
FNDA:0,(anonymous_22)
DA:15,0
DA:16,0
DA:18,0
DA:23,0
DA:24,0
DA:26,0
DA:30,0
DA:31,0
DA:32,0
DA:35,0
DA:36,0
DA:37,0
DA:40,0
DA:44,0
DA:45,0
DA:46,0
DA:47,0
DA:48,0
DA:49,0
DA:53,0
DA:58,0
DA:60,0
DA:61,0
DA:64,0
DA:65,0
DA:67,0
DA:69,0
DA:70,0
DA:89,0
DA:101,0
DA:102,0
DA:103,0
DA:104,0
DA:105,0
DA:107,0
DA:111,0
DA:112,0
DA:113,0
DA:114,0
DA:115,0
DA:117,0
DA:121,0
DA:122,0
DA:123,0
DA:127,0
DA:128,0
DA:130,0
DA:134,0
DA:136,0
DA:137,0
DA:139,0
DA:143,0
DA:145,0
DA:146,0
DA:148,0
DA:152,0
DA:153,0
DA:156,0
DA:157,0
DA:159,0
DA:160,0
DA:163,0
DA:169,0
DA:171,0
DA:173,0
DA:174,0
DA:177,0
DA:178,0
DA:180,0
DA:185,0
DA:187,0
DA:188,0
DA:189,0
DA:190,0
DA:193,0
DA:196,0
DA:198,0
DA:199,0
DA:204,0
DA:206,0
DA:208,0
DA:211,0
DA:212,0
DA:213,0
DA:214,0
DA:215,0
DA:218,0
DA:220,0
DA:221,0
DA:226,0
DA:228,0
DA:230,0
DA:232,0
DA:249,0
DA:251,0
DA:252,0
DA:253,0
DA:256,0
DA:257,0
DA:260,0
DA:261,0
DA:266,0
DA:267,0
DA:268,0
DA:269,0
DA:271,0
DA:274,0
DA:278,0
DA:279,0
DA:285,0
DA:286,0
DA:290,0
DA:291,0
DA:294,0
DA:295,0
DA:297,0
DA:299,0
DA:301,0
DA:305,0
DA:306,0
DA:308,0
DA:309,0
DA:311,0
DA:312,0
DA:315,0
DA:316,0
DA:317,0
DA:318,0
DA:323,0
DA:325,0
DA:326,0
DA:327,0
DA:328,0
DA:331,0
DA:333,0
DA:338,0
DA:341,0
DA:342,0
DA:346,0
DA:348,0
DA:349,0
DA:350,0
DA:351,0
DA:353,0
DA:358,0
DA:360,0
DA:364,0
DA:366,0
DA:367,0
DA:368,0
DA:371,0
DA:372,0
DA:376,0
DA:378,0
DA:379,0
DA:380,0
DA:381,0
DA:384,0
DA:387,0
DA:388,0
DA:392,0
DA:393,0
DA:394,0
DA:395,0
DA:396,0
DA:400,0
DA:401,0
DA:403,0
DA:404,0
DA:409,0
DA:411,0
DA:412,0
DA:413,0
DA:414,0
DA:417,0
DA:420,0
DA:421,0
DA:423,0
DA:424,0
DA:425,0
DA:426,0
DA:428,0
DA:431,0
DA:432,0
DA:433,0
DA:434,0
DA:436,0
DA:439,0
DA:440,0
DA:442,0
DA:443,0
DA:449,0
DA:450,0
DA:451,0
DA:453,0
DA:456,0
DA:457,0
DA:458,0
DA:460,0
DA:461,0
DA:462,0
DA:464,0
DA:469,0
DA:471,0
DA:476,0
DA:477,0
DA:478,0
DA:479,0
DA:481,0
DA:485,0
DA:486,0
DA:487,0
DA:489,0
DA:494,0
DA:496,0
DA:498,0
DA:500,0
DA:502,0
DA:507,0
DA:509,0
DA:510,0
DA:511,0
DA:513,0
DA:517,0
DA:518,0
DA:523,0
LF:226
LH:0
BRDA:23,0,0,0
BRDA:23,0,1,0
BRDA:30,1,0,0
BRDA:30,1,1,0
BRDA:46,2,0,0
BRDA:46,2,1,0
BRDA:48,3,0,0
BRDA:48,3,1,0
BRDA:57,4,0,0
BRDA:60,5,0,0
BRDA:60,5,1,0
BRDA:160,6,0,0
BRDA:160,6,1,0
BRDA:189,7,0,0
BRDA:189,7,1,0
BRDA:212,8,0,0
BRDA:212,8,1,0
BRDA:252,9,0,0
BRDA:252,9,1,0
BRDA:260,10,0,0
BRDA:260,10,1,0
BRDA:260,11,0,0
BRDA:260,11,1,0
BRDA:278,12,0,0
BRDA:278,12,1,0
BRDA:278,13,0,0
BRDA:278,13,1,0
BRDA:290,14,0,0
BRDA:290,14,1,0
BRDA:290,15,0,0
BRDA:290,15,1,0
BRDA:295,16,0,0
BRDA:295,16,1,0
BRDA:295,17,0,0
BRDA:295,17,1,0
BRDA:305,18,0,0
BRDA:305,18,1,0
BRDA:306,19,0,0
BRDA:306,19,1,0
BRDA:317,20,0,0
BRDA:317,20,1,0
BRDA:327,21,0,0
BRDA:327,21,1,0
BRDA:341,22,0,0
BRDA:341,22,1,0
BRDA:366,23,0,0
BRDA:366,23,1,0
BRDA:380,24,0,0
BRDA:380,24,1,0
BRDA:387,25,0,0
BRDA:387,25,1,0
BRDA:387,26,0,0
BRDA:387,26,1,0
BRDA:387,26,2,0
BRDA:394,27,0,0
BRDA:394,27,1,0
BRDA:413,28,0,0
BRDA:413,28,1,0
BRDA:423,29,0,0
BRDA:423,29,1,0
BRDA:424,30,0,0
BRDA:424,30,1,0
BRDA:431,31,0,0
BRDA:431,31,1,0
BRDA:432,32,0,0
BRDA:432,32,1,0
BRDA:451,33,0,0
BRDA:451,33,1,0
BRDA:457,34,0,0
BRDA:457,34,1,0
BRDA:477,35,0,0
BRDA:477,35,1,0
BRDA:487,36,0,0
BRDA:487,36,1,0
BRDA:494,37,0,0
BRDA:494,37,1,0
BRDA:494,37,2,0
BRDA:494,37,3,0
BRDA:507,38,0,0
BRDA:507,38,1,0
BRDA:517,39,0,0
BRDA:517,39,1,0
BRF:82
BRH:0
end_of_record
TN:
SF:src/services/CloudNetworkService.ts
FN:16,(anonymous_0)
FN:20,(anonymous_1)
FN:27,(anonymous_2)
FN:29,(anonymous_3)
FN:46,(anonymous_4)
FN:59,(anonymous_5)
FN:69,(anonymous_6)
FN:74,(anonymous_7)
FN:84,(anonymous_8)
FN:89,(anonymous_9)
FN:94,(anonymous_10)
FN:101,(anonymous_11)
FN:145,(anonymous_12)
FN:151,(anonymous_13)
FN:163,(anonymous_14)
FN:173,(anonymous_15)
FN:180,(anonymous_16)
FN:191,(anonymous_17)
FN:195,(anonymous_18)
FN:199,(anonymous_19)
FN:203,(anonymous_20)
FN:207,(anonymous_21)
FN:211,(anonymous_22)
FN:215,(anonymous_23)
FN:219,(anonymous_24)
FN:224,(anonymous_25)
FN:228,(anonymous_26)
FN:233,(anonymous_27)
FN:234,(anonymous_28)
FN:240,(anonymous_29)
FN:245,(anonymous_30)
FN:255,(anonymous_31)
FN:270,(anonymous_32)
FN:310,(anonymous_33)
FN:318,(anonymous_34)
FN:324,(anonymous_35)
FN:328,(anonymous_36)
FN:340,(anonymous_37)
FNF:38
FNH:0
FNDA:0,(anonymous_0)
FNDA:0,(anonymous_1)
FNDA:0,(anonymous_2)
FNDA:0,(anonymous_3)
FNDA:0,(anonymous_4)
FNDA:0,(anonymous_5)
FNDA:0,(anonymous_6)
FNDA:0,(anonymous_7)
FNDA:0,(anonymous_8)
FNDA:0,(anonymous_9)
FNDA:0,(anonymous_10)
FNDA:0,(anonymous_11)
FNDA:0,(anonymous_12)
FNDA:0,(anonymous_13)
FNDA:0,(anonymous_14)
FNDA:0,(anonymous_15)
FNDA:0,(anonymous_16)
FNDA:0,(anonymous_17)
FNDA:0,(anonymous_18)
FNDA:0,(anonymous_19)
FNDA:0,(anonymous_20)
FNDA:0,(anonymous_21)
FNDA:0,(anonymous_22)
FNDA:0,(anonymous_23)
FNDA:0,(anonymous_24)
FNDA:0,(anonymous_25)
FNDA:0,(anonymous_26)
FNDA:0,(anonymous_27)
FNDA:0,(anonymous_28)
FNDA:0,(anonymous_29)
FNDA:0,(anonymous_30)
FNDA:0,(anonymous_31)
FNDA:0,(anonymous_32)
FNDA:0,(anonymous_33)
FNDA:0,(anonymous_34)
FNDA:0,(anonymous_35)
FNDA:0,(anonymous_36)
FNDA:0,(anonymous_37)
DA:6,0
DA:7,0
DA:13,0
DA:14,0
DA:17,0
DA:21,0
DA:22,0
DA:24,0
DA:29,0
DA:30,0
DA:34,0
DA:37,0
DA:40,0
DA:41,0
DA:42,0
DA:47,0
DA:56,0
DA:60,0
DA:61,0
DA:62,0
DA:63,0
DA:64,0
DA:65,0
DA:69,0
DA:70,0
DA:71,0
DA:74,0
DA:75,0
DA:76,0
DA:85,0
DA:86,0
DA:89,0
DA:90,0
DA:95,0
DA:96,0
DA:97,0
DA:102,0
DA:103,0
DA:106,0
DA:113,0
DA:114,0
DA:117,0
DA:118,0
DA:120,0
DA:131,0
DA:132,0
DA:134,0
DA:140,0
DA:141,0
DA:147,0
DA:148,0
DA:154,0
DA:155,0
DA:156,0
DA:157,0
DA:158,0
DA:159,0
DA:160,0
DA:166,0
DA:167,0
DA:168,0
DA:169,0
DA:170,0
DA:174,0
DA:176,0
DA:178,0
DA:180,0
DA:181,0
DA:182,0
DA:184,0
DA:192,0
DA:196,0
DA:200,0
DA:204,0
DA:208,0
DA:212,0
DA:216,0
DA:220,0
DA:221,0
DA:225,0
DA:228,0
DA:229,0
DA:234,0
DA:235,0
DA:236,0
DA:237,0
DA:240,0
DA:241,0
DA:242,0
DA:245,0
DA:246,0
DA:247,0
DA:248,0
DA:249,0
DA:256,0
DA:257,0
DA:258,0
DA:264,0
DA:266,0
DA:271,0
DA:272,0
DA:273,0
DA:278,0
DA:280,0
DA:294,0
DA:311,0
DA:312,0
DA:313,0
DA:316,0
DA:317,0
DA:318,0
DA:319,0
DA:325,0
DA:329,0
DA:331,0
DA:332,0
DA:334,0
DA:335,0
DA:336,0
DA:337,0
DA:341,0
DA:342,0
DA:345,0
DA:346,0
DA:347,0
DA:352,0
LF:126
LH:0
BRDA:21,0,0,0
BRDA:21,0,1,0
BRDA:40,1,0,0
BRDA:40,1,1,0
BRDA:60,2,0,0
BRDA:60,2,1,0
BRDA:60,2,2,0
BRDA:60,2,3,0
BRDA:60,2,4,0
BRDA:85,3,0,0
BRDA:85,3,1,0
BRDA:95,4,0,0
BRDA:95,4,1,0
BRDA:154,5,0,0
BRDA:154,5,1,0
BRDA:155,6,0,0
BRDA:155,6,1,0
BRDA:156,7,0,0
BRDA:156,7,1,0
BRDA:157,8,0,0
BRDA:157,8,1,0
BRDA:158,9,0,0
BRDA:158,9,1,0
BRDA:159,10,0,0
BRDA:159,10,1,0
BRDA:166,11,0,0
BRDA:166,11,1,0
BRDA:167,12,0,0
BRDA:167,12,1,0
BRDA:168,13,0,0
BRDA:168,13,1,0
BRDA:169,14,0,0
BRDA:169,14,1,0
BRDA:178,15,0,0
BRDA:178,15,1,0
BRDA:233,16,0,0
BRDA:235,17,0,0
BRDA:235,17,1,0
BRDA:246,18,0,0
BRDA:246,18,1,0
BRDA:255,19,0,0
BRDA:287,20,0,0
BRDA:287,20,1,0
BRDA:298,21,0,0
BRDA:298,21,1,0
BRDA:311,22,0,0
BRDA:311,22,1,0
BRDA:317,23,0,0
BRDA:317,23,1,0
BRDA:325,24,0,0
BRDA:325,24,1,0
BRDA:329,25,0,0
BRDA:329,25,1,0
BRDA:332,26,0,0
BRDA:332,26,1,0
BRDA:334,27,0,0
BRDA:334,27,1,0
BRDA:335,28,0,0
BRDA:335,28,1,0
BRDA:336,29,0,0
BRDA:336,29,1,0
BRDA:345,30,0,0
BRDA:345,30,1,0
BRF:63
BRH:0
end_of_record
TN:
SF:src/services/CloudStorageService.ts
FN:16,(anonymous_0)
FN:20,(anonymous_1)
FN:27,(anonymous_2)
FN:36,(anonymous_3)
FN:59,(anonymous_4)
FN:82,(anonymous_5)
FN:102,(anonymous_6)
FN:133,(anonymous_7)
FN:137,(anonymous_8)
FN:160,(anonymous_9)
FN:163,(anonymous_10)
FN:165,(anonymous_11)
FN:177,(anonymous_12)
FN:188,(anonymous_13)
FN:191,(anonymous_14)
FN:201,(anonymous_15)
FN:205,(anonymous_16)
FN:209,(anonymous_17)
FN:213,(anonymous_18)
FN:232,(anonymous_19)
FN:252,(anonymous_20)
FN:264,(anonymous_21)
FNF:22
FNH:0
FNDA:0,(anonymous_0)
FNDA:0,(anonymous_1)
FNDA:0,(anonymous_2)
FNDA:0,(anonymous_3)
FNDA:0,(anonymous_4)
FNDA:0,(anonymous_5)
FNDA:0,(anonymous_6)
FNDA:0,(anonymous_7)
FNDA:0,(anonymous_8)
FNDA:0,(anonymous_9)
FNDA:0,(anonymous_10)
FNDA:0,(anonymous_11)
FNDA:0,(anonymous_12)
FNDA:0,(anonymous_13)
FNDA:0,(anonymous_14)
FNDA:0,(anonymous_15)
FNDA:0,(anonymous_16)
FNDA:0,(anonymous_17)
FNDA:0,(anonymous_18)
FNDA:0,(anonymous_19)
FNDA:0,(anonymous_20)
FNDA:0,(anonymous_21)
DA:7,0
DA:8,0
DA:12,0
DA:13,0
DA:14,0
DA:17,0
DA:21,0
DA:22,0
DA:24,0
DA:28,0
DA:29,0
DA:30,0
DA:32,0
DA:37,0
DA:39,0
DA:40,0
DA:41,0
DA:45,0
DA:46,0
DA:47,0
DA:52,0
DA:54,0
DA:55,0
DA:60,0
DA:62,0
DA:63,0
DA:64,0
DA:69,0
DA:70,0
DA:72,0
DA:74,0
DA:75,0
DA:77,0
DA:78,0
DA:83,0
DA:85,0
DA:86,0
DA:87,0
DA:90,0
DA:92,0
DA:93,0
DA:95,0
DA:96,0
DA:101,0
DA:102,0
DA:104,0
DA:106,0
[...]
FNDA:1,(anonymous_11)
FNDA:1,(anonymous_12)
FNDA:0,(anonymous_13)
FNDA:1,(anonymous_14)
FNDA:0,(anonymous_15)
FNDA:0,(anonymous_16)
FNDA:0,(anonymous_17)
FNDA:0,(anonymous_18)
FNDA:0,(anonymous_19)
FNDA:0,(anonymous_20)
FNDA:0,(anonymous_21)
FNDA:0,(anonymous_22)
FNDA:0,(anonymous_23)
FNDA:0,(anonymous_24)
FNDA:0,(anonymous_25)
FNDA:0,(anonymous_26)
FNDA:0,(anonymous_27)
FNDA:14,(anonymous_28)
FNDA:2,(anonymous_29)
FNDA:0,(anonymous_30)
FNDA:1,(anonymous_31)
FNDA:4,(anonymous_32)
DA:16,3
DA:22,17
DA:23,2
DA:25,17
DA:32,13
DA:33,13
DA:34,13
DA:35,12
DA:37,1
DA:38,1
DA:49,13
DA:50,0
DA:53,13
DA:55,13
DA:68,12
DA:79,12
DA:92,12
DA:104,12
DA:122,12
DA:138,12
DA:147,12
DA:161,12
DA:163,1
DA:164,1
DA:175,14
DA:176,2
DA:181,12
DA:186,2
DA:188,1
DA:189,1
DA:202,1
DA:203,1
DA:204,0
DA:207,1
DA:209,0
DA:210,0
DA:219,3
DA:221,2
DA:222,2
DA:227,2
DA:229,0
DA:230,0
DA:239,1
DA:241,1
DA:242,1
DA:247,1
DA:249,0
DA:250,0
DA:259,1
DA:261,1
DA:262,1
DA:263,1
DA:265,0
DA:266,0
DA:275,0
DA:277,0
DA:278,0
DA:279,0
DA:281,0
DA:282,0
DA:283,0
DA:285,0
DA:286,0
DA:287,0
DA:289,0
DA:290,0
DA:291,0
DA:293,0
DA:294,0
DA:295,0
DA:297,0
DA:298,0
DA:299,0
DA:301,0
DA:302,0
DA:303,0
DA:306,0
DA:307,0
DA:310,0
DA:312,0
DA:317,0
DA:318,0
DA:319,0
DA:322,0
DA:324,0
DA:325,0
DA:334,1
DA:336,1
DA:337,1
DA:338,1
DA:340,0
DA:341,0
DA:351,1
DA:353,1
DA:354,1
DA:359,1
DA:360,1
DA:361,0
DA:364,1
DA:366,0
DA:367,0
DA:376,1
DA:378,1
DA:379,1
DA:384,1
DA:386,0
DA:387,0
DA:396,0
DA:398,0
DA:399,0
DA:402,0
DA:404,0
DA:405,0
DA:414,1
DA:416,1
DA:417,1
DA:423,1
DA:425,0
DA:426,0
DA:435,0
DA:437,0
DA:438,0
DA:443,0
DA:444,0
DA:445,0
DA:448,0
DA:450,0
DA:451,0
DA:460,0
DA:462,0
DA:464,0
DA:466,0
DA:469,0
DA:472,0
DA:474,0
DA:477,0
DA:478,0
DA:487,0
DA:489,0
DA:490,0
DA:496,0
DA:501,0
DA:502,0
DA:505,0
DA:507,0
DA:508,0
DA:517,0
DA:519,0
DA:520,0
DA:525,0
DA:527,0
DA:528,0
DA:537,0
DA:539,0
DA:540,0
DA:544,0
DA:546,0
DA:547,0
DA:556,0
DA:558,0
DA:559,0
DA:564,0
DA:565,0
DA:566,0
DA:569,0
DA:571,0
DA:572,0
DA:581,0
DA:583,0
DA:584,0
DA:585,0
DA:587,0
DA:588,0
DA:598,0
DA:600,0
DA:601,0
DA:607,0
DA:612,0
DA:613,0
DA:616,0
DA:618,0
DA:619,0
DA:628,0
DA:630,0
DA:631,0
DA:636,0
DA:638,0
DA:639,0
DA:648,0
DA:650,0
DA:651,0
DA:655,0
DA:657,0
DA:658,0
DA:667,0
DA:669,0
DA:670,0
DA:675,0
DA:676,0
DA:677,0
DA:680,0
DA:682,0
DA:683,0
DA:692,0
DA:694,0
DA:695,0
DA:696,0
DA:698,0
DA:699,0
DA:711,14
DA:712,13
DA:713,13
DA:714,13
DA:724,2
DA:726,2
DA:727,2
DA:728,2
DA:729,1
DA:730,1
DA:732,1
DA:733,1
DA:734,1
DA:746,0
DA:748,0
DA:749,0
DA:753,0
DA:757,0
DA:761,0
DA:767,0
DA:768,0
DA:784,1
DA:786,1
DA:787,1
DA:803,1
DA:810,0
DA:811,0
DA:826,4
DA:827,4
DA:828,4
DA:829,4
DA:834,2
LF:241
LH:84
BRDA:22,0,0,2
BRDA:22,0,1,15
BRDA:49,1,0,0
BRDA:49,1,1,13
BRDA:175,2,0,2
BRDA:175,2,1,12
BRDA:197,3,0,1
BRDA:197,3,1,0
BRDA:198,4,0,1
BRDA:198,4,1,0
BRDA:203,5,0,0
BRDA:203,5,1,1
BRDA:227,6,0,2
BRDA:227,6,1,0
BRDA:247,7,0,1
BRDA:247,7,1,0
BRDA:281,8,0,0
BRDA:281,8,1,0
BRDA:285,9,0,0
BRDA:285,9,1,0
BRDA:289,10,0,0
BRDA:289,10,1,0
BRDA:293,11,0,0
BRDA:293,11,1,0
BRDA:297,12,0,0
BRDA:297,12,1,0
BRDA:301,13,0,0
BRDA:301,13,1,0
BRDA:306,14,0,0
BRDA:306,14,1,0
BRDA:318,15,0,0
BRDA:318,15,1,0
BRDA:356,16,0,1
BRDA:356,16,1,0
BRDA:360,17,0,0
BRDA:360,17,1,1
BRDA:384,18,0,1
BRDA:384,18,1,0
BRDA:444,19,0,0
BRDA:444,19,1,0
BRDA:501,20,0,0
BRDA:501,20,1,0
BRDA:525,21,0,0
BRDA:525,21,1,0
BRDA:565,22,0,0
BRDA:565,22,1,0
BRDA:604,23,0,0
BRDA:604,23,1,0
BRDA:612,24,0,0
BRDA:612,24,1,0
BRDA:636,25,0,0
BRDA:636,25,1,0
BRDA:672,26,0,0
BRDA:672,26,1,0
BRDA:676,27,0,0
BRDA:676,27,1,0
BRDA:711,28,0,13
BRDA:711,28,1,1
BRDA:762,29,0,0
BRDA:762,29,1,0
BRDA:763,30,0,0
BRDA:763,30,1,0
BRDA:764,31,0,0
BRDA:764,31,1,0
BRDA:804,32,0,1
BRDA:804,32,1,0
BRDA:805,33,0,1
BRDA:805,33,1,0
BRDA:806,34,0,1
BRDA:806,34,1,0
BRDA:807,35,0,1
BRDA:807,35,1,0
BRF:72
BRH:19
end_of_record
TN:
SF:src/stores/DatabaseFactory.ts
FN:12,(anonymous_0)
FN:35,(anonymous_1)
FN:51,(anonymous_2)
FNF:3
FNH:0
FNDA:0,(anonymous_0)
FNDA:0,(anonymous_1)
FNDA:0,(anonymous_2)
DA:10,0
DA:13,0
DA:14,0
DA:15,0
DA:16,0
DA:17,0
DA:19,0
DA:20,0
DA:23,0
DA:25,0
DA:26,0
DA:29,0
DA:36,0
DA:37,0
DA:38,0
DA:40,0
DA:43,0
DA:44,0
DA:52,0
DA:57,0
LF:20
LH:0
BRDA:13,0,0,0
BRDA:13,0,1,0
BRDA:15,1,0,0
BRDA:15,1,1,0
BRDA:35,2,0,0
BRDA:37,3,0,0
BRDA:37,3,1,0
BRDA:37,4,0,0
BRDA:37,4,1,0
BRF:9
BRH:0
end_of_record
TN:
SF:src/stores/WebDatabase.ts
FN:23,(anonymous_0)
FN:25,(anonymous_1)
FN:28,(anonymous_2)
FN:39,(anonymous_3)
FN:45,(anonymous_4)
FN:52,(anonymous_5)
FN:87,(anonymous_6)
FN:93,(anonymous_7)
FN:101,(anonymous_8)
FN:112,(anonymous_9)
FN:115,(anonymous_10)
FN:122,(anonymous_11)
FN:128,(anonymous_12)
FN:133,(anonymous_13)
FN:136,(anonymous_14)
FN:140,(anonymous_15)
FN:146,(anonymous_16)
FN:152,(anonymous_17)
FN:155,(anonymous_18)
FN:159,(anonymous_19)
FN:165,(anonymous_20)
FN:170,(anonymous_21)
FN:173,(anonymous_22)
FN:177,(anonymous_23)
FN:183,(anonymous_24)
FN:195,(anonymous_25)
FN:198,(anonymous_26)
FN:202,(anonymous_27)
FN:208,(anonymous_28)
FN:213,(anonymous_29)
FN:216,(anonymous_30)
FN:220,(anonymous_31)
FN:227,(anonymous_32)
FN:238,(anonymous_33)
FN:241,(anonymous_34)
FN:248,(anonymous_35)
FN:254,(anonymous_36)
FN:259,(anonymous_37)
FN:262,(anonymous_38)
FN:266,(anonymous_39)
FN:272,(anonymous_40)
FN:277,(anonymous_41)
FN:280,(anonymous_42)
FN:282,(anonymous_43)
FN:288,(anonymous_44)
FN:294,(anonymous_45)
FN:298,(anonymous_46)
FN:303,(anonymous_47)
FN:315,(anonymous_48)
FN:318,(anonymous_49)
FN:322,(anonymous_50)
FN:328,(anonymous_51)
FN:345,(anonymous_52)
FN:348,(anonymous_53)
FN:352,(anonymous_54)
FN:359,(anonymous_55)
FN:364,(anonymous_56)
FN:367,(anonymous_57)
FN:374,(anonymous_58)
FN:380,(anonymous_59)
FN:385,(anonymous_60)
FN:388,(anonymous_61)
FN:392,(anonymous_62)
FN:398,(anonymous_63)
FN:404,(anonymous_64)
FN:407,(anonymous_65)
FN:411,(anonymous_66)
FN:417,(anonymous_67)
FN:429,(anonymous_68)
FN:432,(anonymous_69)
FN:436,(anonymous_70)
FN:442,(anonymous_71)
FN:447,(anonymous_72)
FN:450,(anonymous_73)
FN:454,(anonymous_74)
FN:461,(anonymous_75)
FN:466,(anonymous_76)
FN:469,(anonymous_77)
FN:476,(anonymous_78)
FN:482,(anonymous_79)
FN:487,(anonymous_80)
FN:490,(anonymous_81)
FN:494,(anonymous_82)
FN:500,(anonymous_83)
FN:506,(anonymous_84)
FN:509,(anonymous_85)
FN:513,(anonymous_86)
FN:519,(anonymous_87)
FN:531,(anonymous_88)
FN:534,(anonymous_89)
FN:538,(anonymous_90)
FN:544,(anonymous_91)
FN:549,(anonymous_92)
FN:552,(anonymous_93)
FN:556,(anonymous_94)
FN:562,(anonymous_95)
FN:570,(anonymous_96)
FN:576,(anonymous_97)
FN:584,(anonymous_98)
FN:585,(anonymous_99)
FN:594,(anonymous_100)
FN:604,(anonymous_101)
FN:609,(anonymous_102)
FN:610,(anonymous_103)
FNF:104
FNH:0
FNDA:0,(anonymous_0)
FNDA:0,(anonymous_1)
FNDA:0,(anonymous_2)
FNDA:0,(anonymous_3)
FNDA:0,(anonymous_4)
FNDA:0,(anonymous_5)
FNDA:0,(anonymous_6)
FNDA:0,(anonymous_7)
FNDA:0,(anonymous_8)
FNDA:0,(anonymous_9)
FNDA:0,(anonymous_10)
FNDA:0,(anonymous_11)
FNDA:0,(anonymous_12)
FNDA:0,(anonymous_13)
FNDA:0,(anonymous_14)
FNDA:0,(anonymous_15)
FNDA:0,(anonymous_16)
FNDA:0,(anonymous_17)
FNDA:0,(anonymous_18)
FNDA:0,(anonymous_19)
FNDA:0,(anonymous_20)
FNDA:0,(anonymous_21)
FNDA:0,(anonymous_22)
FNDA:0,(anonymous_23)
FNDA:0,(anonymous_24)
FNDA:0,(anonymous_25)
FNDA:0,(anonymous_26)
FNDA:0,(anonymous_27)
FNDA:0,(anonymous_28)
FNDA:0,(anonymous_29)
FNDA:0,(anonymous_30)
FNDA:0,(anonymous_31)
FNDA:0,(anonymous_32)
FNDA:0,(anonymous_33)
FNDA:0,(anonymous_34)
FNDA:0,(anonymous_35)
FNDA:0,(anonymous_36)
FNDA:0,(anonymous_37)
FNDA:0,(anonymous_38)
FNDA:0,(anonymous_39)
FNDA:0,(anonymous_40)
FNDA:0,(anonymous_41)
FNDA:0,(anonymous_42)
FNDA:0,(anonymous_43)
FNDA:0,(anonymous_44)
FNDA:0,(anonymous_45)
FNDA:0,(anonymous_46)
FNDA:0,(anonymous_47)
FNDA:0,(anonymous_48)
FNDA:0,(anonymous_49)
FNDA:0,(anonymous_50)
FNDA:0,(anonymous_51)
FNDA:0,(anonymous_52)
FNDA:0,(anonymous_53)
FNDA:0,(anonymous_54)
FNDA:0,(anonymous_55)
FNDA:0,(anonymous_56)
FNDA:0,(anonymous_57)
FNDA:0,(anonymous_58)
FNDA:0,(anonymous_59)
FNDA:0,(anonymous_60)
FNDA:0,(anonymous_61)
FNDA:0,(anonymous_62)
FNDA:0,(anonymous_63)
FNDA:0,(anonymous_64)
FNDA:0,(anonymous_65)
FNDA:0,(anonymous_66)
FNDA:0,(anonymous_67)
FNDA:0,(anonymous_68)
FNDA:0,(anonymous_69)
FNDA:0,(anonymous_70)
FNDA:0,(anonymous_71)
FNDA:0,(anonymous_72)
FNDA:0,(anonymous_73)
FNDA:0,(anonymous_74)
FNDA:0,(anonymous_75)
FNDA:0,(anonymous_76)
FNDA:0,(anonymous_77)
FNDA:0,(anonymous_78)
FNDA:0,(anonymous_79)
FNDA:0,(anonymous_80)
FNDA:0,(anonymous_81)
FNDA:0,(anonymous_82)
FNDA:0,(anonymous_83)
FNDA:0,(anonymous_84)
FNDA:0,(anonymous_85)
FNDA:0,(anonymous_86)
FNDA:0,(anonymous_87)
FNDA:0,(anonymous_88)
FNDA:0,(anonymous_89)
FNDA:0,(anonymous_90)
FNDA:0,(anonymous_91)
FNDA:0,(anonymous_92)
FNDA:0,(anonymous_93)
FNDA:0,(anonymous_94)
FNDA:0,(anonymous_95)
FNDA:0,(anonymous_96)
FNDA:0,(anonymous_97)
FNDA:0,(anonymous_98)
FNDA:0,(anonymous_99)
FNDA:0,(anonymous_100)
FNDA:0,(anonymous_101)
FNDA:0,(anonymous_102)
FNDA:0,(anonymous_103)
DA:19,0
DA:20,0
DA:21,0
DA:26,0
DA:28,0
DA:29,0
DA:30,0
DA:31,0
DA:32,0
DA:33,0
DA:36,0
DA:37,0
DA:39,0
DA:40,0
DA:41,0
DA:42,0
DA:45,0
DA:46,0
DA:47,0
DA:48,0
DA:49,0
DA:52,0
DA:53,0
DA:54,0
DA:57,0
DA:58,0
DA:59,0
DA:60,0
DA:64,0
DA:65,0
DA:66,0
DA:67,0
DA:71,0
DA:72,0
DA:73,0
DA:74,0
DA:78,0
DA:79,0
DA:80,0
DA:81,0
DA:84,0
DA:87,0
DA:88,0
DA:94,0
DA:95,0
DA:97,0
DA:102,0
DA:103,0
DA:104,0
DA:106,0
DA:112,0
DA:113,0
DA:115,0
DA:116,0
DA:122,0
DA:123,0
DA:129,0
DA:130,0
DA:131,0
DA:133,0
DA:134,0
DA:136,0
DA:137,0
DA:140,0
DA:141,0
DA:147,0
DA:148,0
DA:149,0
DA:150,0
DA:152,0
DA:153,0
DA:155,0
DA:156,0
DA:159,0
DA:160,0
DA:166,0
DA:167,0
DA:168,0
DA:170,0
DA:171,0
DA:173,0
DA:174,0
DA:177,0
DA:178,0
DA:184,0
DA:185,0
DA:186,0
DA:189,0
DA:191,0
DA:192,0
DA:193,0
DA:195,0
DA:196,0
DA:198,0
DA:199,0
DA:202,0
DA:203,0
DA:209,0
DA:210,0
DA:211,0
DA:213,0
DA:214,0
DA:216,0
DA:217,0
DA:220,0
DA:221,0
DA:228,0
DA:229,0
DA:230,0
DA:232,0
DA:238,0
DA:239,0
DA:241,0
DA:242,0
DA:248,0
DA:249,0
DA:255,0
DA:256,0
DA:257,0
DA:259,0
DA:260,0
DA:262,0
DA:263,0
DA:266,0
DA:267,0
DA:273,0
DA:274,0
DA:275,0
DA:277,0
DA:278,0
DA:280,0
DA:282,0
DA:283,0
DA:285,0
DA:288,0
DA:289,0
DA:295,0
DA:296,0
DA:298,0
DA:299,0
DA:304,0
DA:305,0
DA:306,0
DA:309,0
DA:311,0
DA:312,0
DA:313,0
DA:315,0
DA:316,0
DA:318,0
DA:319,0
DA:322,0
DA:323,0
DA:330,0
DA:331,0
DA:332,0
DA:335,0
DA:336,0
DA:337,0
DA:341,0
DA:342,0
DA:343,0
DA:345,0
DA:346,0
DA:348,0
DA:349,0
DA:352,0
DA:353,0
DA:360,0
DA:361,0
DA:362,0
DA:364,0
DA:365,0
DA:367,0
DA:368,0
DA:374,0
DA:375,0
DA:381,0
DA:382,0
DA:383,0
DA:385,0
DA:386,0
DA:388,0
DA:389,0
DA:392,0
DA:393,0
DA:399,0
DA:400,0
DA:401,0
DA:402,0
DA:404,0
DA:405,0
DA:407,0
DA:408,0
DA:411,0
DA:412,0
DA:418,0
DA:419,0
DA:420,0
DA:423,0
DA:425,0
DA:426,0
DA:427,0
DA:429,0
DA:430,0
DA:432,0
DA:433,0
DA:436,0
DA:437,0
DA:443,0
DA:444,0
DA:445,0
DA:447,0
DA:448,0
DA:450,0
DA:451,0
DA:454,0
DA:455,0
DA:462,0
DA:463,0
DA:464,0
DA:466,0
DA:467,0
DA:469,0
DA:470,0
DA:476,0
DA:477,0
DA:483,0
DA:484,0
DA:485,0
DA:487,0
DA:488,0
DA:490,0
DA:491,0
DA:494,0
DA:495,0
DA:501,0
DA:502,0
DA:503,0
DA:504,0
DA:506,0
DA:507,0
DA:509,0
DA:510,0
DA:513,0
DA:514,0
DA:520,0
DA:521,0
DA:522,0
DA:525,0
DA:527,0
DA:528,0
DA:529,0
DA:531,0
DA:532,0
DA:534,0
DA:535,0
DA:538,0
DA:539,0
DA:545,0
DA:546,0
DA:547,0
DA:549,0
DA:550,0
DA:552,0
DA:553,0
DA:556,0
DA:557,0
DA:563,0
DA:564,0
DA:565,0
DA:566,0
DA:573,0
DA:581,0
DA:582,0
DA:583,0
DA:584,0
DA:585,0
DA:587,0
DA:600,0
DA:601,0
DA:604,0
DA:605,0
DA:606,0
DA:609,0
DA:610,0
DA:611,0
DA:612,0
DA:614,0
DA:621,0
DA:622,0
LF:291
LH:0
BRDA:29,0,0,0
BRDA:29,0,1,0
BRDA:57,1,0,0
BRDA:57,1,1,0
BRDA:64,2,0,0
BRDA:64,2,1,0
BRDA:71,3,0,0
BRDA:71,3,1,0
BRDA:78,4,0,0
BRDA:78,4,1,0
BRDA:94,5,0,0
BRDA:94,5,1,0
BRDA:108,6,0,0
BRDA:108,6,1,0
BRDA:109,7,0,0
BRDA:109,7,1,0
BRDA:137,8,0,0
BRDA:137,8,1,0
BRDA:156,9,0,0
BRDA:156,9,1,0
BRDA:185,10,0,0
BRDA:185,10,1,0
BRDA:235,11,0,0
BRDA:235,11,1,0
BRDA:263,12,0,0
BRDA:263,12,1,0
BRDA:305,13,0,0
BRDA:305,13,1,0
BRDA:389,14,0,0
BRDA:389,14,1,0
BRDA:419,15,0,0
BRDA:419,15,1,0
BRDA:491,16,0,0
BRDA:491,16,1,0
BRDA:521,17,0,0
BRDA:521,17,1,0
BRDA:563,18,0,0
BRDA:563,18,1,0
BRDA:612,19,0,0
BRDA:612,19,1,0
BRF:40
BRH:0
end_of_record
TN:
SF:src/styles/theme.ts
FNF:0
FNH:0
DA:1,0
LF:1
LH:0
BRF:0
BRH:0
end_of_record
TN:
SF:src/types/Analytics.ts
FNF:0
FNH:0
LF:0
LH:0
BRF:0
BRH:0
end_of_record
TN:
SF:src/types/Cloud.ts
FN:363,(anonymous_0)
FN:374,(anonymous_1)
FN:385,(anonymous_2)
FNF:3
FNH:0
FNDA:0,(anonymous_0)
FNDA:0,(anonymous_1)
FNDA:0,(anonymous_2)
DA:368,0
DA:369,0
DA:379,0
DA:380,0
DA:389,0
DA:390,0
LF:6
LH:0
BRDA:377,0,0,0
BRF:1
BRH:0
end_of_record
TN:
SF:src/types/Sync.ts
FNF:0
FNH:0
LF:0
LH:0
BRF:0
BRH:0
end_of_record
TN:
SF:src/types/auth.ts
FNF:0
FNH:0
DA:91,0
LF:1
LH:0
BRF:0
BRH:0
end_of_record
TN:
SF:src/types/documents.ts
FNF:0
FNH:0
LF:0
LH:0
BRF:0
BRH:0
end_of_record
TN:
SF:src/types/index.ts
FNF:0
FNH:0
LF:0
LH:0
BRF:0
BRH:0
end_of_record
TN:
SF:src/types/inventory.ts
FNF:0
FNH:0
LF:0
LH:0
BRF:0
BRH:0
end_of_record
TN:
SF:src/utils/responsive.ts
FN:39,(anonymous_0)
FN:43,(anonymous_1)
FN:48,(anonymous_2)
FN:55,(anonymous_3)
FN:62,(anonymous_4)
FN:70,(anonymous_5)
FN:77,(anonymous_6)
FN:86,(anonymous_7)
FN:101,(anonymous_8)
FN:108,(anonymous_9)
FN:121,(anonymous_10)
FN:146,(anonymous_11)
FN:160,(anonymous_12)
FN:188,(anonymous_13)
FN:241,(anonymous_14)
FNF:15
FNH:0
FNDA:0,(anonymous_0)
FNDA:0,(anonymous_1)
FNDA:0,(anonymous_2)
FNDA:0,(anonymous_3)
FNDA:0,(anonymous_4)
FNDA:0,(anonymous_5)
FNDA:0,(anonymous_6)
FNDA:0,(anonymous_7)
FNDA:0,(anonymous_8)
FNDA:0,(anonymous_9)
FNDA:0,(anonymous_10)
FNDA:0,(anonymous_11)
FNDA:0,(anonymous_12)
FNDA:0,(anonymous_13)
FNDA:0,(anonymous_14)
DA:3,0
DA:6,0
DA:16,0
DA:25,0
DA:26,0
DA:27,0
DA:28,0
DA:29,0
DA:32,0
DA:33,0
DA:34,0
DA:35,0
DA:36,0
DA:39,0
DA:40,0
DA:43,0
DA:44,0
DA:48,0
DA:49,0
DA:50,0
DA:51,0
DA:55,0
DA:56,0
DA:57,0
DA:58,0
DA:62,0
DA:63,0
DA:64,0
DA:65,0
DA:66,0
DA:70,0
DA:71,0
DA:72,0
DA:73,0
DA:77,0
DA:78,0
DA:79,0
DA:80,0
DA:81,0
DA:82,0
DA:86,0
DA:87,0
DA:88,0
DA:89,0
DA:90,0
DA:91,0
DA:95,0
DA:101,0
DA:102,0
DA:103,0
DA:104,0
DA:108,0
DA:109,0
DA:114,0
DA:121,0
DA:122,0
DA:123,0
DA:130,0
DA:131,0
DA:138,0
DA:146,0
DA:147,0
DA:148,0
DA:149,0
DA:151,0
DA:160,0
DA:161,0
DA:162,0
DA:170,0
DA:171,0
DA:179,0
DA:188,0
DA:190,0
DA:191,0
DA:193,0
DA:194,0
DA:197,0
DA:201,0
DA:215,0
DA:225,0
DA:241,0
DA:242,0
LF:82
LH:0
BRDA:26,0,0,0
BRDA:26,0,1,0
BRDA:27,1,0,0
BRDA:27,1,1,0
BRDA:28,2,0,0
BRDA:28,2,1,0
BRDA:34,3,0,0
BRDA:34,3,1,0
BRDA:56,4,0,0
BRDA:56,4,1,0
BRDA:57,5,0,0
BRDA:57,5,1,0
BRDA:63,6,0,0
BRDA:63,6,1,0
BRDA:64,7,0,0
BRDA:64,7,1,0
BRDA:65,8,0,0
BRDA:65,8,1,0
BRDA:70,9,0,0
BRDA:78,10,0,0
BRDA:78,10,1,0
BRDA:79,11,0,0
BRDA:79,11,1,0
BRDA:80,12,0,0
BRDA:80,12,1,0
BRDA:81,13,0,0
BRDA:81,13,1,0
BRDA:87,14,0,0
BRDA:87,14,1,0
BRDA:88,15,0,0
BRDA:88,15,1,0
BRDA:89,16,0,0
BRDA:89,16,1,0
BRDA:90,17,0,0
BRDA:90,17,1,0
BRDA:102,18,0,0
BRDA:102,18,1,0
BRDA:102,19,0,0
BRDA:102,19,1,0
BRDA:103,20,0,0
BRDA:103,20,1,0
BRDA:110,21,0,0
BRDA:110,21,1,0
BRDA:110,22,0,0
BRDA:110,22,1,0
BRDA:111,23,0,0
BRDA:111,23,1,0
BRDA:111,24,0,0
BRDA:111,24,1,0
BRDA:122,25,0,0
BRDA:122,25,1,0
BRDA:130,26,0,0
BRDA:130,26,1,0
BRDA:161,27,0,0
BRDA:161,27,1,0
BRDA:170,28,0,0
BRDA:170,28,1,0
BRDA:193,29,0,0
BRDA:193,29,1,0
BRDA:193,30,0,0
BRDA:193,30,1,0
BRDA:244,31,0,0
BRDA:244,31,1,0
BRDA:245,32,0,0
BRDA:245,32,1,0
BRDA:245,33,0,0
BRDA:245,33,1,0
BRF:67
BRH:0
end_of_record
TN:
SF:src/utils/ux.ts
FN:7,(anonymous_0)
FN:24,(anonymous_1)
FN:37,(anonymous_2)
FN:50,(anonymous_3)
FN:61,(anonymous_4)
FN:85,(anonymous_5)
FN:121,(anonymous_6)
FN:125,(anonymous_7)
FN:129,(anonymous_8)
FN:133,(anonymous_9)
FN:190,(anonymous_10)
FN:192,(anonymous_11)
FN:194,(anonymous_12)
FN:199,(anonymous_13)
FN:201,(anonymous_14)
FN:211,(anonymous_15)
FN:215,(anonymous_16)
FN:226,(anonymous_17)
FN:240,(anonymous_18)
FN:259,(anonymous_19)
FN:277,(anonymous_20)
FN:282,(anonymous_21)
FN:287,(anonymous_22)
FN:291,(anonymous_23)
FN:295,(anonymous_24)
FN:299,(anonymous_25)
FN:303,(anonymous_26)
FN:311,(anonymous_27)
FN:314,(anonymous_28)
FN:323,(anonymous_29)
FN:337,(anonymous_30)
FN:340,(anonymous_31)
FN:357,(anonymous_32)
FN:370,(anonymous_33)
FN:378,(anonymous_34)
FN:380,(anonymous_35)
FN:385,(anonymous_36)
FN:389,(anonymous_37)
FN:395,(anonymous_38)
FN:409,(anonymous_39)
FN:425,(anonymous_40)
FN:433,(anonymous_41)
FNF:42
FNH:0
FNDA:0,(anonymous_0)
FNDA:0,(anonymous_1)
FNDA:0,(anonymous_2)
FNDA:0,(anonymous_3)
FNDA:0,(anonymous_4)
FNDA:0,(anonymous_5)
FNDA:0,(anonymous_6)
FNDA:0,(anonymous_7)
FNDA:0,(anonymous_8)
FNDA:0,(anonymous_9)
FNDA:0,(anonymous_10)
FNDA:0,(anonymous_11)
FNDA:0,(anonymous_12)
FNDA:0,(anonymous_13)
FNDA:0,(anonymous_14)
FNDA:0,(anonymous_15)
FNDA:0,(anonymous_16)
FNDA:0,(anonymous_17)
FNDA:0,(anonymous_18)
FNDA:0,(anonymous_19)
FNDA:0,(anonymous_20)
FNDA:0,(anonymous_21)
FNDA:0,(anonymous_22)
FNDA:0,(anonymous_23)
FNDA:0,(anonymous_24)
FNDA:0,(anonymous_25)
FNDA:0,(anonymous_26)
FNDA:0,(anonymous_27)
FNDA:0,(anonymous_28)
FNDA:0,(anonymous_29)
FNDA:0,(anonymous_30)
FNDA:0,(anonymous_31)
FNDA:0,(anonymous_32)
FNDA:0,(anonymous_33)
FNDA:0,(anonymous_34)
FNDA:0,(anonymous_35)
FNDA:0,(anonymous_36)
FNDA:0,(anonymous_37)
FNDA:0,(anonymous_38)
FNDA:0,(anonymous_39)
FNDA:0,(anonymous_40)
FNDA:0,(anonymous_41)
DA:8,0
DA:9,0
DA:10,0
DA:13,0
DA:14,0
DA:15,0
DA:20,0
DA:25,0
DA:26,0
DA:27,0
DA:28,0
DA:29,0
DA:30,0
DA:33,0
DA:38,0
DA:39,0
DA:40,0
DA:41,0
DA:42,0
DA:43,0
DA:46,0
DA:51,0
DA:52,0
DA:53,0
DA:54,0
DA:57,0
DA:62,0
DA:63,0
DA:64,0
DA:65,0
DA:68,0
DA:74,0
DA:86,0
DA:87,0
DA:94,0
DA:101,0
DA:103,0
DA:104,0
DA:106,0
DA:107,0
DA:109,0
DA:110,0
DA:112,0
DA:115,0
DA:117,0
DA:122,0
DA:126,0
DA:130,0
DA:134,0
DA:139,0
DA:188,0
DA:192,0
DA:193,0
DA:194,0
DA:200,0
DA:201,0
DA:202,0
DA:203,0
DA:204,0
DA:205,0
DA:212,0
DA:215,0
DA:216,0
DA:217,0
DA:219,0
DA:221,0
DA:222,0
DA:223,0
DA:226,0
DA:227,0
DA:228,0
DA:232,0
DA:238,0
DA:241,0
DA:264,0
DA:276,0
DA:278,0
DA:279,0
DA:283,0
DA:284,0
DA:288,0
DA:292,0
DA:296,0
DA:300,0
DA:304,0
DA:309,0
DA:312,0
DA:314,0
DA:315,0
DA:316,0
DA:318,0
DA:324,0
DA:326,0
DA:338,0
DA:340,0
DA:341,0
DA:343,0
DA:344,0
DA:347,0
DA:348,0
DA:349,0
DA:355,0
DA:358,0
DA:359,0
DA:360,0
DA:361,0
DA:362,0
DA:363,0
DA:365,0
DA:371,0
DA:372,0
DA:373,0
DA:379,0
DA:381,0
DA:382,0
DA:386,0
DA:390,0
DA:391,0
DA:392,0
DA:396,0
DA:397,0
DA:400,0
DA:407,0
DA:410,0
DA:411,0
DA:412,0
DA:413,0
DA:414,0
DA:416,0
DA:417,0
DA:418,0
DA:419,0
DA:421,0
DA:426,0
DA:434,0
DA:435,0
DA:438,0
DA:439,0
DA:440,0
DA:441,0
DA:444,0
LF:141
LH:0
BRDA:10,0,0,0
BRDA:10,0,1,0
BRDA:10,1,0,0
BRDA:10,1,1,0
BRDA:14,2,0,0
BRDA:14,2,1,0
BRDA:27,3,0,0
BRDA:27,3,1,0
BRDA:27,4,0,0
BRDA:27,4,1,0
BRDA:29,5,0,0
BRDA:29,5,1,0
BRDA:40,6,0,0
BRDA:40,6,1,0
BRDA:40,7,0,0
BRDA:40,7,1,0
BRDA:42,8,0,0
BRDA:42,8,1,0
BRDA:53,9,0,0
BRDA:53,9,1,0
BRDA:53,10,0,0
BRDA:53,10,1,0
BRDA:64,11,0,0
BRDA:64,11,1,0
BRDA:64,12,0,0
BRDA:64,12,1,0
BRDA:85,13,0,0
BRDA:101,14,0,0
BRDA:101,14,1,0
BRDA:101,14,2,0
BRDA:101,14,3,0
BRDA:190,15,0,0
BRDA:199,16,0,0
BRDA:203,17,0,0
BRDA:203,17,1,0
BRDA:211,18,0,0
BRDA:219,19,0,0
BRDA:219,19,1,0
BRDA:219,20,0,0
BRDA:219,20,1,0
BRDA:243,21,0,0
BRDA:243,21,1,0
BRDA:261,22,0,0
BRDA:268,23,0,0
BRDA:268,23,1,0
BRDA:269,24,0,0
BRDA:269,24,1,0
BRDA:270,25,0,0
BRDA:270,25,1,0
BRDA:271,26,0,0
BRDA:271,26,1,0
BRDA:284,27,0,0
BRDA:284,27,1,0
BRDA:315,28,0,0
BRDA:315,28,1,0
BRDA:328,29,0,0
BRDA:328,29,1,0
BRDA:329,30,0,0
BRDA:329,30,1,0
BRDA:341,31,0,0
BRDA:341,31,1,0
BRDA:343,32,0,0
BRDA:343,32,1,0
BRDA:358,33,0,0
BRDA:358,33,1,0
BRDA:360,34,0,0
BRDA:360,34,1,0
BRDA:362,35,0,0
BRDA:362,35,1,0
BRDA:372,36,0,0
BRDA:372,36,1,0
BRDA:396,37,0,0
BRDA:396,37,1,0
BRDA:416,38,0,0
BRDA:416,38,1,0
BRDA:417,39,0,0
BRDA:417,39,1,0
BRDA:417,40,0,0
BRDA:417,40,1,0
BRDA:418,41,0,0
BRDA:418,41,1,0
BRDA:418,42,0,0
BRDA:418,42,1,0
BRDA:419,43,0,0
BRDA:419,43,1,0
BRDA:419,44,0,0
BRDA:419,44,1,0
BRDA:425,45,0,0
BRDA:425,46,0,0
BRDA:434,47,0,0
BRDA:434,47,1,0
BRDA:438,48,0,0
BRDA:438,48,1,0
BRDA:440,49,0,0
BRDA:440,49,1,0
BRF:95
BRH:0
end_of_record
